2025-08-18 23:22:19,040 - INFO - 🎯 Training Started: 3 episodes across 2 symbols
2025-08-18 23:22:19,040 - INFO - ================================================================================
2025-08-18 23:22:19,040 - INFO - TRAINING SESSION STARTED
2025-08-18 23:22:19,040 - INFO - ================================================================================
2025-08-18 23:22:19,040 - INFO - Total Episodes: 3
2025-08-18 23:22:19,040 - INFO - Symbols: ['Bank_Nifty_5', 'RELIANCE_1']
2025-08-18 23:22:19,040 - INFO - Configuration Hash: unknown
2025-08-18 23:22:19,040 - INFO - Iteration Directory: research/results\iteration_002
2025-08-18 23:22:19,040 - INFO - ================================================================================
2025-08-18 23:22:19,040 - INFO - 
--- EPISODE 1 START ---
2025-08-18 23:22:19,040 - INFO - Symbol: Bank_Nifty_5
2025-08-18 23:22:19,040 - INFO - Initial Capital: ₹100,000.00
2025-08-18 23:22:19,040 - INFO - Start Time: 2025-08-18 23:22:19
2025-08-18 23:22:19,609 - DEBUG - STEP    1 | 18 August 02:27:16 | Bank_Nifty_5 | SELL_SHORT | Qty: 100.0 | Capital: Rs100,000 -> Rs99,975 | P&L: Rs-25 | WR: 0.0% | Entry: N/A | SL: N/A | Target: N/A | Reward: -0.0025
2025-08-18 23:22:19,933 - DEBUG - STEP    2 | 18 August 02:32:16 | Bank_Nifty_5 | CLOSE_SHORT | Qty: 100.0 | Capital: Rs100,000 -> Rs285,597 | P&L: Rs185,597 | WR: 100.0% | Entry: N/A | SL: N/A | Target: N/A | Reward: 18.5676
2025-08-18 23:22:20,246 - DEBUG - STEP    3 | 18 August 02:37:16 | Bank_Nifty_5 | BUY_LONG | Qty: 100.0 | Capital: Rs100,000 -> Rs285,572 | P&L: Rs185,572 | WR: 100.0% | Entry: N/A | SL: N/A | Target: N/A | Reward: 0.0025
2025-08-18 23:22:20,558 - DEBUG - STEP    4 | 18 August 02:42:16 | Bank_Nifty_5 | CLOSE_LONG | Qty: 100.0 | Capital: Rs100,000 -> Rs1,233,550 | P&L: Rs1,133,550 | WR: 100.0% | Entry: N/A | SL: N/A | Target: N/A | Reward: 94.8033
2025-08-18 23:22:20,873 - DEBUG - STEP    5 | 18 August 02:47:16 | Bank_Nifty_5 | SELL_SHORT | Qty: 100.0 | Capital: Rs100,000 -> Rs1,233,525 | P&L: Rs1,133,525 | WR: 100.0% | Entry: N/A | SL: N/A | Target: N/A | Reward: 0.0025
2025-08-18 23:22:21,173 - DEBUG - STEP    6 | 18 August 02:52:16 | Bank_Nifty_5 | CLOSE_SHORT | Qty: 100.0 | Capital: Rs100,000 -> Rs1,660,210 | P&L: Rs1,560,210 | WR: 100.0% | Entry: N/A | SL: N/A | Target: N/A | Reward: 1082.8637
2025-08-18 23:22:21,439 - DEBUG - STEP    7 | 18 August 02:57:16 | Bank_Nifty_5 | SELL_SHORT | Qty: 100.0 | Capital: Rs100,000 -> Rs1,660,185 | P&L: Rs1,560,185 | WR: 100.0% | Entry: N/A | SL: N/A | Target: N/A | Reward: 1040.1922
2025-08-18 23:22:21,976 - DEBUG - STEP    8 | 18 August 03:02:16 | Bank_Nifty_5 | HOLD | Qty: 100.0 | Capital: Rs100,000 -> Rs1,660,185 | P&L: Rs1,560,185 | WR: 100.0% | Entry: N/A | SL: N/A | Target: N/A | Reward: 737.5986
2025-08-18 23:22:22,244 - DEBUG - STEP    9 | 18 August 03:07:16 | Bank_Nifty_5 | CLOSE_SHORT | Qty: 100.0 | Capital: Rs100,000 -> Rs2,288,808 | P&L: Rs2,188,808 | WR: 100.0% | Entry: N/A | SL: N/A | Target: N/A | Reward: 1157.3221
2025-08-18 23:22:22,459 - DEBUG - STEP   10 | 18 August 03:12:16 | Bank_Nifty_5 | HOLD | Qty: 100.0 | Capital: Rs100,000 -> Rs2,288,808 | P&L: Rs2,188,808 | WR: 100.0% | Entry: N/A | SL: N/A | Target: N/A | Reward: 1094.4592
2025-08-18 23:22:22,656 - DEBUG - STEP   11 | 18 August 03:17:16 | Bank_Nifty_5 | SELL_SHORT | Qty: 100.0 | Capital: Rs100,000 -> Rs2,288,783 | P&L: Rs2,188,783 | WR: 100.0% | Entry: N/A | SL: N/A | Target: N/A | Reward: 1094.4567
2025-08-18 23:22:22,893 - DEBUG - STEP   12 | 18 August 03:22:16 | Bank_Nifty_5 | CLOSE_SHORT | Qty: 100.0 | Capital: Rs100,000 -> Rs1,732,589 | P&L: Rs1,632,589 | WR: 80.0% | Entry: N/A | SL: N/A | Target: N/A | Reward: -55.5775
2025-08-18 23:22:22,895 - INFO - --- EPISODE 1 SUMMARY ---
2025-08-18 23:22:22,896 - INFO - Duration: 3.85 seconds
2025-08-18 23:22:22,896 - INFO - Total Steps: 12
2025-08-18 23:22:22,896 - INFO - Final Capital: ₹1,732,589.30
2025-08-18 23:22:22,896 - INFO - Total P&L: ₹1,632,589.30
2025-08-18 23:22:22,896 - INFO - Episode Win Rate: 80.00%
2025-08-18 23:22:22,896 - INFO - Total Trades: 0
2025-08-18 23:22:22,896 - INFO - 
--- EPISODE 2 START ---
2025-08-18 23:22:22,896 - INFO - Symbol: RELIANCE_1
2025-08-18 23:22:22,896 - INFO - Initial Capital: ₹100,000.00
2025-08-18 23:22:22,896 - INFO - Start Time: 2025-08-18 23:22:22
2025-08-18 23:22:23,443 - DEBUG - STEP    1 | 18 August 02:27:16 | RELIANCE_1 | BUY_LONG | Qty: 100.0 | Capital: Rs100,000 -> Rs99,975 | P&L: Rs-25 | WR: 0.0% | Entry: N/A | SL: N/A | Target: N/A | Reward: -0.0253
2025-08-18 23:22:23,637 - DEBUG - STEP    2 | 18 August 02:32:16 | RELIANCE_1 | HOLD | Qty: 100.0 | Capital: Rs100,000 -> Rs99,975 | P&L: Rs-25 | WR: 0.0% | Entry: N/A | SL: N/A | Target: N/A | Reward: -5.1139
2025-08-18 23:22:23,832 - DEBUG - STEP    3 | 18 August 02:37:16 | RELIANCE_1 | CLOSE_LONG | Qty: 100.0 | Capital: Rs100,000 -> Rs97,074 | P&L: Rs-2,926 | WR: 0.0% | Entry: N/A | SL: N/A | Target: N/A | Reward: -2.9332
2025-08-18 23:22:24,041 - DEBUG - STEP    4 | 18 August 02:42:16 | RELIANCE_1 | BUY_LONG | Qty: 100.0 | Capital: Rs100,000 -> Rs97,049 | P&L: Rs-2,951 | WR: 0.0% | Entry: N/A | SL: N/A | Target: N/A | Reward: -0.0552
2025-08-18 23:22:24,238 - DEBUG - STEP    5 | 18 August 02:47:16 | RELIANCE_1 | CLOSE_LONG | Qty: 100.0 | Capital: Rs100,000 -> Rs95,449 | P&L: Rs-4,551 | WR: 0.0% | Entry: N/A | SL: N/A | Target: N/A | Reward: -1.6343
2025-08-18 23:22:24,452 - DEBUG - STEP    6 | 18 August 02:52:16 | RELIANCE_1 | HOLD | Qty: 100.0 | Capital: Rs100,000 -> Rs95,449 | P&L: Rs-4,551 | WR: 0.0% | Entry: N/A | SL: N/A | Target: N/A | Reward: -0.0325
2025-08-18 23:22:24,627 - DEBUG - STEP    7 | 18 August 02:57:16 | RELIANCE_1 | HOLD | Qty: 100.0 | Capital: Rs100,000 -> Rs95,449 | P&L: Rs-4,551 | WR: 0.0% | Entry: N/A | SL: N/A | Target: N/A | Reward: -0.0324
2025-08-18 23:22:24,823 - DEBUG - STEP    8 | 18 August 03:02:16 | RELIANCE_1 | HOLD | Qty: 100.0 | Capital: Rs100,000 -> Rs95,449 | P&L: Rs-4,551 | WR: 0.0% | Entry: N/A | SL: N/A | Target: N/A | Reward: -0.0324
2025-08-18 23:22:25,221 - DEBUG - STEP    9 | 18 August 03:07:16 | RELIANCE_1 | HOLD | Qty: 100.0 | Capital: Rs100,000 -> Rs95,449 | P&L: Rs-4,551 | WR: 0.0% | Entry: N/A | SL: N/A | Target: N/A | Reward: -0.0323
2025-08-18 23:22:25,440 - DEBUG - STEP   10 | 18 August 03:12:16 | RELIANCE_1 | SELL_SHORT | Qty: 100.0 | Capital: Rs100,000 -> Rs95,424 | P&L: Rs-4,576 | WR: 0.0% | Entry: N/A | SL: N/A | Target: N/A | Reward: -0.0573
2025-08-18 23:22:25,657 - DEBUG - STEP   11 | 18 August 03:17:16 | RELIANCE_1 | HOLD | Qty: 100.0 | Capital: Rs100,000 -> Rs95,424 | P&L: Rs-4,576 | WR: 0.0% | Entry: N/A | SL: N/A | Target: N/A | Reward: -1.4100
2025-08-18 23:22:25,846 - DEBUG - STEP   12 | 18 August 03:22:16 | RELIANCE_1 | HOLD | Qty: 100.0 | Capital: Rs100,000 -> Rs95,424 | P&L: Rs-4,576 | WR: 0.0% | Entry: N/A | SL: N/A | Target: N/A | Reward: -1.9153
2025-08-18 23:22:26,048 - DEBUG - STEP   13 | 18 August 03:27:16 | RELIANCE_1 | CLOSE_SHORT | Qty: 100.0 | Capital: Rs100,000 -> Rs95,177 | P&L: Rs-4,823 | WR: 0.0% | Entry: N/A | SL: N/A | Target: N/A | Reward: -0.4308
2025-08-18 23:22:26,246 - DEBUG - STEP   14 | 18 August 03:32:16 | RELIANCE_1 | HOLD | Qty: 100.0 | Capital: Rs100,000 -> Rs95,177 | P&L: Rs-4,823 | WR: 0.0% | Entry: N/A | SL: N/A | Target: N/A | Reward: -0.1825
2025-08-18 23:22:26,479 - DEBUG - STEP   15 | 18 August 03:37:16 | RELIANCE_1 | SELL_SHORT | Qty: 100.0 | Capital: Rs100,000 -> Rs95,152 | P&L: Rs-4,848 | WR: 0.0% | Entry: N/A | SL: N/A | Target: N/A | Reward: -0.2075
2025-08-18 23:22:26,737 - DEBUG - STEP   16 | 18 August 03:42:16 | RELIANCE_1 | CLOSE_SHORT | Qty: 100.0 | Capital: Rs100,000 -> Rs95,668 | P&L: Rs-4,332 | WR: 25.0% | Entry: N/A | SL: N/A | Target: N/A | Reward: 0.3706
2025-08-18 23:22:26,965 - DEBUG - STEP   17 | 18 August 03:47:16 | RELIANCE_1 | BUY_LONG | Qty: 100.0 | Capital: Rs100,000 -> Rs95,643 | P&L: Rs-4,357 | WR: 25.0% | Entry: N/A | SL: N/A | Target: N/A | Reward: -0.1759
2025-08-18 23:22:27,188 - DEBUG - STEP   18 | 18 August 03:52:16 | RELIANCE_1 | CLOSE_LONG | Qty: 100.0 | Capital: Rs100,000 -> Rs99,831 | P&L: Rs-169 | WR: 40.0% | Entry: N/A | SL: N/A | Target: N/A | Reward: 4.4084
2025-08-18 23:22:27,612 - DEBUG - STEP   19 | 18 August 03:57:16 | RELIANCE_1 | CLOSE_LONG | Qty: 100.0 | Capital: Rs100,000 -> Rs99,827 | P&L: Rs-173 | WR: 33.3% | Entry: N/A | SL: N/A | Target: N/A | Reward: 0.0075
2025-08-18 23:22:27,812 - DEBUG - STEP   20 | 18 August 04:02:16 | RELIANCE_1 | HOLD | Qty: 100.0 | Capital: Rs100,000 -> Rs99,827 | P&L: Rs-173 | WR: 33.3% | Entry: N/A | SL: N/A | Target: N/A | Reward: 0.0122
2025-08-18 23:22:28,079 - DEBUG - STEP   21 | 18 August 04:07:16 | RELIANCE_1 | SELL_SHORT | Qty: 100.0 | Capital: Rs100,000 -> Rs99,802 | P&L: Rs-198 | WR: 33.3% | Entry: N/A | SL: N/A | Target: N/A | Reward: -0.0127
2025-08-18 23:22:28,815 - DEBUG - STEP   22 | 18 August 04:12:16 | RELIANCE_1 | HOLD | Qty: 100.0 | Capital: Rs100,000 -> Rs99,802 | P&L: Rs-198 | WR: 33.3% | Entry: N/A | SL: N/A | Target: N/A | Reward: -3.5326
2025-08-18 23:22:29,042 - DEBUG - STEP   23 | 18 August 04:17:16 | RELIANCE_1 | CLOSE_SHORT | Qty: 100.0 | Capital: Rs100,000 -> Rs100,434 | P&L: Rs434 | WR: 42.9% | Entry: N/A | SL: N/A | Target: N/A | Reward: 0.6399
2025-08-18 23:22:29,269 - DEBUG - STEP   24 | 18 August 04:22:16 | RELIANCE_1 | SELL_SHORT | Qty: 100.0 | Capital: Rs100,000 -> Rs100,409 | P&L: Rs409 | WR: 42.9% | Entry: N/A | SL: N/A | Target: N/A | Reward: -0.0220
2025-08-18 23:22:29,499 - DEBUG - STEP   25 | 18 August 04:27:16 | RELIANCE_1 | CLOSE_SHORT | Qty: 100.0 | Capital: Rs100,000 -> Rs99,340 | P&L: Rs-660 | WR: 37.5% | Entry: N/A | SL: N/A | Target: N/A | Reward: -1.0915
2025-08-18 23:22:29,689 - DEBUG - STEP   26 | 18 August 04:32:16 | RELIANCE_1 | HOLD | Qty: 100.0 | Capital: Rs100,000 -> Rs99,340 | P&L: Rs-660 | WR: 37.5% | Entry: N/A | SL: N/A | Target: N/A | Reward: 0.0042
2025-08-18 23:22:29,892 - DEBUG - STEP   27 | 18 August 04:37:16 | RELIANCE_1 | CLOSE_SHORT | Qty: 100.0 | Capital: Rs100,000 -> Rs99,298 | P&L: Rs-702 | WR: 33.3% | Entry: N/A | SL: N/A | Target: N/A | Reward: -0.0381
2025-08-18 23:22:30,103 - DEBUG - STEP   28 | 18 August 04:42:16 | RELIANCE_1 | SELL_SHORT | Qty: 100.0 | Capital: Rs100,000 -> Rs99,273 | P&L: Rs-727 | WR: 33.3% | Entry: N/A | SL: N/A | Target: N/A | Reward: -0.0203
2025-08-18 23:22:30,306 - DEBUG - STEP   29 | 18 August 04:47:16 | RELIANCE_1 | HOLD | Qty: 100.0 | Capital: Rs100,000 -> Rs99,273 | P&L: Rs-727 | WR: 33.3% | Entry: N/A | SL: N/A | Target: N/A | Reward: 0.6100
2025-08-18 23:22:30,516 - DEBUG - STEP   30 | 18 August 04:52:16 | RELIANCE_1 | HOLD | Qty: 100.0 | Capital: Rs100,000 -> Rs99,273 | P&L: Rs-727 | WR: 33.3% | Entry: N/A | SL: N/A | Target: N/A | Reward: 0.2161
2025-08-18 23:22:30,789 - DEBUG - STEP   31 | 18 August 04:57:16 | RELIANCE_1 | CLOSE_SHORT | Qty: 100.0 | Capital: Rs100,000 -> Rs101,199 | P&L: Rs1,199 | WR: 40.0% | Entry: N/A | SL: N/A | Target: N/A | Reward: 1.9614
2025-08-18 23:22:31,054 - DEBUG - STEP   32 | 18 August 05:02:16 | RELIANCE_1 | BUY_LONG | Qty: 100.0 | Capital: Rs100,000 -> Rs101,174 | P&L: Rs1,174 | WR: 40.0% | Entry: N/A | SL: N/A | Target: N/A | Reward: 0.0054
2025-08-18 23:22:31,275 - DEBUG - STEP   33 | 18 August 05:07:16 | RELIANCE_1 | HOLD | Qty: 100.0 | Capital: Rs100,000 -> Rs101,174 | P&L: Rs1,174 | WR: 40.0% | Entry: N/A | SL: N/A | Target: N/A | Reward: 4.9585
2025-08-18 23:22:31,490 - DEBUG - STEP   34 | 18 August 05:12:16 | RELIANCE_1 | HOLD | Qty: 100.0 | Capital: Rs100,000 -> Rs101,174 | P&L: Rs1,174 | WR: 40.0% | Entry: N/A | SL: N/A | Target: N/A | Reward: 8.8261
2025-08-18 23:22:31,711 - DEBUG - STEP   35 | 18 August 05:17:16 | RELIANCE_1 | CLOSE_LONG | Qty: 100.0 | Capital: Rs100,000 -> Rs106,550 | P&L: Rs6,550 | WR: 45.5% | Entry: N/A | SL: N/A | Target: N/A | Reward: 5.7925
2025-08-18 23:22:31,927 - DEBUG - STEP   36 | 18 August 05:22:16 | RELIANCE_1 | CLOSE_LONG | Qty: 100.0 | Capital: Rs100,000 -> Rs106,991 | P&L: Rs6,991 | WR: 50.0% | Entry: N/A | SL: N/A | Target: N/A | Reward: 0.6024
2025-08-18 23:22:32,176 - DEBUG - STEP   37 | 18 August 05:27:16 | RELIANCE_1 | BUY_LONG | Qty: 100.0 | Capital: Rs100,000 -> Rs106,966 | P&L: Rs6,966 | WR: 50.0% | Entry: N/A | SL: N/A | Target: N/A | Reward: 0.1314
2025-08-18 23:22:32,376 - DEBUG - STEP   38 | 18 August 05:32:16 | RELIANCE_1 | CLOSE_LONG | Qty: 100.0 | Capital: Rs100,000 -> Rs105,256 | P&L: Rs5,256 | WR: 46.2% | Entry: N/A | SL: N/A | Target: N/A | Reward: -1.6238
2025-08-18 23:22:32,588 - DEBUG - STEP   39 | 18 August 05:37:16 | RELIANCE_1 | HOLD | Qty: 100.0 | Capital: Rs100,000 -> Rs105,256 | P&L: Rs5,256 | WR: 46.2% | Entry: N/A | SL: N/A | Target: N/A | Reward: 0.0882
2025-08-18 23:22:32,804 - DEBUG - STEP   40 | 18 August 05:42:16 | RELIANCE_1 | SELL_SHORT | Qty: 100.0 | Capital: Rs100,000 -> Rs105,231 | P&L: Rs5,231 | WR: 46.2% | Entry: N/A | SL: N/A | Target: N/A | Reward: 0.0633
2025-08-18 23:22:33,022 - DEBUG - STEP   41 | 18 August 05:47:16 | RELIANCE_1 | HOLD | Qty: 100.0 | Capital: Rs100,000 -> Rs105,231 | P&L: Rs5,231 | WR: 46.2% | Entry: N/A | SL: N/A | Target: N/A | Reward: -0.4493
2025-08-18 23:22:33,207 - DEBUG - STEP   42 | 18 August 05:52:16 | RELIANCE_1 | HOLD | Qty: 100.0 | Capital: Rs100,000 -> Rs105,231 | P&L: Rs5,231 | WR: 46.2% | Entry: N/A | SL: N/A | Target: N/A | Reward: 1.9129
2025-08-18 23:22:33,414 - DEBUG - STEP   43 | 18 August 05:57:16 | RELIANCE_1 | CLOSE_SHORT | Qty: 100.0 | Capital: Rs100,000 -> Rs108,145 | P&L: Rs8,145 | WR: 50.0% | Entry: N/A | SL: N/A | Target: N/A | Reward: 3.0617
2025-08-18 23:22:33,671 - DEBUG - STEP   44 | 18 August 06:02:16 | RELIANCE_1 | SELL_SHORT | Qty: 100.0 | Capital: Rs100,000 -> Rs108,120 | P&L: Rs8,120 | WR: 50.0% | Entry: N/A | SL: N/A | Target: N/A | Reward: 0.1178
2025-08-18 23:22:34,081 - DEBUG - STEP   45 | 18 August 06:07:16 | RELIANCE_1 | CLOSE_SHORT | Qty: 100.0 | Capital: Rs100,000 -> Rs107,795 | P&L: Rs7,795 | WR: 46.7% | Entry: N/A | SL: N/A | Target: N/A | Reward: -0.1893
2025-08-18 23:22:34,319 - DEBUG - STEP   46 | 18 August 06:12:16 | RELIANCE_1 | SELL_SHORT | Qty: 100.0 | Capital: Rs100,000 -> Rs107,770 | P&L: Rs7,770 | WR: 46.7% | Entry: N/A | SL: N/A | Target: N/A | Reward: 0.1121
2025-08-18 23:22:34,546 - DEBUG - STEP   47 | 18 August 06:17:16 | RELIANCE_1 | CLOSE_SHORT | Qty: 100.0 | Capital: Rs100,000 -> Rs111,559 | P&L: Rs11,559 | WR: 50.0% | Entry: N/A | SL: N/A | Target: N/A | Reward: 4.0121
2025-08-18 23:22:34,738 - DEBUG - STEP   48 | 18 August 06:22:16 | RELIANCE_1 | BUY_LONG | Qty: 100.0 | Capital: Rs100,000 -> Rs111,534 | P&L: Rs11,534 | WR: 50.0% | Entry: N/A | SL: N/A | Target: N/A | Reward: 0.1930
2025-08-18 23:22:34,939 - DEBUG - STEP   49 | 18 August 06:27:16 | RELIANCE_1 | HOLD | Qty: 100.0 | Capital: Rs100,000 -> Rs111,534 | P&L: Rs11,534 | WR: 50.0% | Entry: N/A | SL: N/A | Target: N/A | Reward: -0.8926
2025-08-18 23:22:35,127 - DEBUG - STEP   50 | 18 August 06:32:16 | RELIANCE_1 | HOLD | Qty: 100.0 | Capital: Rs100,000 -> Rs111,534 | P&L: Rs11,534 | WR: 50.0% | Entry: N/A | SL: N/A | Target: N/A | Reward: -0.1893
2025-08-18 23:22:35,330 - DEBUG - STEP   51 | 18 August 06:37:16 | RELIANCE_1 | HOLD | Qty: 100.0 | Capital: Rs100,000 -> Rs111,534 | P&L: Rs11,534 | WR: 50.0% | Entry: N/A | SL: N/A | Target: N/A | Reward: 2.4731
2025-08-18 23:22:35,672 - DEBUG - STEP   52 | 18 August 06:42:16 | RELIANCE_1 | CLOSE_LONG | Qty: 100.0 | Capital: Rs100,000 -> Rs113,061 | P&L: Rs13,061 | WR: 52.9% | Entry: N/A | SL: N/A | Target: N/A | Reward: 1.7728
2025-08-18 23:22:35,955 - DEBUG - STEP   53 | 18 August 06:47:16 | RELIANCE_1 | SELL_SHORT | Qty: 100.0 | Capital: Rs100,000 -> Rs113,036 | P&L: Rs13,036 | WR: 52.9% | Entry: N/A | SL: N/A | Target: N/A | Reward: 0.6966
2025-08-18 23:22:36,169 - DEBUG - STEP   54 | 18 August 06:52:16 | RELIANCE_1 | CLOSE_SHORT | Qty: 100.0 | Capital: Rs100,000 -> Rs111,960 | P&L: Rs11,960 | WR: 50.0% | Entry: N/A | SL: N/A | Target: N/A | Reward: -0.6614
2025-08-18 23:22:36,391 - DEBUG - STEP   55 | 18 August 06:57:16 | RELIANCE_1 | CLOSE_SHORT | Qty: 100.0 | Capital: Rs100,000 -> Rs111,808 | P&L: Rs11,808 | WR: 47.4% | Entry: N/A | SL: N/A | Target: N/A | Reward: 0.6518
2025-08-18 23:22:36,661 - DEBUG - STEP   56 | 18 August 07:02:16 | RELIANCE_1 | SELL_SHORT | Qty: 100.0 | Capital: Rs100,000 -> Rs111,783 | P&L: Rs11,783 | WR: 47.4% | Entry: N/A | SL: N/A | Target: N/A | Reward: 0.7793
2025-08-18 23:22:36,895 - DEBUG - STEP   57 | 18 August 07:07:16 | RELIANCE_1 | CLOSE_SHORT | Qty: 100.0 | Capital: Rs100,000 -> Rs112,033 | P&L: Rs12,033 | WR: 50.0% | Entry: N/A | SL: N/A | Target: N/A | Reward: 1.1097
2025-08-18 23:22:37,092 - DEBUG - STEP   58 | 18 August 07:12:16 | RELIANCE_1 | HOLD | Qty: 100.0 | Capital: Rs100,000 -> Rs112,033 | P&L: Rs12,033 | WR: 50.0% | Entry: N/A | SL: N/A | Target: N/A | Reward: 0.8571
2025-08-18 23:22:37,346 - DEBUG - STEP   59 | 18 August 07:17:16 | RELIANCE_1 | SELL_SHORT | Qty: 100.0 | Capital: Rs100,000 -> Rs112,008 | P&L: Rs12,008 | WR: 50.0% | Entry: N/A | SL: N/A | Target: N/A | Reward: 0.8321
2025-08-18 23:22:37,582 - DEBUG - STEP   60 | 18 August 07:22:16 | RELIANCE_1 | HOLD | Qty: 100.0 | Capital: Rs100,000 -> Rs112,008 | P&L: Rs12,008 | WR: 50.0% | Entry: N/A | SL: N/A | Target: N/A | Reward: 2.2840
2025-08-18 23:22:37,843 - DEBUG - STEP   61 | 18 August 07:27:16 | RELIANCE_1 | HOLD | Qty: 100.0 | Capital: Rs100,000 -> Rs112,008 | P&L: Rs12,008 | WR: 50.0% | Entry: N/A | SL: N/A | Target: N/A | Reward: 3.8857
2025-08-18 23:22:38,085 - DEBUG - STEP   62 | 18 August 07:32:16 | RELIANCE_1 | CLOSE_SHORT | Qty: 100.0 | Capital: Rs100,000 -> Rs114,350 | P&L: Rs14,350 | WR: 52.4% | Entry: N/A | SL: N/A | Target: N/A | Reward: 3.2929
2025-08-18 23:22:38,305 - DEBUG - STEP   63 | 18 August 07:37:16 | RELIANCE_1 | HOLD | Qty: 100.0 | Capital: Rs100,000 -> Rs114,350 | P&L: Rs14,350 | WR: 52.4% | Entry: N/A | SL: N/A | Target: N/A | Reward: 0.9463
2025-08-18 23:22:38,530 - DEBUG - STEP   64 | 18 August 07:42:16 | RELIANCE_1 | HOLD | Qty: 100.0 | Capital: Rs100,000 -> Rs114,350 | P&L: Rs14,350 | WR: 52.4% | Entry: N/A | SL: N/A | Target: N/A | Reward: 0.9463
2025-08-18 23:22:38,830 - DEBUG - STEP   65 | 18 August 07:47:16 | RELIANCE_1 | BUY_LONG | Qty: 100.0 | Capital: Rs100,000 -> Rs114,325 | P&L: Rs14,325 | WR: 52.4% | Entry: N/A | SL: N/A | Target: N/A | Reward: 0.9213
2025-08-18 23:22:39,532 - DEBUG - STEP   66 | 18 August 07:52:16 | RELIANCE_1 | CLOSE_LONG | Qty: 100.0 | Capital: Rs100,000 -> Rs121,711 | P&L: Rs21,711 | WR: 54.5% | Entry: N/A | SL: N/A | Target: N/A | Reward: 8.8646
2025-08-18 23:22:39,786 - DEBUG - STEP   67 | 18 August 07:57:16 | RELIANCE_1 | HOLD | Qty: 100.0 | Capital: Rs100,000 -> Rs121,711 | P&L: Rs21,711 | WR: 54.5% | Entry: N/A | SL: N/A | Target: N/A | Reward: 1.4627
2025-08-18 23:22:40,122 - DEBUG - STEP   68 | 18 August 08:02:16 | RELIANCE_1 | CLOSE_LONG | Qty: 100.0 | Capital: Rs100,000 -> Rs122,020 | P&L: Rs22,020 | WR: 56.5% | Entry: N/A | SL: N/A | Target: N/A | Reward: 1.4172
2025-08-18 23:22:40,374 - DEBUG - STEP   69 | 18 August 08:07:16 | RELIANCE_1 | BUY_LONG | Qty: 100.0 | Capital: Rs100,000 -> Rs121,995 | P&L: Rs21,995 | WR: 56.5% | Entry: N/A | SL: N/A | Target: N/A | Reward: 1.0805
2025-08-18 23:22:40,569 - DEBUG - STEP   70 | 18 August 08:12:16 | RELIANCE_1 | HOLD | Qty: 100.0 | Capital: Rs100,000 -> Rs121,995 | P&L: Rs21,995 | WR: 56.5% | Entry: N/A | SL: N/A | Target: N/A | Reward: 1.5562
2025-08-18 23:22:40,786 - DEBUG - STEP   71 | 18 August 08:17:16 | RELIANCE_1 | HOLD | Qty: 100.0 | Capital: Rs100,000 -> Rs121,995 | P&L: Rs21,995 | WR: 56.5% | Entry: N/A | SL: N/A | Target: N/A | Reward: 0.8261
2025-08-18 23:22:41,013 - DEBUG - STEP   72 | 18 August 08:22:16 | RELIANCE_1 | HOLD | Qty: 100.0 | Capital: Rs100,000 -> Rs121,995 | P&L: Rs21,995 | WR: 56.5% | Entry: N/A | SL: N/A | Target: N/A | Reward: 1.0601
2025-08-18 23:22:41,234 - DEBUG - STEP   73 | 18 August 08:27:16 | RELIANCE_1 | HOLD | Qty: 100.0 | Capital: Rs100,000 -> Rs121,995 | P&L: Rs21,995 | WR: 56.5% | Entry: N/A | SL: N/A | Target: N/A | Reward: 0.7619
2025-08-18 23:22:41,509 - DEBUG - STEP   74 | 18 August 08:32:16 | RELIANCE_1 | HOLD | Qty: 100.0 | Capital: Rs100,000 -> Rs121,995 | P&L: Rs21,995 | WR: 56.5% | Entry: N/A | SL: N/A | Target: N/A | Reward: 2.5097
2025-08-18 23:22:41,729 - DEBUG - STEP   75 | 18 August 08:37:16 | RELIANCE_1 | HOLD | Qty: 100.0 | Capital: Rs100,000 -> Rs121,995 | P&L: Rs21,995 | WR: 56.5% | Entry: N/A | SL: N/A | Target: N/A | Reward: 7.8428
2025-08-18 23:22:41,935 - DEBUG - STEP   76 | 18 August 08:42:16 | RELIANCE_1 | HOLD | Qty: 100.0 | Capital: Rs100,000 -> Rs121,995 | P&L: Rs21,995 | WR: 56.5% | Entry: N/A | SL: N/A | Target: N/A | Reward: 2.3995
2025-08-18 23:22:42,132 - DEBUG - STEP   77 | 18 August 08:47:16 | RELIANCE_1 | CLOSE_LONG | Qty: 100.0 | Capital: Rs100,000 -> Rs120,665 | P&L: Rs20,665 | WR: 54.2% | Entry: N/A | SL: N/A | Target: N/A | Reward: -0.5427 | Exit: TRAILING_STOP_HIT
2025-08-18 23:22:42,350 - DEBUG - STEP   78 | 18 August 08:52:16 | RELIANCE_1 | HOLD | Qty: 100.0 | Capital: Rs100,000 -> Rs120,665 | P&L: Rs20,665 | WR: 54.2% | Entry: N/A | SL: N/A | Target: N/A | Reward: 0.7887
2025-08-18 23:22:42,560 - DEBUG - STEP   79 | 18 August 08:57:16 | RELIANCE_1 | SELL_SHORT | Qty: 100.0 | Capital: Rs100,000 -> Rs120,640 | P&L: Rs20,640 | WR: 54.2% | Entry: N/A | SL: N/A | Target: N/A | Reward: 0.7638
2025-08-18 23:22:42,770 - DEBUG - STEP   80 | 18 August 09:02:16 | RELIANCE_1 | CLOSE_SHORT | Qty: 100.0 | Capital: Rs100,000 -> Rs118,757 | P&L: Rs18,757 | WR: 52.0% | Entry: N/A | SL: N/A | Target: N/A | Reward: -1.2829
2025-08-18 23:22:42,987 - DEBUG - STEP   81 | 18 August 09:07:16 | RELIANCE_1 | HOLD | Qty: 100.0 | Capital: Rs100,000 -> Rs118,757 | P&L: Rs18,757 | WR: 52.0% | Entry: N/A | SL: N/A | Target: N/A | Reward: 0.6164
2025-08-18 23:22:43,192 - DEBUG - STEP   82 | 18 August 09:12:16 | RELIANCE_1 | CLOSE_SHORT | Qty: 100.0 | Capital: Rs100,000 -> Rs118,658 | P&L: Rs18,658 | WR: 50.0% | Entry: N/A | SL: N/A | Target: N/A | Reward: 0.3940
2025-08-18 23:22:43,404 - DEBUG - STEP   83 | 18 August 09:17:16 | RELIANCE_1 | SELL_SHORT | Qty: 100.0 | Capital: Rs100,000 -> Rs118,633 | P&L: Rs18,633 | WR: 50.0% | Entry: N/A | SL: N/A | Target: N/A | Reward: 0.4681
2025-08-18 23:22:43,593 - DEBUG - STEP   84 | 18 August 09:22:16 | RELIANCE_1 | CLOSE_SHORT | Qty: 100.0 | Capital: Rs100,000 -> Rs118,984 | P&L: Rs18,984 | WR: 51.9% | Entry: N/A | SL: N/A | Target: N/A | Reward: 0.8094
2025-08-18 23:22:43,869 - DEBUG - STEP   85 | 18 August 09:27:16 | RELIANCE_1 | BUY_LONG | Qty: 100.0 | Capital: Rs100,000 -> Rs118,959 | P&L: Rs18,959 | WR: 51.9% | Entry: N/A | SL: N/A | Target: N/A | Reward: 0.4298
2025-08-18 23:22:44,261 - DEBUG - STEP   86 | 18 August 09:32:16 | RELIANCE_1 | HOLD | Qty: 100.0 | Capital: Rs100,000 -> Rs118,959 | P&L: Rs18,959 | WR: 51.9% | Entry: N/A | SL: N/A | Target: N/A | Reward: 3.0945
2025-08-18 23:22:44,472 - DEBUG - STEP   87 | 18 August 09:37:16 | RELIANCE_1 | CLOSE_LONG | Qty: 100.0 | Capital: Rs100,000 -> Rs118,120 | P&L: Rs18,120 | WR: 50.0% | Entry: N/A | SL: N/A | Target: N/A | Reward: -0.6142
2025-08-18 23:22:44,701 - DEBUG - STEP   88 | 18 August 09:42:16 | RELIANCE_1 | BUY_LONG | Qty: 100.0 | Capital: Rs100,000 -> Rs118,095 | P&L: Rs18,095 | WR: 50.0% | Entry: N/A | SL: N/A | Target: N/A | Reward: 0.1969
2025-08-18 23:22:44,949 - DEBUG - STEP   89 | 18 August 09:47:16 | RELIANCE_1 | CLOSE_LONG | Qty: 100.0 | Capital: Rs100,000 -> Rs119,239 | P&L: Rs19,239 | WR: 51.7% | Entry: N/A | SL: N/A | Target: N/A | Reward: 1.4187
2025-08-18 23:22:45,169 - DEBUG - STEP   90 | 18 August 09:52:16 | RELIANCE_1 | CLOSE_LONG | Qty: 100.0 | Capital: Rs100,000 -> Rs119,283 | P&L: Rs19,283 | WR: 53.3% | Entry: N/A | SL: N/A | Target: N/A | Reward: 0.4614
2025-08-18 23:22:45,391 - DEBUG - STEP   91 | 18 August 09:57:16 | RELIANCE_1 | SELL_SHORT | Qty: 100.0 | Capital: Rs100,000 -> Rs119,258 | P&L: Rs19,258 | WR: 53.3% | Entry: N/A | SL: N/A | Target: N/A | Reward: 0.3917
2025-08-18 23:22:45,601 - DEBUG - STEP   92 | 18 August 10:02:16 | RELIANCE_1 | CLOSE_SHORT | Qty: 100.0 | Capital: Rs100,000 -> Rs120,090 | P&L: Rs20,090 | WR: 54.8% | Entry: N/A | SL: N/A | Target: N/A | Reward: 1.1956
2025-08-18 23:22:45,815 - DEBUG - STEP   93 | 18 August 10:07:16 | RELIANCE_1 | BUY_LONG | Qty: 100.0 | Capital: Rs100,000 -> Rs120,065 | P&L: Rs20,065 | WR: 54.8% | Entry: N/A | SL: N/A | Target: N/A | Reward: 0.3342
2025-08-18 23:22:45,999 - DEBUG - STEP   94 | 18 August 10:12:16 | RELIANCE_1 | HOLD | Qty: 100.0 | Capital: Rs100,000 -> Rs120,065 | P&L: Rs20,065 | WR: 54.8% | Entry: N/A | SL: N/A | Target: N/A | Reward: 3.0057
2025-08-18 23:22:46,215 - DEBUG - STEP   95 | 18 August 10:17:16 | RELIANCE_1 | CLOSE_LONG | Qty: 100.0 | Capital: Rs100,000 -> Rs122,873 | P&L: Rs22,873 | WR: 56.2% | Entry: N/A | SL: N/A | Target: N/A | Reward: 3.3518
2025-08-18 23:22:46,430 - DEBUG - STEP   96 | 18 August 10:22:16 | RELIANCE_1 | CLOSE_LONG | Qty: 100.0 | Capital: Rs100,000 -> Rs122,838 | P&L: Rs22,838 | WR: 54.5% | Entry: N/A | SL: N/A | Target: N/A | Reward: 0.4344
2025-08-18 23:22:46,630 - DEBUG - STEP   97 | 18 August 10:27:16 | RELIANCE_1 | HOLD | Qty: 100.0 | Capital: Rs100,000 -> Rs122,838 | P&L: Rs22,838 | WR: 54.5% | Entry: N/A | SL: N/A | Target: N/A | Reward: 0.4690
2025-08-18 23:22:46,879 - DEBUG - STEP   98 | 18 August 10:32:16 | RELIANCE_1 | SELL_SHORT | Qty: 100.0 | Capital: Rs100,000 -> Rs122,813 | P&L: Rs22,813 | WR: 54.5% | Entry: N/A | SL: N/A | Target: N/A | Reward: 0.3322
2025-08-18 23:22:47,085 - DEBUG - STEP   99 | 18 August 10:37:16 | RELIANCE_1 | HOLD | Qty: 100.0 | Capital: Rs100,000 -> Rs122,813 | P&L: Rs22,813 | WR: 54.5% | Entry: N/A | SL: N/A | Target: N/A | Reward: 5.0416
2025-08-18 23:22:47,295 - DEBUG - STEP  100 | 18 August 10:42:16 | RELIANCE_1 | HOLD | Qty: 100.0 | Capital: Rs100,000 -> Rs122,813 | P&L: Rs22,813 | WR: 54.5% | Entry: N/A | SL: N/A | Target: N/A | Reward: 7.2601
2025-08-18 23:22:47,462 - DEBUG - STEP  101 | 18 August 10:47:16 | RELIANCE_1 | CLOSE_SHORT | Qty: 100.0 | Capital: Rs100,000 -> Rs127,847 | P&L: Rs27,847 | WR: 55.9% | Entry: N/A | SL: N/A | Target: N/A | Reward: 5.6980
2025-08-18 23:22:47,747 - DEBUG - STEP  102 | 18 August 10:52:16 | RELIANCE_1 | SELL_SHORT | Qty: 100.0 | Capital: Rs100,000 -> Rs127,822 | P&L: Rs27,822 | WR: 55.9% | Entry: N/A | SL: N/A | Target: N/A | Reward: 0.4362
2025-08-18 23:22:48,042 - DEBUG - STEP  103 | 18 August 10:57:16 | RELIANCE_1 | CLOSE_SHORT | Qty: 100.0 | Capital: Rs100,000 -> Rs122,150 | P&L: Rs22,150 | WR: 54.3% | Entry: N/A | SL: N/A | Target: N/A | Reward: -5.9736
2025-08-18 23:22:48,288 - DEBUG - STEP  104 | 18 August 11:02:16 | RELIANCE_1 | HOLD | Qty: 100.0 | Capital: Rs100,000 -> Rs121,603 | P&L: Rs21,603 | WR: 52.8% | Entry: N/A | SL: N/A | Target: N/A | Reward: -0.4563 | Exit: STOP_LOSS_HIT
2025-08-18 23:22:48,454 - DEBUG - STEP  105 | 18 August 11:07:16 | RELIANCE_1 | BUY_LONG | Qty: 100.0 | Capital: Rs100,000 -> Rs121,578 | P&L: Rs21,578 | WR: 52.8% | Entry: N/A | SL: N/A | Target: N/A | Reward: 0.0536
2025-08-18 23:22:48,636 - DEBUG - STEP  106 | 18 August 11:12:16 | RELIANCE_1 | CLOSE_LONG | Qty: 100.0 | Capital: Rs100,000 -> Rs119,839 | P&L: Rs19,839 | WR: 51.4% | Entry: N/A | SL: N/A | Target: N/A | Reward: -1.6906
2025-08-18 23:22:48,845 - DEBUG - STEP  107 | 18 August 11:17:16 | RELIANCE_1 | BUY_LONG | Qty: 100.0 | Capital: Rs100,000 -> Rs119,814 | P&L: Rs19,814 | WR: 51.4% | Entry: N/A | SL: N/A | Target: N/A | Reward: 0.0232
2025-08-18 23:22:49,014 - DEBUG - STEP  108 | 18 August 11:22:16 | RELIANCE_1 | HOLD | Qty: 100.0 | Capital: Rs100,000 -> Rs119,814 | P&L: Rs19,814 | WR: 51.4% | Entry: N/A | SL: N/A | Target: N/A | Reward: -2.4555
2025-08-18 23:22:49,205 - DEBUG - STEP  109 | 18 August 11:27:16 | RELIANCE_1 | CLOSE_LONG | Qty: 100.0 | Capital: Rs100,000 -> Rs120,641 | P&L: Rs20,641 | WR: 52.6% | Entry: N/A | SL: N/A | Target: N/A | Reward: 0.9068
2025-08-18 23:22:49,371 - DEBUG - STEP  110 | 18 August 11:32:16 | RELIANCE_1 | HOLD | Qty: 100.0 | Capital: Rs100,000 -> Rs120,641 | P&L: Rs20,641 | WR: 52.6% | Entry: N/A | SL: N/A | Target: N/A | Reward: 0.0283
2025-08-18 23:22:49,544 - DEBUG - STEP  111 | 18 August 11:37:16 | RELIANCE_1 | CLOSE_LONG | Qty: 100.0 | Capital: Rs100,000 -> Rs120,542 | P&L: Rs20,542 | WR: 51.3% | Entry: N/A | SL: N/A | Target: N/A | Reward: -0.0469
2025-08-18 23:22:49,732 - DEBUG - STEP  112 | 18 August 11:42:16 | RELIANCE_1 | BUY_LONG | Qty: 100.0 | Capital: Rs100,000 -> Rs120,517 | P&L: Rs20,517 | WR: 51.3% | Entry: N/A | SL: N/A | Target: N/A | Reward: 0.0269
2025-08-18 23:22:49,896 - DEBUG - STEP  113 | 18 August 11:47:16 | RELIANCE_1 | HOLD | Qty: 100.0 | Capital: Rs100,000 -> Rs120,517 | P&L: Rs20,517 | WR: 51.3% | Entry: N/A | SL: N/A | Target: N/A | Reward: 4.6708
2025-08-18 23:22:50,109 - DEBUG - STEP  114 | 18 August 11:52:16 | RELIANCE_1 | CLOSE_LONG | Qty: 100.0 | Capital: Rs100,000 -> Rs125,057 | P&L: Rs25,057 | WR: 52.5% | Entry: N/A | SL: N/A | Target: N/A | Reward: 4.7709
2025-08-18 23:22:50,320 - DEBUG - STEP  115 | 18 August 11:57:16 | RELIANCE_1 | CLOSE_LONG | Qty: 100.0 | Capital: Rs100,000 -> Rs125,249 | P&L: Rs25,249 | WR: 53.7% | Entry: N/A | SL: N/A | Target: N/A | Reward: 0.2070
2025-08-18 23:22:50,636 - DEBUG - STEP  116 | 18 August 12:02:16 | RELIANCE_1 | HOLD | Qty: 100.0 | Capital: Rs100,000 -> Rs125,249 | P&L: Rs25,249 | WR: 53.7% | Entry: N/A | SL: N/A | Target: N/A | Reward: 0.0132
2025-08-18 23:22:50,813 - DEBUG - STEP  117 | 18 August 12:07:16 | RELIANCE_1 | SELL_SHORT | Qty: 100.0 | Capital: Rs100,000 -> Rs125,224 | P&L: Rs25,224 | WR: 53.7% | Entry: N/A | SL: N/A | Target: N/A | Reward: -0.0117
2025-08-18 23:22:51,070 - DEBUG - STEP  118 | 18 August 12:12:16 | RELIANCE_1 | HOLD | Qty: 100.0 | Capital: Rs100,000 -> Rs125,224 | P&L: Rs25,224 | WR: 53.7% | Entry: N/A | SL: N/A | Target: N/A | Reward: -0.3894
2025-08-18 23:22:51,274 - DEBUG - STEP  119 | 18 August 12:17:16 | RELIANCE_1 | HOLD | Qty: 100.0 | Capital: Rs100,000 -> Rs125,224 | P&L: Rs25,224 | WR: 53.7% | Entry: N/A | SL: N/A | Target: N/A | Reward: -2.0636
2025-08-18 23:22:51,501 - DEBUG - STEP  120 | 18 August 12:22:16 | RELIANCE_1 | HOLD | Qty: 100.0 | Capital: Rs100,000 -> Rs125,224 | P&L: Rs25,224 | WR: 53.7% | Entry: N/A | SL: N/A | Target: N/A | Reward: -0.9209
2025-08-18 23:22:51,724 - DEBUG - STEP  121 | 18 August 12:27:16 | RELIANCE_1 | CLOSE_SHORT | Qty: 100.0 | Capital: Rs100,000 -> Rs125,506 | P&L: Rs25,506 | WR: 54.8% | Entry: N/A | SL: N/A | Target: N/A | Reward: 0.3107
2025-08-18 23:22:51,924 - DEBUG - STEP  122 | 18 August 12:32:16 | RELIANCE_1 | SELL_SHORT | Qty: 100.0 | Capital: Rs100,000 -> Rs125,481 | P&L: Rs25,481 | WR: 54.8% | Entry: N/A | SL: N/A | Target: N/A | Reward: 0.0007
2025-08-18 23:22:52,128 - DEBUG - STEP  123 | 18 August 12:37:16 | RELIANCE_1 | CLOSE_SHORT | Qty: 100.0 | Capital: Rs100,000 -> Rs121,007 | P&L: Rs21,007 | WR: 53.5% | Entry: N/A | SL: N/A | Target: N/A | Reward: -4.5751
2025-08-18 23:22:52,326 - DEBUG - STEP  124 | 18 August 12:42:16 | RELIANCE_1 | CLOSE_SHORT | Qty: 100.0 | Capital: Rs100,000 -> Rs120,771 | P&L: Rs20,771 | WR: 52.3% | Entry: N/A | SL: N/A | Target: N/A | Reward: -0.2361 | Exit: STOP_LOSS_HIT
2025-08-18 23:22:52,644 - DEBUG - STEP  125 | 18 August 12:47:16 | RELIANCE_1 | BUY_LONG | Qty: 100.0 | Capital: Rs100,000 -> Rs120,746 | P&L: Rs20,746 | WR: 52.3% | Entry: N/A | SL: N/A | Target: N/A | Reward: -0.0240
2025-08-18 23:22:52,913 - DEBUG - STEP  126 | 18 August 12:52:16 | RELIANCE_1 | HOLD | Qty: 100.0 | Capital: Rs100,000 -> Rs120,746 | P&L: Rs20,746 | WR: 52.3% | Entry: N/A | SL: N/A | Target: N/A | Reward: 3.9995
2025-08-18 23:22:53,181 - DEBUG - STEP  127 | 18 August 12:57:16 | RELIANCE_1 | HOLD | Qty: 100.0 | Capital: Rs100,000 -> Rs120,746 | P&L: Rs20,746 | WR: 52.3% | Entry: N/A | SL: N/A | Target: N/A | Reward: 2.7614
2025-08-18 23:22:53,332 - DEBUG - STEP  128 | 18 August 13:02:16 | RELIANCE_1 | HOLD | Qty: 100.0 | Capital: Rs100,000 -> Rs120,746 | P&L: Rs20,746 | WR: 52.3% | Entry: N/A | SL: N/A | Target: N/A | Reward: 6.0275
2025-08-18 23:22:53,494 - DEBUG - STEP  129 | 18 August 13:07:16 | RELIANCE_1 | CLOSE_LONG | Qty: 100.0 | Capital: Rs100,000 -> Rs127,896 | P&L: Rs27,896 | WR: 53.3% | Entry: N/A | SL: N/A | Target: N/A | Reward: 7.7927
2025-08-18 23:22:53,753 - DEBUG - STEP  130 | 18 August 13:12:16 | RELIANCE_1 | HOLD | Qty: 100.0 | Capital: Rs100,000 -> Rs127,896 | P&L: Rs27,896 | WR: 53.3% | Entry: N/A | SL: N/A | Target: N/A | Reward: 0.9316
2025-08-18 23:22:53,933 - DEBUG - STEP  131 | 18 August 13:17:16 | RELIANCE_1 | HOLD | Qty: 100.0 | Capital: Rs100,000 -> Rs127,896 | P&L: Rs27,896 | WR: 53.3% | Entry: N/A | SL: N/A | Target: N/A | Reward: 0.6013
2025-08-18 23:22:54,109 - DEBUG - STEP  132 | 18 August 13:22:16 | RELIANCE_1 | CLOSE_LONG | Qty: 100.0 | Capital: Rs100,000 -> Rs128,480 | P&L: Rs28,480 | WR: 54.3% | Entry: N/A | SL: N/A | Target: N/A | Reward: 0.6494
2025-08-18 23:22:54,262 - DEBUG - STEP  133 | 18 August 13:27:16 | RELIANCE_1 | HOLD | Qty: 100.0 | Capital: Rs100,000 -> Rs128,480 | P&L: Rs28,480 | WR: 54.3% | Entry: N/A | SL: N/A | Target: N/A | Reward: 0.0605
2025-08-18 23:22:54,430 - DEBUG - STEP  134 | 18 August 13:32:16 | RELIANCE_1 | HOLD | Qty: 100.0 | Capital: Rs100,000 -> Rs128,480 | P&L: Rs28,480 | WR: 54.3% | Entry: N/A | SL: N/A | Target: N/A | Reward: 0.0605
2025-08-18 23:22:54,580 - DEBUG - STEP  135 | 18 August 13:37:16 | RELIANCE_1 | SELL_SHORT | Qty: 100.0 | Capital: Rs100,000 -> Rs128,455 | P&L: Rs28,455 | WR: 54.3% | Entry: N/A | SL: N/A | Target: N/A | Reward: 0.0480
2025-08-18 23:22:54,763 - DEBUG - STEP  136 | 18 August 13:42:16 | RELIANCE_1 | HOLD | Qty: 100.0 | Capital: Rs100,000 -> Rs128,455 | P&L: Rs28,455 | WR: 54.3% | Entry: N/A | SL: N/A | Target: N/A | Reward: 4.0679
2025-08-18 23:22:54,911 - DEBUG - STEP  137 | 18 August 13:47:16 | RELIANCE_1 | HOLD | Qty: 100.0 | Capital: Rs100,000 -> Rs128,455 | P&L: Rs28,455 | WR: 54.3% | Entry: N/A | SL: N/A | Target: N/A | Reward: 3.4335
2025-08-18 23:22:55,082 - DEBUG - STEP  138 | 18 August 13:52:16 | RELIANCE_1 | CLOSE_SHORT | Qty: 100.0 | Capital: Rs100,000 -> Rs128,289 | P&L: Rs28,289 | WR: 53.2% | Entry: N/A | SL: N/A | Target: N/A | Reward: -0.0985
2025-08-18 23:22:55,231 - DEBUG - STEP  139 | 18 August 13:57:16 | RELIANCE_1 | BUY_LONG | Qty: 100.0 | Capital: Rs100,000 -> Rs128,264 | P&L: Rs28,264 | WR: 53.2% | Entry: N/A | SL: N/A | Target: N/A | Reward: 0.0347
2025-08-18 23:22:55,422 - DEBUG - STEP  140 | 18 August 14:02:16 | RELIANCE_1 | HOLD | Qty: 100.0 | Capital: Rs100,000 -> Rs128,264 | P&L: Rs28,264 | WR: 53.2% | Entry: N/A | SL: N/A | Target: N/A | Reward: 2.3324
2025-08-18 23:22:55,577 - DEBUG - STEP  141 | 18 August 14:07:16 | RELIANCE_1 | CLOSE_LONG | Qty: 100.0 | Capital: Rs100,000 -> Rs130,477 | P&L: Rs30,477 | WR: 54.2% | Entry: N/A | SL: N/A | Target: N/A | Reward: 2.3620
2025-08-18 23:22:55,774 - DEBUG - STEP  142 | 18 August 14:12:16 | RELIANCE_1 | CLOSE_LONG | Qty: 100.0 | Capital: Rs100,000 -> Rs130,390 | P&L: Rs30,390 | WR: 53.1% | Entry: N/A | SL: N/A | Target: N/A | Reward: 0.0000
2025-08-18 23:22:55,930 - DEBUG - STEP  143 | 18 August 14:17:16 | RELIANCE_1 | HOLD | Qty: 100.0 | Capital: Rs100,000 -> Rs130,390 | P&L: Rs30,390 | WR: 53.1% | Entry: N/A | SL: N/A | Target: N/A | Reward: 0.0877
2025-08-18 23:22:56,085 - DEBUG - STEP  144 | 18 August 14:22:16 | RELIANCE_1 | HOLD | Qty: 100.0 | Capital: Rs100,000 -> Rs130,390 | P&L: Rs30,390 | WR: 53.1% | Entry: N/A | SL: N/A | Target: N/A | Reward: 0.0877
2025-08-18 23:22:56,247 - DEBUG - STEP  145 | 18 August 14:27:16 | RELIANCE_1 | SELL_SHORT | Qty: 100.0 | Capital: Rs100,000 -> Rs130,365 | P&L: Rs30,365 | WR: 53.1% | Entry: N/A | SL: N/A | Target: N/A | Reward: 0.0578
2025-08-18 23:22:56,395 - DEBUG - STEP  146 | 18 August 14:32:16 | RELIANCE_1 | HOLD | Qty: 100.0 | Capital: Rs100,000 -> Rs130,365 | P&L: Rs30,365 | WR: 53.1% | Entry: N/A | SL: N/A | Target: N/A | Reward: -5.3419
2025-08-18 23:22:56,536 - DEBUG - STEP  147 | 18 August 14:37:16 | RELIANCE_1 | HOLD | Qty: 100.0 | Capital: Rs100,000 -> Rs130,365 | P&L: Rs30,365 | WR: 53.1% | Entry: N/A | SL: N/A | Target: N/A | Reward: -2.8188
2025-08-18 23:22:56,702 - DEBUG - STEP  148 | 18 August 14:42:16 | RELIANCE_1 | HOLD | Qty: 100.0 | Capital: Rs100,000 -> Rs130,365 | P&L: Rs30,365 | WR: 53.1% | Entry: N/A | SL: N/A | Target: N/A | Reward: 5.5823
2025-08-18 23:22:56,870 - DEBUG - STEP  149 | 18 August 14:47:16 | RELIANCE_1 | CLOSE_SHORT | Qty: 100.0 | Capital: Rs100,000 -> Rs127,399 | P&L: Rs27,399 | WR: 52.0% | Entry: N/A | SL: N/A | Target: N/A | Reward: -2.9288 | Exit: TRAILING_STOP_HIT
2025-08-18 23:22:57,037 - DEBUG - STEP  150 | 18 August 14:52:16 | RELIANCE_1 | HOLD | Qty: 100.0 | Capital: Rs100,000 -> Rs127,399 | P&L: Rs27,399 | WR: 52.0% | Entry: N/A | SL: N/A | Target: N/A | Reward: 0.0388
2025-08-18 23:22:57,186 - DEBUG - STEP  151 | 18 August 14:57:16 | RELIANCE_1 | SELL_SHORT | Qty: 100.0 | Capital: Rs100,000 -> Rs127,374 | P&L: Rs27,374 | WR: 52.0% | Entry: N/A | SL: N/A | Target: N/A | Reward: 0.0050
2025-08-18 23:22:57,350 - DEBUG - STEP  152 | 18 August 15:02:16 | RELIANCE_1 | HOLD | Qty: 100.0 | Capital: Rs100,000 -> Rs127,374 | P&L: Rs27,374 | WR: 52.0% | Entry: N/A | SL: N/A | Target: N/A | Reward: 4.8137
2025-08-18 23:22:57,497 - DEBUG - STEP  153 | 18 August 15:07:16 | RELIANCE_1 | HOLD | Qty: 100.0 | Capital: Rs100,000 -> Rs127,374 | P&L: Rs27,374 | WR: 52.0% | Entry: N/A | SL: N/A | Target: N/A | Reward: 2.7612
2025-08-18 23:22:57,667 - DEBUG - STEP  154 | 18 August 15:12:16 | RELIANCE_1 | HOLD | Qty: 100.0 | Capital: Rs100,000 -> Rs127,374 | P&L: Rs27,374 | WR: 52.0% | Entry: N/A | SL: N/A | Target: N/A | Reward: 4.3136
2025-08-18 23:22:57,813 - DEBUG - STEP  155 | 18 August 15:17:16 | RELIANCE_1 | CLOSE_SHORT | Qty: 100.0 | Capital: Rs100,000 -> Rs133,911 | P&L: Rs33,911 | WR: 52.9% | Entry: N/A | SL: N/A | Target: N/A | Reward: 6.6160
2025-08-18 23:22:57,992 - DEBUG - STEP  156 | 18 August 15:22:16 | RELIANCE_1 | SELL_SHORT | Qty: 100.0 | Capital: Rs100,000 -> Rs133,886 | P&L: Rs33,886 | WR: 52.9% | Entry: N/A | SL: N/A | Target: N/A | Reward: 0.0490
2025-08-18 23:22:58,142 - DEBUG - STEP  157 | 18 August 15:27:16 | RELIANCE_1 | HOLD | Qty: 100.0 | Capital: Rs100,000 -> Rs133,886 | P&L: Rs33,886 | WR: 52.9% | Entry: N/A | SL: N/A | Target: N/A | Reward: -5.0853
2025-08-18 23:22:58,304 - DEBUG - STEP  158 | 18 August 15:32:16 | RELIANCE_1 | HOLD | Qty: 100.0 | Capital: Rs100,000 -> Rs133,886 | P&L: Rs33,886 | WR: 52.9% | Entry: N/A | SL: N/A | Target: N/A | Reward: -0.9908
2025-08-18 23:22:58,461 - DEBUG - STEP  159 | 18 August 15:37:16 | RELIANCE_1 | CLOSE_SHORT | Qty: 100.0 | Capital: Rs100,000 -> Rs132,988 | P&L: Rs32,988 | WR: 51.9% | Entry: N/A | SL: N/A | Target: N/A | Reward: -0.8878
2025-08-18 23:22:58,613 - DEBUG - STEP  160 | 18 August 15:42:16 | RELIANCE_1 | HOLD | Qty: 100.0 | Capital: Rs100,000 -> Rs132,988 | P&L: Rs32,988 | WR: 51.9% | Entry: N/A | SL: N/A | Target: N/A | Reward: 0.0083
2025-08-18 23:22:58,768 - DEBUG - STEP  161 | 18 August 15:47:16 | RELIANCE_1 | HOLD | Qty: 100.0 | Capital: Rs100,000 -> Rs132,988 | P&L: Rs32,988 | WR: 51.9% | Entry: N/A | SL: N/A | Target: N/A | Reward: -0.0667
2025-08-18 23:22:58,947 - DEBUG - STEP  162 | 18 August 15:52:16 | RELIANCE_1 | CLOSE_SHORT | Qty: 100.0 | Capital: Rs100,000 -> Rs132,856 | P&L: Rs32,856 | WR: 50.9% | Entry: N/A | SL: N/A | Target: N/A | Reward: -0.0988
2025-08-18 23:22:59,105 - DEBUG - STEP  163 | 18 August 15:57:16 | RELIANCE_1 | BUY_LONG | Qty: 100.0 | Capital: Rs100,000 -> Rs132,831 | P&L: Rs32,831 | WR: 50.9% | Entry: N/A | SL: N/A | Target: N/A | Reward: 0.0893
2025-08-18 23:22:59,304 - DEBUG - STEP  164 | 18 August 16:02:16 | RELIANCE_1 | HOLD | Qty: 100.0 | Capital: Rs100,000 -> Rs122,965 | P&L: Rs22,965 | WR: 50.0% | Entry: N/A | SL: N/A | Target: N/A | Reward: -9.8720 | Exit: STOP_LOSS_HIT
2025-08-18 23:22:59,511 - DEBUG - STEP  165 | 18 August 16:07:16 | RELIANCE_1 | HOLD | Qty: 100.0 | Capital: Rs100,000 -> Rs122,965 | P&L: Rs22,965 | WR: 50.0% | Entry: N/A | SL: N/A | Target: N/A | Reward: -0.0063
2025-08-18 23:22:59,664 - DEBUG - STEP  166 | 18 August 16:12:16 | RELIANCE_1 | HOLD | Qty: 100.0 | Capital: Rs100,000 -> Rs122,965 | P&L: Rs22,965 | WR: 50.0% | Entry: N/A | SL: N/A | Target: N/A | Reward: -0.0063
2025-08-18 23:22:59,824 - DEBUG - STEP  167 | 18 August 16:17:16 | RELIANCE_1 | SELL_SHORT | Qty: 100.0 | Capital: Rs100,000 -> Rs122,940 | P&L: Rs22,940 | WR: 50.0% | Entry: N/A | SL: N/A | Target: N/A | Reward: -0.0313
2025-08-18 23:23:00,007 - DEBUG - STEP  168 | 18 August 16:22:16 | RELIANCE_1 | CLOSE_SHORT | Qty: 100.0 | Capital: Rs100,000 -> Rs120,254 | P&L: Rs20,254 | WR: 49.1% | Entry: N/A | SL: N/A | Target: N/A | Reward: -2.7741
2025-08-18 23:23:00,298 - DEBUG - STEP  169 | 18 August 16:27:16 | RELIANCE_1 | HOLD | Qty: 100.0 | Capital: Rs100,000 -> Rs120,254 | P&L: Rs20,254 | WR: 49.1% | Entry: N/A | SL: N/A | Target: N/A | Reward: -0.1515
2025-08-18 23:23:00,480 - DEBUG - STEP  170 | 18 August 16:32:16 | RELIANCE_1 | HOLD | Qty: 100.0 | Capital: Rs100,000 -> Rs120,009 | P&L: Rs20,009 | WR: 48.2% | Entry: N/A | SL: N/A | Target: N/A | Reward: -0.2657 | Exit: STOP_LOSS_HIT
2025-08-18 23:23:00,659 - DEBUG - STEP  171 | 18 August 16:37:16 | RELIANCE_1 | SELL_SHORT | Qty: 100.0 | Capital: Rs100,000 -> Rs119,984 | P&L: Rs19,984 | WR: 48.2% | Entry: N/A | SL: N/A | Target: N/A | Reward: -0.0361
2025-08-18 23:23:00,923 - DEBUG - STEP  172 | 18 August 16:42:16 | RELIANCE_1 | CLOSE_SHORT | Qty: 100.0 | Capital: Rs100,000 -> Rs114,891 | P&L: Rs14,891 | WR: 47.4% | Entry: N/A | SL: N/A | Target: N/A | Reward: -5.4239
2025-08-18 23:23:01,173 - DEBUG - STEP  173 | 18 August 16:47:16 | RELIANCE_1 | CLOSE_SHORT | Qty: 100.0 | Capital: Rs100,000 -> Rs114,121 | P&L: Rs14,121 | WR: 46.6% | Entry: N/A | SL: N/A | Target: N/A | Reward: -0.8230 | Exit: STOP_LOSS_HIT
2025-08-18 23:23:01,377 - DEBUG - STEP  174 | 18 August 16:52:16 | RELIANCE_1 | SELL_SHORT | Qty: 100.0 | Capital: Rs100,000 -> Rs114,096 | P&L: Rs14,096 | WR: 46.6% | Entry: N/A | SL: N/A | Target: N/A | Reward: -0.0903
2025-08-18 23:23:01,568 - DEBUG - STEP  175 | 18 August 16:57:16 | RELIANCE_1 | CLOSE_SHORT | Qty: 100.0 | Capital: Rs100,000 -> Rs114,108 | P&L: Rs14,108 | WR: 47.5% | Entry: N/A | SL: N/A | Target: N/A | Reward: -0.0543
2025-08-18 23:23:01,776 - DEBUG - STEP  176 | 18 August 17:02:16 | RELIANCE_1 | HOLD | Qty: 100.0 | Capital: Rs100,000 -> Rs114,108 | P&L: Rs14,108 | WR: 47.5% | Entry: N/A | SL: N/A | Target: N/A | Reward: -0.0658
2025-08-18 23:23:01,941 - DEBUG - STEP  177 | 18 August 17:07:16 | RELIANCE_1 | BUY_LONG | Qty: 100.0 | Capital: Rs100,000 -> Rs114,083 | P&L: Rs14,083 | WR: 47.5% | Entry: N/A | SL: N/A | Target: N/A | Reward: -0.0908
2025-08-18 23:23:02,130 - DEBUG - STEP  178 | 18 August 17:12:16 | RELIANCE_1 | CLOSE_LONG | Qty: 100.0 | Capital: Rs100,000 -> Rs112,285 | P&L: Rs12,285 | WR: 46.7% | Entry: N/A | SL: N/A | Target: N/A | Reward: -1.8888
2025-08-18 23:23:02,342 - DEBUG - STEP  179 | 18 August 17:17:16 | RELIANCE_1 | HOLD | Qty: 100.0 | Capital: Rs100,000 -> Rs112,285 | P&L: Rs12,285 | WR: 46.7% | Entry: N/A | SL: N/A | Target: N/A | Reward: -0.0897
2025-08-18 23:23:02,537 - DEBUG - STEP  180 | 18 August 17:22:16 | RELIANCE_1 | HOLD | Qty: 100.0 | Capital: Rs100,000 -> Rs112,285 | P&L: Rs12,285 | WR: 46.7% | Entry: N/A | SL: N/A | Target: N/A | Reward: -0.0897
2025-08-18 23:23:02,702 - DEBUG - STEP  181 | 18 August 17:27:16 | RELIANCE_1 | SELL_SHORT | Qty: 100.0 | Capital: Rs100,000 -> Rs112,260 | P&L: Rs12,260 | WR: 46.7% | Entry: N/A | SL: N/A | Target: N/A | Reward: -0.1147
2025-08-18 23:23:03,236 - DEBUG - STEP  182 | 18 August 17:32:16 | RELIANCE_1 | CLOSE_SHORT | Qty: 100.0 | Capital: Rs100,000 -> Rs116,307 | P&L: Rs16,307 | WR: 47.5% | Entry: N/A | SL: N/A | Target: N/A | Reward: 4.0217
2025-08-18 23:23:03,501 - DEBUG - STEP  183 | 18 August 17:37:16 | RELIANCE_1 | BUY_LONG | Qty: 100.0 | Capital: Rs100,000 -> Rs116,282 | P&L: Rs16,282 | WR: 47.5% | Entry: N/A | SL: N/A | Target: N/A | Reward: -0.0547
2025-08-18 23:23:03,716 - DEBUG - STEP  184 | 18 August 17:42:16 | RELIANCE_1 | HOLD | Qty: 100.0 | Capital: Rs100,000 -> Rs116,282 | P&L: Rs16,282 | WR: 47.5% | Entry: N/A | SL: N/A | Target: N/A | Reward: -1.2316
2025-08-18 23:23:03,948 - DEBUG - STEP  185 | 18 August 17:47:16 | RELIANCE_1 | HOLD | Qty: 100.0 | Capital: Rs100,000 -> Rs116,282 | P&L: Rs16,282 | WR: 47.5% | Entry: N/A | SL: N/A | Target: N/A | Reward: 0.6540
2025-08-18 23:23:04,214 - DEBUG - STEP  186 | 18 August 17:52:16 | RELIANCE_1 | CLOSE_LONG | Qty: 100.0 | Capital: Rs100,000 -> Rs118,476 | P&L: Rs18,476 | WR: 48.4% | Entry: N/A | SL: N/A | Target: N/A | Reward: 2.2329
