{"level":"ERROR","location":"[get_call:146] fyersModel","message":{"API":"/history","Error":{"code":-50,"data":{"range_to":"range_to cannot be 100 days greater than range_from for resolutions 1, 2, 3, 5, 10, 15, 20, 30, 45, 60, 120, 180 and 240"},"message":"Invalid input","s":"error"}},"timestamp":"2025-09-10 08:57:04,196+0530","service":"FyersAPI","taskName":"Task-1"}
{"level":"ERROR","location":"[get_call:146] fyersModel","message":{"API":"/history","Error":{"code":-50,"data":{"range_to":"range_to cannot be 100 days greater than range_from for resolutions 1, 2, 3, 5, 10, 15, 20, 30, 45, 60, 120, 180 and 240"},"message":"Invalid input","s":"error"}},"timestamp":"2025-09-10 08:57:06,763+0530","service":"FyersAPI","taskName":"Task-1"}
{"level":"ERROR","location":"[get_call:146] fyersModel","message":{"API":"/history","Error":{"code":-50,"data":{"range_to":"range_to cannot be 100 days greater than range_from for resolutions 1, 2, 3, 5, 10, 15, 20, 30, 45, 60, 120, 180 and 240"},"message":"Invalid input","s":"error"}},"timestamp":"2025-09-10 08:57:08,518+0530","service":"FyersAPI","taskName":"Task-1"}
{"level":"ERROR","location":"[get_call:146] fyersModel","message":{"API":"/history","Error":{"code":-50,"data":{"range_to":"range_to cannot be 100 days greater than range_from for resolutions 1, 2, 3, 5, 10, 15, 20, 30, 45, 60, 120, 180 and 240"},"message":"Invalid input","s":"error"}},"timestamp":"2025-09-10 08:57:09,566+0530","service":"FyersAPI","taskName":"Task-1"}
{"level":"ERROR","location":"[get_call:146] fyersModel","message":{"API":"/history","Error":{"code":-50,"data":{"range_to":"range_to cannot be 100 days greater than range_from for resolutions 1, 2, 3, 5, 10, 15, 20, 30, 45, 60, 120, 180 and 240"},"message":"Invalid input","s":"error"}},"timestamp":"2025-09-10 08:57:10,436+0530","service":"FyersAPI","taskName":"Task-1"}
{"level":"ERROR","location":"[get_call:146] fyersModel","message":{"API":"/history","Error":{"code":-300,"message":"Invalid symbol provided","s":"error"}},"timestamp":"2025-09-22 15:57:00,751+0530","service":"FyersAPI","taskName":"Task-1"}
{"level":"ERROR","location":"[get_call:146] fyersModel","message":{"API":"/history","Error":{"code":-300,"message":"Invalid symbol provided","s":"error"}},"timestamp":"2025-09-22 15:57:13,978+0530","service":"FyersAPI","taskName":"Task-1"}
{"level":"ERROR","location":"[get_call:146] fyersModel","message":{"API":"/history","Error":{"code":-50,"data":{"range_to":"range_to cannot be 100 days greater than range_from for resolutions 1, 2, 3, 5, 10, 15, 20, 30, 45, 60, 120, 180 and 240"},"message":"Invalid input","s":"error"}},"timestamp":"2025-09-22 15:57:37,130+0530","service":"FyersAPI","taskName":"Task-1"}
{"level":"ERROR","location":"[post_call:89] fyersModel","message":{"API":"/orders/sync","Error":{"code":-50,"message":"Invalid input","s":"error"}},"timestamp":"2025-09-22 16:47:03,059+0530","service":"FyersAPI","taskName":"Task-1"}
{"level":"ERROR","location":"[post_call:89] fyersModel","message":{"API":"/orders/sync","Error":{"code":-50,"message":"Invalid input","s":"error"}},"timestamp":"2025-09-22 16:48:32,357+0530","service":"FyersAPI","taskName":"Task-1"}
{"level":"ERROR","location":"[post_call:89] fyersModel","message":{"API":"/orders/sync","Error":{"code":-50,"message":"Invalid input","s":"error"}},"timestamp":"2025-09-22 16:48:47,262+0530","service":"FyersAPI","taskName":"Task-1"}
{"level":"ERROR","location":"[get_call:146] fyersModel","message":{"API":"/history","Error":{"code":-300,"message":"Invalid symbol provided","s":"error"}},"timestamp":"2025-09-22 16:53:00,340+0530","service":"FyersAPI","taskName":"Task-1"}
{"level":"ERROR","location":"[post_call:89] fyersModel","message":{"API":"/orders/sync","Error":{"code":-50,"message":"Invalid input","s":"error"}},"timestamp":"2025-09-22 16:56:27,082+0530","service":"FyersAPI","taskName":"Task-1"}
{"level":"ERROR","location":"[post_call:89] fyersModel","message":{"API":"/orders/sync","Error":{"code":-50,"message":"Invalid input","s":"error"}},"timestamp":"2025-09-22 16:57:14,824+0530","service":"FyersAPI","taskName":"Task-1"}
{"level":"ERROR","location":"[post_call:89] fyersModel","message":{"API":"/orders/sync","Error":{"code":-50,"message":"Invalid input","s":"error"}},"timestamp":"2025-09-22 16:57:26,124+0530","service":"FyersAPI","taskName":"Task-1"}
{"level":"ERROR","location":"[get_call:146] fyersModel","message":{"API":"/quotes","Error":{"message":"Please provide valid token","code":-15,"s":"error"}},"timestamp":"2025-09-22 16:57:48,513+0530","service":"FyersAPI"}
{"level":"ERROR","location":"[post_call:89] fyersModel","message":{"API":"/orders/sync","Error":{"code":-50,"message":"orderTag: Only alphanumeric characters allowed","s":"error"}},"timestamp":"2025-09-22 16:58:16,380+0530","service":"FyersAPI","taskName":"Task-1"}
{"level":"ERROR","location":"[post_call:89] fyersModel","message":{"API":"/orders/sync","Error":{"code":-50,"message":"50 not a multiple of minimum lot size 35","s":"error"}},"timestamp":"2025-09-22 16:58:46,034+0530","service":"FyersAPI","taskName":"Task-1"}
{"level":"ERROR","location":"[get_call:146] fyersModel","message":{"API":"/history","Error":{"code":-300,"message":"Invalid symbol provided","s":"error"}},"timestamp":"2025-09-22 22:06:07,971+0530","service":"FyersAPI","taskName":"Task-1"}
{"level":"ERROR","location":"[get_call:146] fyersModel","message":{"API":"/history","Error":{"code":-16,"message":"Could not authenticate the user","s":"error"}},"timestamp":"2025-09-23 11:26:59,472+0530","service":"FyersAPI","taskName":"Task-1"}
{"level":"ERROR","location":"[get_call:146] fyersModel","message":{"API":"/history","Error":{"code":-16,"message":"Could not authenticate the user","s":"error"}},"timestamp":"2025-09-23 11:27:16,791+0530","service":"FyersAPI","taskName":"Task-1"}
{"level":"ERROR","location":"[get_call:146] fyersModel","message":{"API":"/history","Error":{"code":-16,"message":"Could not authenticate the user","s":"error"}},"timestamp":"2025-09-23 11:30:46,871+0530","service":"FyersAPI","taskName":"Task-1"}
{"level":"ERROR","location":"[get_call:146] fyersModel","message":{"API":"/history","Error":{"code":-300,"message":"Invalid symbol provided","s":"error"}},"timestamp":"2025-09-23 11:36:13,191+0530","service":"FyersAPI","taskName":"Task-1"}
