{"level":"DEBUG","location":"[get_call:140] fyersModel","message":{"Status Code":200,"API":"/profile"},"timestamp":"2025-07-30 18:05:54,219+0530","service":"FyersAPIRequest"}
{"level":"DEBUG","location":"[get_call:140] fyersModel","message":{"Status Code":200,"API":"/profile"},"timestamp":"2025-07-30 18:06:15,006+0530","service":"FyersAPIRequest"}
{"level":"DEBUG","location":"[get_call:140] fyersModel","message":{"Status Code":422,"API":"/history"},"timestamp":"2025-07-30 18:06:15,821+0530","service":"FyersAPIRequest"}
{"level":"DEBUG","location":"[get_call:140] fyersModel","message":{"Status Code":200,"API":"/profile"},"timestamp":"2025-07-30 18:07:41,996+0530","service":"FyersAPIRequest"}
{"level":"DEBUG","location":"[get_call:140] fyersModel","message":{"Status Code":200,"API":"/history"},"timestamp":"2025-07-30 18:07:42,891+0530","service":"FyersAPIRequest"}
{"level":"DEBUG","location":"[get_call:140] fyersModel","message":{"Status Code":200,"API":"/profile"},"timestamp":"2025-07-30 18:08:14,092+0530","service":"FyersAPIRequest"}
{"level":"DEBUG","location":"[get_call:140] fyersModel","message":{"Status Code":200,"API":"/profile"},"timestamp":"2025-07-30 18:09:30,966+0530","service":"FyersAPIRequest"}
{"level":"DEBUG","location":"[get_call:140] fyersModel","message":{"Status Code":200,"API":"/history"},"timestamp":"2025-07-30 18:09:32,014+0530","service":"FyersAPIRequest"}
{"level":"DEBUG","location":"[get_call:140] fyersModel","message":{"Status Code":200,"API":"/profile"},"timestamp":"2025-07-30 18:10:11,071+0530","service":"FyersAPIRequest"}
{"level":"DEBUG","location":"[get_call:140] fyersModel","message":{"Status Code":200,"API":"/history"},"timestamp":"2025-07-30 18:10:11,943+0530","service":"FyersAPIRequest"}
{"level":"DEBUG","location":"[get_call:140] fyersModel","message":{"Status Code":200,"API":"/profile"},"timestamp":"2025-07-30 18:15:43,397+0530","service":"FyersAPIRequest"}
{"level":"DEBUG","location":"[get_call:140] fyersModel","message":{"Status Code":422,"API":"/history"},"timestamp":"2025-07-30 18:15:44,283+0530","service":"FyersAPIRequest"}
{"level":"DEBUG","location":"[get_call:140] fyersModel","message":{"Status Code":422,"API":"/history"},"timestamp":"2025-07-30 18:15:45,285+0530","service":"FyersAPIRequest"}
{"level":"DEBUG","location":"[get_call:140] fyersModel","message":{"Status Code":200,"API":"/history"},"timestamp":"2025-07-30 18:15:46,330+0530","service":"FyersAPIRequest"}
{"level":"DEBUG","location":"[get_call:140] fyersModel","message":{"Status Code":200,"API":"/profile"},"timestamp":"2025-07-30 18:18:13,085+0530","service":"FyersAPIRequest"}
{"level":"DEBUG","location":"[get_call:140] fyersModel","message":{"Status Code":200,"API":"/history"},"timestamp":"2025-07-30 18:18:14,003+0530","service":"FyersAPIRequest"}
{"level":"DEBUG","location":"[get_call:140] fyersModel","message":{"Status Code":200,"API":"/profile"},"timestamp":"2025-07-30 18:19:26,532+0530","service":"FyersAPIRequest"}
{"level":"DEBUG","location":"[get_call:140] fyersModel","message":{"Status Code":200,"API":"/history"},"timestamp":"2025-07-30 18:19:30,513+0530","service":"FyersAPIRequest"}
{"level":"DEBUG","location":"[get_call:140] fyersModel","message":{"Status Code":200,"API":"/profile"},"timestamp":"2025-07-30 18:29:52,603+0530","service":"FyersAPIRequest"}
{"level":"DEBUG","location":"[get_call:140] fyersModel","message":{"Status Code":200,"API":"/history"},"timestamp":"2025-07-30 18:29:56,797+0530","service":"FyersAPIRequest"}
{"level":"DEBUG","location":"[get_call:140] fyersModel","message":{"Status Code":200,"API":"/profile"},"timestamp":"2025-07-30 18:59:52,073+0530","service":"FyersAPIRequest"}
{"level":"DEBUG","location":"[get_call:140] fyersModel","message":{"Status Code":200,"API":"/history"},"timestamp":"2025-07-30 18:59:53,187+0530","service":"FyersAPIRequest"}
{"level":"DEBUG","location":"[get_call:140] fyersModel","message":{"Status Code":200,"API":"/profile"},"timestamp":"2025-07-30 19:01:32,951+0530","service":"FyersAPIRequest"}
{"level":"DEBUG","location":"[get_call:140] fyersModel","message":{"Status Code":200,"API":"/history"},"timestamp":"2025-07-30 19:01:34,093+0530","service":"FyersAPIRequest"}
{"level":"DEBUG","location":"[get_call:140] fyersModel","message":{"Status Code":200,"API":"/profile"},"timestamp":"2025-07-30 19:02:28,087+0530","service":"FyersAPIRequest"}
{"level":"DEBUG","location":"[get_call:140] fyersModel","message":{"Status Code":200,"API":"/history"},"timestamp":"2025-07-30 19:02:29,543+0530","service":"FyersAPIRequest"}
{"level":"DEBUG","location":"[get_call:140] fyersModel","message":{"Status Code":200,"API":"/profile"},"timestamp":"2025-07-30 20:20:27,082+0530","service":"FyersAPIRequest"}
{"level":"DEBUG","location":"[get_call:140] fyersModel","message":{"Status Code":200,"API":"/history"},"timestamp":"2025-07-30 20:20:29,167+0530","service":"FyersAPIRequest"}
{"level":"DEBUG","location":"[get_call:140] fyersModel","message":{"Status Code":200,"API":"/profile"},"timestamp":"2025-07-30 20:41:56,872+0530","service":"FyersAPIRequest"}
{"level":"DEBUG","location":"[get_call:140] fyersModel","message":{"Status Code":200,"API":"/profile"},"timestamp":"2025-07-30 20:50:04,683+0530","service":"FyersAPIRequest"}
{"level":"DEBUG","location":"[get_call:140] fyersModel","message":{"Status Code":200,"API":"/history"},"timestamp":"2025-07-30 20:50:09,062+0530","service":"FyersAPIRequest"}
{"level":"DEBUG","location":"[get_call:140] fyersModel","message":{"Status Code":200,"API":"/profile"},"timestamp":"2025-07-30 21:00:28,014+0530","service":"FyersAPIRequest"}
{"level":"DEBUG","location":"[get_call:140] fyersModel","message":{"Status Code":200,"API":"/history"},"timestamp":"2025-07-30 21:00:30,294+0530","service":"FyersAPIRequest"}
{"level":"DEBUG","location":"[get_call:140] fyersModel","message":{"Status Code":200,"API":"/profile"},"timestamp":"2025-07-30 21:05:03,171+0530","service":"FyersAPIRequest"}
{"level":"DEBUG","location":"[get_call:140] fyersModel","message":{"Status Code":200,"API":"/history"},"timestamp":"2025-07-30 21:05:09,403+0530","service":"FyersAPIRequest"}
{"level":"DEBUG","location":"[get_call:140] fyersModel","message":{"Status Code":200,"API":"/profile"},"timestamp":"2025-07-30 21:20:40,795+0530","service":"FyersAPIRequest"}
{"level":"DEBUG","location":"[get_call:140] fyersModel","message":{"Status Code":200,"API":"/history"},"timestamp":"2025-07-30 21:20:42,049+0530","service":"FyersAPIRequest"}
{"level":"DEBUG","location":"[get_call:140] fyersModel","message":{"Status Code":200,"API":"/profile"},"timestamp":"2025-07-30 21:32:37,061+0530","service":"FyersAPIRequest"}
{"level":"DEBUG","location":"[get_call:140] fyersModel","message":{"Status Code":200,"API":"/history"},"timestamp":"2025-07-30 21:32:38,289+0530","service":"FyersAPIRequest"}
{"level":"DEBUG","location":"[get_call:140] fyersModel","message":{"Status Code":200,"API":"/profile"},"timestamp":"2025-07-30 21:47:08,830+0530","service":"FyersAPIRequest"}
{"level":"DEBUG","location":"[get_call:140] fyersModel","message":{"Status Code":200,"API":"/history"},"timestamp":"2025-07-30 21:47:10,165+0530","service":"FyersAPIRequest"}
{"level":"DEBUG","location":"[get_call:140] fyersModel","message":{"Status Code":200,"API":"/profile"},"timestamp":"2025-07-30 21:50:29,753+0530","service":"FyersAPIRequest"}
{"level":"DEBUG","location":"[get_call:140] fyersModel","message":{"Status Code":200,"API":"/history"},"timestamp":"2025-07-30 21:50:33,286+0530","service":"FyersAPIRequest"}
{"level":"DEBUG","location":"[get_call:140] fyersModel","message":{"Status Code":200,"API":"/profile"},"timestamp":"2025-07-30 21:59:52,836+0530","service":"FyersAPIRequest"}
{"level":"DEBUG","location":"[get_call:140] fyersModel","message":{"Status Code":200,"API":"/history"},"timestamp":"2025-07-30 21:59:54,840+0530","service":"FyersAPIRequest"}
{"level":"DEBUG","location":"[get_call:140] fyersModel","message":{"Status Code":200,"API":"/profile"},"timestamp":"2025-07-30 22:11:39,602+0530","service":"FyersAPIRequest"}
{"level":"DEBUG","location":"[get_call:140] fyersModel","message":{"Status Code":200,"API":"/history"},"timestamp":"2025-07-30 22:11:40,896+0530","service":"FyersAPIRequest"}
{"level":"DEBUG","location":"[get_call:140] fyersModel","message":{"Status Code":200,"API":"/profile"},"timestamp":"2025-07-30 22:17:10,183+0530","service":"FyersAPIRequest"}
{"level":"DEBUG","location":"[get_call:140] fyersModel","message":{"Status Code":200,"API":"/history"},"timestamp":"2025-07-30 22:17:11,882+0530","service":"FyersAPIRequest"}
{"level":"DEBUG","location":"[get_call:140] fyersModel","message":{"Status Code":200,"API":"/profile"},"timestamp":"2025-07-30 22:25:06,077+0530","service":"FyersAPIRequest"}
{"level":"DEBUG","location":"[get_call:140] fyersModel","message":{"Status Code":200,"API":"/history"},"timestamp":"2025-07-30 22:25:08,129+0530","service":"FyersAPIRequest"}
{"level":"DEBUG","location":"[get_call:140] fyersModel","message":{"Status Code":200,"API":"/profile"},"timestamp":"2025-07-30 22:27:26,562+0530","service":"FyersAPIRequest"}
{"level":"DEBUG","location":"[get_call:140] fyersModel","message":{"Status Code":200,"API":"/history"},"timestamp":"2025-07-30 22:27:32,280+0530","service":"FyersAPIRequest"}
{"level":"DEBUG","location":"[get_call:140] fyersModel","message":{"Status Code":200,"API":"/profile"},"timestamp":"2025-07-30 22:52:30,283+0530","service":"FyersAPIRequest"}
{"level":"DEBUG","location":"[get_call:140] fyersModel","message":{"Status Code":200,"API":"/history"},"timestamp":"2025-07-30 22:52:33,359+0530","service":"FyersAPIRequest"}
{"level":"DEBUG","location":"[get_call:140] fyersModel","message":{"Status Code":200,"API":"/profile"},"timestamp":"2025-07-30 22:55:05,362+0530","service":"FyersAPIRequest"}
{"level":"DEBUG","location":"[get_call:140] fyersModel","message":{"Status Code":200,"API":"/history"},"timestamp":"2025-07-30 22:55:06,903+0530","service":"FyersAPIRequest"}
{"level":"DEBUG","location":"[get_call:140] fyersModel","message":{"Status Code":200,"API":"/profile"},"timestamp":"2025-07-31 11:38:13,662+0530","service":"FyersAPIRequest"}
{"level":"DEBUG","location":"[get_call:140] fyersModel","message":{"Status Code":200,"API":"/history"},"timestamp":"2025-07-31 11:38:14,977+0530","service":"FyersAPIRequest"}
{"level":"DEBUG","location":"[get_call:140] fyersModel","message":{"Status Code":200,"API":"/profile"},"timestamp":"2025-07-31 11:42:28,776+0530","service":"FyersAPIRequest"}
{"level":"DEBUG","location":"[get_call:140] fyersModel","message":{"Status Code":200,"API":"/history"},"timestamp":"2025-07-31 11:42:29,901+0530","service":"FyersAPIRequest"}
{"level":"DEBUG","location":"[get_call:140] fyersModel","message":{"Status Code":200,"API":"/profile"},"timestamp":"2025-07-31 12:06:01,262+0530","service":"FyersAPIRequest"}
{"level":"DEBUG","location":"[get_call:140] fyersModel","message":{"Status Code":200,"API":"/history"},"timestamp":"2025-07-31 12:06:02,398+0530","service":"FyersAPIRequest"}
{"level":"DEBUG","location":"[get_call:140] fyersModel","message":{"Status Code":200,"API":"/profile"},"timestamp":"2025-07-31 16:49:41,730+0530","service":"FyersAPIRequest","taskName":"Task-16"}
{"level":"DEBUG","location":"[get_call:140] fyersModel","message":{"Status Code":200,"API":"/funds"},"timestamp":"2025-07-31 16:49:43,510+0530","service":"FyersAPIRequest","taskName":"Task-16"}
{"level":"DEBUG","location":"[get_call:140] fyersModel","message":{"Status Code":200,"API":"/profile"},"timestamp":"2025-07-31 16:49:44,736+0530","service":"FyersAPIRequest","taskName":"Task-17"}
{"level":"DEBUG","location":"[get_call:140] fyersModel","message":{"Status Code":200,"API":"/funds"},"timestamp":"2025-07-31 16:49:45,838+0530","service":"FyersAPIRequest","taskName":"Task-17"}
{"level":"DEBUG","location":"[get_call:140] fyersModel","message":{"Status Code":200,"API":"/profile"},"timestamp":"2025-07-31 17:02:55,682+0530","service":"FyersAPIRequest","taskName":"Task-8"}
{"level":"DEBUG","location":"[get_call:140] fyersModel","message":{"Status Code":200,"API":"/funds"},"timestamp":"2025-07-31 17:02:56,976+0530","service":"FyersAPIRequest","taskName":"Task-8"}
{"level":"DEBUG","location":"[get_call:140] fyersModel","message":{"Status Code":200,"API":"/profile"},"timestamp":"2025-07-31 17:02:58,219+0530","service":"FyersAPIRequest","taskName":"Task-9"}
{"level":"DEBUG","location":"[get_call:140] fyersModel","message":{"Status Code":200,"API":"/funds"},"timestamp":"2025-07-31 17:02:59,381+0530","service":"FyersAPIRequest","taskName":"Task-9"}
{"level":"DEBUG","location":"[get_call:140] fyersModel","message":{"Status Code":200,"API":"/profile"},"timestamp":"2025-07-31 18:29:13,622+0530","service":"FyersAPIRequest","taskName":"Task-29"}
{"level":"DEBUG","location":"[get_call:140] fyersModel","message":{"Status Code":200,"API":"/funds"},"timestamp":"2025-07-31 18:29:14,669+0530","service":"FyersAPIRequest","taskName":"Task-29"}
{"level":"DEBUG","location":"[get_call:140] fyersModel","message":{"Status Code":200,"API":"/profile"},"timestamp":"2025-07-31 18:29:16,419+0530","service":"FyersAPIRequest","taskName":"Task-30"}
{"level":"DEBUG","location":"[get_call:140] fyersModel","message":{"Status Code":200,"API":"/funds"},"timestamp":"2025-07-31 18:29:19,076+0530","service":"FyersAPIRequest","taskName":"Task-30"}
{"level":"DEBUG","location":"[get_call:140] fyersModel","message":{"Status Code":200,"API":"/profile"},"timestamp":"2025-07-31 18:41:17,876+0530","service":"FyersAPIRequest","taskName":"Task-13"}
{"level":"DEBUG","location":"[get_call:140] fyersModel","message":{"Status Code":200,"API":"/funds"},"timestamp":"2025-07-31 18:41:20,145+0530","service":"FyersAPIRequest","taskName":"Task-13"}
{"level":"DEBUG","location":"[get_call:140] fyersModel","message":{"Status Code":200,"API":"/profile"},"timestamp":"2025-07-31 18:41:21,269+0530","service":"FyersAPIRequest","taskName":"Task-14"}
{"level":"DEBUG","location":"[get_call:140] fyersModel","message":{"Status Code":200,"API":"/funds"},"timestamp":"2025-07-31 18:41:22,490+0530","service":"FyersAPIRequest","taskName":"Task-14"}
{"level":"DEBUG","location":"[get_call:140] fyersModel","message":{"Status Code":200,"API":"/history"},"timestamp":"2025-07-31 18:42:47,910+0530","service":"FyersAPIRequest","taskName":"Task-20"}
{"level":"DEBUG","location":"[get_call:140] fyersModel","message":{"Status Code":200,"API":"/profile"},"timestamp":"2025-07-31 20:53:00,378+0530","service":"FyersAPIRequest","taskName":"Task-11"}
{"level":"DEBUG","location":"[get_call:140] fyersModel","message":{"Status Code":200,"API":"/funds"},"timestamp":"2025-07-31 20:53:01,859+0530","service":"FyersAPIRequest","taskName":"Task-11"}
{"level":"DEBUG","location":"[get_call:140] fyersModel","message":{"Status Code":200,"API":"/profile"},"timestamp":"2025-07-31 20:53:05,045+0530","service":"FyersAPIRequest","taskName":"Task-12"}
{"level":"DEBUG","location":"[get_call:140] fyersModel","message":{"Status Code":200,"API":"/funds"},"timestamp":"2025-07-31 20:53:07,014+0530","service":"FyersAPIRequest","taskName":"Task-12"}
{"level":"DEBUG","location":"[get_call:140] fyersModel","message":{"Status Code":200,"API":"/profile"},"timestamp":"2025-07-31 21:30:40,600+0530","service":"FyersAPIRequest","taskName":"Task-57"}
{"level":"DEBUG","location":"[get_call:140] fyersModel","message":{"Status Code":200,"API":"/funds"},"timestamp":"2025-07-31 21:30:41,521+0530","service":"FyersAPIRequest","taskName":"Task-57"}
{"level":"DEBUG","location":"[get_call:140] fyersModel","message":{"Status Code":200,"API":"/profile"},"timestamp":"2025-07-31 21:30:57,600+0530","service":"FyersAPIRequest","taskName":"Task-70"}
{"level":"DEBUG","location":"[get_call:140] fyersModel","message":{"Status Code":200,"API":"/funds"},"timestamp":"2025-07-31 21:30:59,340+0530","service":"FyersAPIRequest","taskName":"Task-70"}
{"level":"DEBUG","location":"[get_call:140] fyersModel","message":{"Status Code":200,"API":"/profile"},"timestamp":"2025-07-31 21:31:02,268+0530","service":"FyersAPIRequest","taskName":"Task-76"}
{"level":"DEBUG","location":"[get_call:140] fyersModel","message":{"Status Code":200,"API":"/funds"},"timestamp":"2025-07-31 21:31:03,601+0530","service":"FyersAPIRequest","taskName":"Task-76"}
