2025-04-28 19:57:38,267 INFO Websocket connected
2025-04-28 19:57:39,793 INFO WebSocket connected
2025-04-28 19:57:54,595 INFO Adding job tentatively -- it will be properly scheduled when the scheduler starts
2025-04-28 19:57:54,598 INFO Starting live trading scheduler...
2025-04-28 19:57:54,598 INFO Added job "run_cycle" to job store "default"
2025-04-28 19:57:54,598 INFO Scheduler started
2025-04-28 19:59:47,685 ERROR Connection to remote host was lost. - goodbye
2025-04-28 19:59:52,699 ERROR [Errno 11001] getaddrinfo failed - goodbye
2025-04-28 19:59:54,602 INFO Running job "run_cycle (trigger: interval[0:02:00], next run at: 2025-04-28 19:59:54 IST)" (scheduled at 2025-04-28 19:59:54.595560+05:30)
2025-04-28 19:59:57,702 ERROR [Errno 11001] getaddrinfo failed - goodbye
2025-04-28 20:00:02,706 ERROR [Errno 11001] getaddrinfo failed - goodbye
2025-04-28 20:00:07,708 ERROR [Errno 11001] getaddrinfo failed - goodbye
2025-04-28 20:00:12,712 ERROR [Errno 11001] getaddrinfo failed - goodbye
2025-04-28 20:00:25,681 ERROR Error in run_cycle for Nifty: Error: Unexpected observation shape (1, 60) for Box environment, please use (50, 5) or (n_env, 50, 5) for the observation shape.
2025-04-28 20:00:26,188 INFO Job "run_cycle (trigger: interval[0:02:00], next run at: 2025-04-28 20:01:54 IST)" executed successfully
2025-04-28 20:01:54,600 INFO Running job "run_cycle (trigger: interval[0:02:00], next run at: 2025-04-28 20:03:54 IST)" (scheduled at 2025-04-28 20:01:54.595560+05:30)
2025-04-28 20:01:55,849 ERROR Error in run_cycle for Nifty: Error: Unexpected observation shape (1, 60) for Box environment, please use (50, 5) or (n_env, 50, 5) for the observation shape.
2025-04-28 20:01:56,353 INFO Job "run_cycle (trigger: interval[0:02:00], next run at: 2025-04-28 20:03:54 IST)" executed successfully
2025-04-28 20:03:54,596 INFO Running job "run_cycle (trigger: interval[0:02:00], next run at: 2025-04-28 20:05:54 IST)" (scheduled at 2025-04-28 20:03:54.595560+05:30)
2025-04-28 20:03:55,851 ERROR Error in run_cycle for Nifty: Error: Unexpected observation shape (1, 60) for Box environment, please use (50, 5) or (n_env, 50, 5) for the observation shape.
2025-04-28 20:03:56,359 INFO Job "run_cycle (trigger: interval[0:02:00], next run at: 2025-04-28 20:05:54 IST)" executed successfully
2025-04-28 20:07:51,893 INFO Websocket connected
2025-04-28 20:07:53,266 INFO WebSocket connected
2025-04-28 20:07:55,252 INFO Adding job tentatively -- it will be properly scheduled when the scheduler starts
2025-04-28 20:07:55,254 INFO Starting live trading scheduler...
2025-04-28 20:07:55,254 INFO Added job "run_cycle" to job store "default"
2025-04-28 20:07:55,254 INFO Scheduler started
2025-04-28 20:09:55,265 INFO Running job "run_cycle (trigger: interval[0:02:00], next run at: 2025-04-28 20:09:55 IST)" (scheduled at 2025-04-28 20:09:55.252444+05:30)
2025-04-28 20:09:57,555 ERROR Error in run_cycle for Nifty: unhashable type: 'numpy.ndarray'
2025-04-28 20:09:58,056 INFO Job "run_cycle (trigger: interval[0:02:00], next run at: 2025-04-28 20:11:55 IST)" executed successfully
2025-04-28 20:11:55,258 INFO Running job "run_cycle (trigger: interval[0:02:00], next run at: 2025-04-28 20:13:55 IST)" (scheduled at 2025-04-28 20:11:55.252444+05:30)
2025-04-28 20:11:57,373 ERROR Error in run_cycle for Nifty: unhashable type: 'numpy.ndarray'
2025-04-28 20:11:57,877 INFO Job "run_cycle (trigger: interval[0:02:00], next run at: 2025-04-28 20:13:55 IST)" executed successfully
2025-04-28 20:13:55,265 INFO Running job "run_cycle (trigger: interval[0:02:00], next run at: 2025-04-28 20:15:55 IST)" (scheduled at 2025-04-28 20:13:55.252444+05:30)
2025-04-28 20:13:57,298 ERROR Error in run_cycle for Nifty: unhashable type: 'numpy.ndarray'
2025-04-28 20:13:57,802 INFO Job "run_cycle (trigger: interval[0:02:00], next run at: 2025-04-28 20:15:55 IST)" executed successfully
2025-04-28 20:15:55,263 INFO Running job "run_cycle (trigger: interval[0:02:00], next run at: 2025-04-28 20:17:55 IST)" (scheduled at 2025-04-28 20:15:55.252444+05:30)
2025-04-28 20:15:57,365 ERROR Error in run_cycle for Nifty: unhashable type: 'numpy.ndarray'
2025-04-28 20:15:57,869 INFO Job "run_cycle (trigger: interval[0:02:00], next run at: 2025-04-28 20:17:55 IST)" executed successfully
2025-04-28 20:16:41,885 INFO Websocket connected
2025-04-28 20:16:43,255 INFO WebSocket connected
2025-04-28 20:16:45,428 INFO Adding job tentatively -- it will be properly scheduled when the scheduler starts
2025-04-28 20:16:45,428 INFO Starting live trading scheduler...
2025-04-28 20:16:45,434 INFO Added job "run_cycle" to job store "default"
2025-04-28 20:16:45,434 INFO Scheduler started
2025-04-28 20:17:00,009 INFO Running job "run_cycle (trigger: interval[0:02:00], next run at: 2025-04-28 20:17:00 IST)" (scheduled at 2025-04-28 20:17:00+05:30)
2025-04-28 20:17:01,957 ERROR Error in run_cycle for Nifty: Error: Unexpected observation shape (1, 250) for Box environment, please use (50, 5) or (n_env, 50, 5) for the observation shape.
2025-04-28 20:17:02,460 INFO Job "run_cycle (trigger: interval[0:02:00], next run at: 2025-04-28 20:19:00 IST)" executed successfully
2025-04-28 20:19:00,012 INFO Running job "run_cycle (trigger: interval[0:02:00], next run at: 2025-04-28 20:21:00 IST)" (scheduled at 2025-04-28 20:19:00+05:30)
2025-04-28 20:19:02,158 ERROR Error in run_cycle for Nifty: Error: Unexpected observation shape (1, 250) for Box environment, please use (50, 5) or (n_env, 50, 5) for the observation shape.
2025-04-28 20:19:02,663 INFO Job "run_cycle (trigger: interval[0:02:00], next run at: 2025-04-28 20:21:00 IST)" executed successfully
2025-04-28 20:23:30,439 INFO Websocket connected
2025-04-28 20:23:31,896 INFO WebSocket connected
2025-04-28 20:23:34,945 INFO Adding job tentatively -- it will be properly scheduled when the scheduler starts
2025-04-28 20:23:34,945 INFO Starting live trading scheduler...
2025-04-28 20:23:34,945 INFO Added job "run_cycle" to job store "default"
2025-04-28 20:23:34,945 INFO Scheduler started
2025-04-28 20:25:00,016 INFO Running job "run_cycle (trigger: interval[0:02:00], next run at: 2025-04-28 20:25:00 IST)" (scheduled at 2025-04-28 20:25:00+05:30)
2025-04-28 20:25:02,382 INFO Nifty prediction: HOLD
2025-04-28 20:25:02,883 INFO Job "run_cycle (trigger: interval[0:02:00], next run at: 2025-04-28 20:27:00 IST)" executed successfully
2025-04-28 20:27:00,003 INFO Running job "run_cycle (trigger: interval[0:02:00], next run at: 2025-04-28 20:29:00 IST)" (scheduled at 2025-04-28 20:27:00+05:30)
2025-04-28 20:27:02,514 INFO Nifty prediction: HOLD
2025-04-28 20:27:03,016 INFO Job "run_cycle (trigger: interval[0:02:00], next run at: 2025-04-28 20:29:00 IST)" executed successfully
2025-04-28 20:29:00,010 INFO Shutting down...
