2025-08-19 02:56:17,587 - INFO - Training Started: 1 episodes across 2 symbols
2025-08-19 02:56:17,587 - INFO - ================================================================================
2025-08-19 02:56:17,587 - INFO - TRAINING SESSION STARTED
2025-08-19 02:56:17,587 - INFO - ================================================================================
2025-08-19 02:56:17,587 - INFO - Total Episodes: 1
2025-08-19 02:56:17,587 - INFO - Symbols: ['RELIANCE_1', 'Bank_Nifty_5']
2025-08-19 02:56:17,587 - INFO - Configuration Hash: unknown
2025-08-19 02:56:17,587 - INFO - Iteration Directory: research/results\iteration_005
2025-08-19 02:56:17,600 - INFO - ================================================================================
2025-08-19 02:56:17,600 - INFO - 
--- EPISODE 1 START ---
2025-08-19 02:56:17,600 - INFO - Symbol: RELIANCE_1
2025-08-19 02:56:17,600 - INFO - Initial Capital: ₹100,000.00
2025-08-19 02:56:17,600 - INFO - Start Time: 2025-08-19 02:56:17
2025-08-19 02:56:17,990 - DEBUG - STEP    1 | 18 August 12:31:14 | RELIANCE_1 | HOLD | Qty: 67740.5390625 | Capital: Rs100,000 -> Rs100,000 | P&L: Rs0 | WR: 0.0% | Entry: N/A | SL: N/A | Target: N/A | Reward: 0.0000
2025-08-19 02:56:18,175 - DEBUG - STEP    2 | 18 August 12:36:14 | RELIANCE_1 | SELL_SHORT | Qty: 72207.953125 | Capital: Rs100,000 -> Rs99,975 | P&L: Rs-25 | WR: 0.0% | Entry: 3061.56 | SL: 3223.38 | Target: 2737.92 | Reward: -0.0251
2025-08-19 02:56:18,360 - DEBUG - STEP    3 | 18 August 12:41:14 | RELIANCE_1 | HOLD | Qty: 67440.1953125 | Capital: Rs100,000 -> Rs99,975 | P&L: Rs-25 | WR: 0.0% | Entry: 3061.56 | SL: 3223.38 | Target: 2737.92 | Reward: 0.4396
2025-08-19 02:56:18,600 - DEBUG - STEP    4 | 18 August 12:46:14 | RELIANCE_1 | HOLD | Qty: 50349.921875 | Capital: Rs100,000 -> Rs99,975 | P&L: Rs-25 | WR: 0.0% | Entry: 3061.56 | SL: 3223.38 | Target: 2737.92 | Reward: -0.5197
2025-08-19 02:56:18,813 - DEBUG - STEP    5 | 18 August 12:51:14 | RELIANCE_1 | HOLD | Qty: 44703.30078125 | Capital: Rs100,000 -> Rs99,975 | P&L: Rs-25 | WR: 0.0% | Entry: 3061.56 | SL: 3223.38 | Target: 2737.92 | Reward: 1.2412
2025-08-19 02:56:19,015 - DEBUG - STEP    6 | 18 August 12:56:14 | RELIANCE_1 | CLOSE_SHORT | Qty: 70330.28125 | Capital: Rs100,000 -> Rs101,497 | P&L: Rs1,497 | WR: 100.0% | Entry: N/A | SL: N/A | Target: N/A | Reward: 1.5775
2025-08-19 02:56:19,224 - DEBUG - STEP    7 | 18 August 13:01:14 | RELIANCE_1 | SELL_SHORT | Qty: 64461.3671875 | Capital: Rs100,000 -> Rs101,472 | P&L: Rs1,472 | WR: 100.0% | Entry: 2972.12 | SL: 3117.305 | Target: 2681.75 | Reward: 0.0250
2025-08-19 02:56:19,454 - DEBUG - STEP    8 | 18 August 13:06:14 | RELIANCE_1 | CLOSE_SHORT | Qty: 37309.11328125 | Capital: Rs100,000 -> Rs99,260 | P&L: Rs-740 | WR: 50.0% | Entry: 2972.12 | SL: 3117.305 | Target: 2681.75 | Reward: -2.2813
2025-08-19 02:56:19,684 - DEBUG - STEP    9 | 18 August 13:11:14 | RELIANCE_1 | HOLD | Qty: 44720.1796875 | Capital: Rs100,000 -> Rs99,260 | P&L: Rs-740 | WR: 50.0% | Entry: 2972.12 | SL: 3117.305 | Target: 2681.75 | Reward: 0.0190
2025-08-19 02:56:19,914 - DEBUG - STEP   10 | 18 August 13:16:14 | RELIANCE_1 | HOLD | Qty: 71015.2890625 | Capital: Rs100,000 -> Rs99,260 | P&L: Rs-740 | WR: 50.0% | Entry: 2972.12 | SL: 3117.305 | Target: 2681.75 | Reward: 0.0481
2025-08-19 02:56:20,147 - DEBUG - STEP   11 | 18 August 13:21:14 | RELIANCE_1 | CLOSE_SHORT | Qty: 20347.19921875 | Capital: Rs100,000 -> Rs99,244 | P&L: Rs-756 | WR: 33.3% | Entry: N/A | SL: N/A | Target: N/A | Reward: -0.0478
2025-08-19 02:56:20,387 - DEBUG - STEP   12 | 18 August 13:26:14 | RELIANCE_1 | SELL_SHORT | Qty: 39817.15234375 | Capital: Rs100,000 -> Rs99,219 | P&L: Rs-781 | WR: 33.3% | Entry: 3002.27 | SL: 3152.84 | Target: 2701.13 | Reward: -0.0566
2025-08-19 02:56:20,616 - DEBUG - STEP   13 | 18 August 13:31:14 | RELIANCE_1 | CLOSE_SHORT | Qty: 39072.46875 | Capital: Rs100,000 -> Rs101,982 | P&L: Rs1,982 | WR: 50.0% | Entry: N/A | SL: N/A | Target: N/A | Reward: 2.8611
2025-08-19 02:56:20,854 - DEBUG - STEP   14 | 18 August 13:36:14 | RELIANCE_1 | SELL_SHORT | Qty: 57784.6328125 | Capital: Rs100,000 -> Rs101,957 | P&L: Rs1,957 | WR: 50.0% | Entry: 2895.82 | SL: 3048.415 | Target: 2590.63 | Reward: 0.0680
2025-08-19 02:56:21,066 - DEBUG - STEP   15 | 18 August 13:41:14 | RELIANCE_1 | CLOSE_SHORT | Qty: 46730.1328125 | Capital: Rs100,000 -> Rs104,416 | P&L: Rs4,416 | WR: 60.0% | Entry: N/A | SL: N/A | Target: N/A | Reward: 2.8039
2025-08-19 02:56:21,296 - DEBUG - STEP   16 | 18 August 13:46:14 | RELIANCE_1 | HOLD | Qty: 52470.91015625 | Capital: Rs100,000 -> Rs104,416 | P&L: Rs4,416 | WR: 60.0% | Entry: N/A | SL: N/A | Target: N/A | Reward: 0.3401
2025-08-19 02:56:21,531 - DEBUG - STEP   17 | 18 August 13:51:14 | RELIANCE_1 | BUY_LONG | Qty: 37646.28125 | Capital: Rs100,000 -> Rs104,391 | P&L: Rs4,391 | WR: 60.0% | Entry: 2893.91 | SL: 2729.8399999999997 | Target: 3222.0499999999997 | Reward: 0.3151
2025-08-19 02:56:21,767 - DEBUG - STEP   18 | 18 August 13:56:14 | RELIANCE_1 | CLOSE_LONG | Qty: 55519.62109375 | Capital: Rs100,000 -> Rs101,879 | P&L: Rs1,879 | WR: 50.0% | Entry: N/A | SL: N/A | Target: N/A | Reward: -2.4940
2025-08-19 02:56:21,990 - DEBUG - STEP   19 | 18 August 14:01:14 | RELIANCE_1 | BUY_LONG | Qty: 30760.9453125 | Capital: Rs100,000 -> Rs101,854 | P&L: Rs1,854 | WR: 50.0% | Entry: 2906.77 | SL: 2740.915 | Target: 3238.48 | Reward: -0.0052
2025-08-19 02:56:22,210 - DEBUG - STEP   20 | 18 August 14:06:14 | RELIANCE_1 | CLOSE_LONG | Qty: 64053.734375 | Capital: Rs100,000 -> Rs96,541 | P&L: Rs-3,459 | WR: 42.9% | Entry: N/A | SL: N/A | Target: N/A | Reward: -5.3470
2025-08-19 02:56:22,437 - DEBUG - STEP   21 | 18 August 14:11:14 | RELIANCE_1 | SELL_SHORT | Qty: 52588.12109375 | Capital: Rs100,000 -> Rs96,516 | P&L: Rs-3,484 | WR: 42.9% | Entry: 2649.53 | SL: 2823.0950000000003 | Target: 2302.4 | Reward: -0.0574
2025-08-19 02:56:22,667 - DEBUG - STEP   22 | 18 August 14:16:14 | RELIANCE_1 | HOLD | Qty: 54988.71484375 | Capital: Rs100,000 -> Rs96,516 | P&L: Rs-3,484 | WR: 42.9% | Entry: 2649.53 | SL: 2823.0950000000003 | Target: 2302.4 | Reward: 1.7833
2025-08-19 02:56:22,920 - DEBUG - STEP   23 | 18 August 14:21:14 | RELIANCE_1 | CLOSE_SHORT | Qty: 58007.79296875 | Capital: Rs100,000 -> Rs96,796 | P&L: Rs-3,204 | WR: 50.0% | Entry: N/A | SL: N/A | Target: N/A | Reward: 0.2528
2025-08-19 02:56:23,218 - DEBUG - STEP   24 | 18 August 14:26:14 | RELIANCE_1 | BUY_LONG | Qty: 51393.97265625 | Capital: Rs100,000 -> Rs96,771 | P&L: Rs-3,229 | WR: 50.0% | Entry: 2598.54 | SL: 2435.085 | Target: 2925.45 | Reward: -0.0550
2025-08-19 02:56:23,427 - DEBUG - STEP   25 | 18 August 14:31:14 | RELIANCE_1 | CLOSE_LONG | Qty: 28949.404296875 | Capital: Rs100,000 -> Rs101,025 | P&L: Rs1,025 | WR: 55.6% | Entry: 2598.54 | SL: 2435.085 | Target: 2925.45 | Reward: 4.5072
2025-08-19 02:56:23,682 - DEBUG - STEP   26 | 18 August 14:36:14 | RELIANCE_1 | CLOSE_LONG | Qty: 72311.4453125 | Capital: Rs100,000 -> Rs101,332 | P&L: Rs1,332 | WR: 60.0% | Entry: N/A | SL: N/A | Target: N/A | Reward: 0.3175
2025-08-19 02:56:23,894 - DEBUG - STEP   27 | 18 August 14:41:14 | RELIANCE_1 | HOLD | Qty: 42782.984375 | Capital: Rs100,000 -> Rs101,332 | P&L: Rs1,332 | WR: 60.0% | Entry: N/A | SL: N/A | Target: N/A | Reward: 0.0081
2025-08-19 02:56:24,143 - DEBUG - STEP   28 | 18 August 14:46:14 | RELIANCE_1 | BUY_LONG | Qty: 64185.296875 | Capital: Rs100,000 -> Rs101,307 | P&L: Rs1,307 | WR: 60.0% | Entry: 2731.05 | SL: 2562.4350000000004 | Target: 3068.28 | Reward: -0.0168
2025-08-19 02:56:24,349 - DEBUG - STEP   29 | 18 August 14:51:14 | RELIANCE_1 | CLOSE_LONG | Qty: 26559.65234375 | Capital: Rs100,000 -> Rs100,448 | P&L: Rs448 | WR: 54.5% | Entry: N/A | SL: N/A | Target: N/A | Reward: -0.8589
2025-08-19 02:56:24,589 - DEBUG - STEP   30 | 18 August 14:56:14 | RELIANCE_1 | BUY_LONG | Qty: 85495.078125 | Capital: Rs100,000 -> Rs100,423 | P&L: Rs423 | WR: 54.5% | Entry: 2651.9 | SL: 2472.155 | Target: 3011.3900000000003 | Reward: -0.0237
2025-08-19 02:56:24,832 - DEBUG - STEP   31 | 18 August 15:01:14 | RELIANCE_1 | CLOSE_LONG | Qty: 35323.1796875 | Capital: Rs100,000 -> Rs103,158 | P&L: Rs3,158 | WR: 58.3% | Entry: 2651.9 | SL: 2472.155 | Target: 3011.3900000000003 | Reward: 2.8353
2025-08-19 02:56:25,053 - DEBUG - STEP   32 | 18 August 15:06:14 | RELIANCE_1 | CLOSE_LONG | Qty: 65746.1953125 | Capital: Rs100,000 -> Rs103,153 | P&L: Rs3,153 | WR: 53.8% | Entry: N/A | SL: N/A | Target: N/A | Reward: 0.0119
2025-08-19 02:56:25,268 - DEBUG - STEP   33 | 18 August 15:11:14 | RELIANCE_1 | BUY_LONG | Qty: 57814.14453125 | Capital: Rs100,000 -> Rs103,128 | P&L: Rs3,128 | WR: 53.8% | Entry: 2645.51 | SL: 2470.67 | Target: 2995.19 | Reward: -0.0080
2025-08-19 02:56:25,494 - DEBUG - STEP   34 | 18 August 15:16:14 | RELIANCE_1 | HOLD | Qty: 43682.00390625 | Capital: Rs100,000 -> Rs103,128 | P&L: Rs3,128 | WR: 53.8% | Entry: 2645.51 | SL: 2470.67 | Target: 2995.19 | Reward: 0.2449
2025-08-19 02:56:25,749 - DEBUG - STEP   35 | 18 August 15:21:14 | RELIANCE_1 | CLOSE_LONG | Qty: 77206.2109375 | Capital: Rs100,000 -> Rs107,112 | P&L: Rs7,112 | WR: 57.1% | Entry: 2645.51 | SL: 2470.67 | Target: 2995.19 | Reward: 4.1541
2025-08-19 02:56:25,975 - DEBUG - STEP   36 | 18 August 15:26:14 | RELIANCE_1 | HOLD | Qty: 49362.76171875 | Capital: Rs100,000 -> Rs107,112 | P&L: Rs7,112 | WR: 57.1% | Entry: 2645.51 | SL: 2470.67 | Target: 2995.19 | Reward: 0.1694
2025-08-19 02:56:26,200 - DEBUG - STEP   37 | 18 August 15:31:14 | RELIANCE_1 | HOLD | Qty: 51264.30859375 | Capital: Rs100,000 -> Rs107,112 | P&L: Rs7,112 | WR: 57.1% | Entry: 2645.51 | SL: 2470.67 | Target: 2995.19 | Reward: 0.1764
2025-08-19 02:56:26,419 - DEBUG - STEP   38 | 18 August 15:36:14 | RELIANCE_1 | HOLD | Qty: 38083.4375 | Capital: Rs100,000 -> Rs107,112 | P&L: Rs7,112 | WR: 57.1% | Entry: 2645.51 | SL: 2470.67 | Target: 2995.19 | Reward: 0.3590
2025-08-19 02:56:26,654 - DEBUG - STEP   39 | 18 August 15:41:14 | RELIANCE_1 | CLOSE_LONG | Qty: 57744.24609375 | Capital: Rs100,000 -> Rs107,249 | P&L: Rs7,249 | WR: 60.0% | Entry: N/A | SL: N/A | Target: N/A | Reward: 0.1998
2025-08-19 02:56:26,883 - DEBUG - STEP   40 | 18 August 15:46:14 | RELIANCE_1 | BUY_LONG | Qty: 64271.390625 | Capital: Rs100,000 -> Rs107,224 | P&L: Rs7,224 | WR: 60.0% | Entry: 2827.04 | SL: 2649.395 | Target: 3182.33 | Reward: 0.0360
2025-08-19 02:56:27,107 - DEBUG - STEP   41 | 18 August 15:51:14 | RELIANCE_1 | CLOSE_LONG | Qty: 61984.53125 | Capital: Rs100,000 -> Rs108,597 | P&L: Rs8,597 | WR: 62.5% | Entry: N/A | SL: N/A | Target: N/A | Reward: 1.4504
2025-08-19 02:56:27,356 - DEBUG - STEP   42 | 18 August 15:56:14 | RELIANCE_1 | SELL_SHORT | Qty: 59718.8984375 | Capital: Rs100,000 -> Rs108,572 | P&L: Rs8,572 | WR: 62.5% | Entry: 2839.12 | SL: 3013.63 | Target: 2490.1 | Reward: 0.0476
2025-08-19 02:56:27,590 - DEBUG - STEP   43 | 18 August 16:01:14 | RELIANCE_1 | HOLD | Qty: 67139.53125 | Capital: Rs100,000 -> Rs108,572 | P&L: Rs8,572 | WR: 62.5% | Entry: 2839.12 | SL: 3013.63 | Target: 2490.1 | Reward: 1.1538
2025-08-19 02:56:27,823 - DEBUG - STEP   44 | 18 August 16:06:14 | RELIANCE_1 | CLOSE_SHORT | Qty: 77159.796875 | Capital: Rs100,000 -> Rs112,615 | P&L: Rs12,615 | WR: 64.7% | Entry: N/A | SL: N/A | Target: N/A | Reward: 4.1746
2025-08-19 02:56:28,048 - DEBUG - STEP   45 | 18 August 16:11:14 | RELIANCE_1 | HOLD | Qty: 81105.65625 | Capital: Rs100,000 -> Rs112,615 | P&L: Rs12,615 | WR: 64.7% | Entry: N/A | SL: N/A | Target: N/A | Reward: 0.1272
2025-08-19 02:56:28,286 - DEBUG - STEP   46 | 18 August 16:16:14 | RELIANCE_1 | BUY_LONG | Qty: 57576.8671875 | Capital: Rs100,000 -> Rs112,590 | P&L: Rs12,590 | WR: 64.7% | Entry: 2932.79 | SL: 2760.98 | Target: 3276.41 | Reward: 0.1022
2025-08-19 02:56:28,503 - DEBUG - STEP   47 | 18 August 16:21:14 | RELIANCE_1 | HOLD | Qty: 23845.63671875 | Capital: Rs100,000 -> Rs112,590 | P&L: Rs12,590 | WR: 64.7% | Entry: 2932.79 | SL: 2760.98 | Target: 3276.41 | Reward: 3.2035
2025-08-19 02:56:28,738 - DEBUG - STEP   48 | 18 August 16:26:14 | RELIANCE_1 | CLOSE_LONG | Qty: 45100.1171875 | Capital: Rs100,000 -> Rs119,067 | P&L: Rs19,067 | WR: 66.7% | Entry: 2932.79 | SL: 2760.98 | Target: 3276.41 | Reward: 7.0489
2025-08-19 02:56:29,103 - DEBUG - STEP   49 | 18 August 16:31:14 | RELIANCE_1 | CLOSE_LONG | Qty: 36272.140625 | Capital: Rs100,000 -> Rs119,332 | P&L: Rs19,332 | WR: 68.4% | Entry: N/A | SL: N/A | Target: N/A | Reward: 0.4770
2025-08-19 02:56:29,326 - DEBUG - STEP   50 | 18 August 16:36:14 | RELIANCE_1 | HOLD | Qty: 72327.6484375 | Capital: Rs100,000 -> Rs119,332 | P&L: Rs19,332 | WR: 68.4% | Entry: N/A | SL: N/A | Target: N/A | Reward: 0.2094
2025-08-19 02:56:29,544 - DEBUG - STEP   51 | 18 August 16:41:14 | RELIANCE_1 | HOLD | Qty: 53732.0 | Capital: Rs100,000 -> Rs119,332 | P&L: Rs19,332 | WR: 68.4% | Entry: N/A | SL: N/A | Target: N/A | Reward: 0.2094
2025-08-19 02:56:29,783 - DEBUG - STEP   52 | 18 August 16:46:14 | RELIANCE_1 | HOLD | Qty: 44150.2265625 | Capital: Rs100,000 -> Rs119,332 | P&L: Rs19,332 | WR: 68.4% | Entry: N/A | SL: N/A | Target: N/A | Reward: 0.2095
2025-08-19 02:56:30,016 - DEBUG - STEP   53 | 18 August 16:51:14 | RELIANCE_1 | HOLD | Qty: 44806.36328125 | Capital: Rs100,000 -> Rs119,332 | P&L: Rs19,332 | WR: 68.4% | Entry: N/A | SL: N/A | Target: N/A | Reward: 0.2095
2025-08-19 02:56:30,257 - DEBUG - STEP   54 | 18 August 16:56:14 | RELIANCE_1 | BUY_LONG | Qty: 73651.65625 | Capital: Rs100,000 -> Rs119,307 | P&L: Rs19,307 | WR: 68.4% | Entry: 3220.04 | SL: 3043.97 | Target: 3572.18 | Reward: 0.3424
2025-08-19 02:56:30,473 - DEBUG - STEP   55 | 18 August 17:01:14 | RELIANCE_1 | CLOSE_LONG | Qty: 77167.640625 | Capital: Rs100,000 -> Rs117,362 | P&L: Rs17,362 | WR: 65.0% | Entry: N/A | SL: N/A | Target: N/A | Reward: -1.7224
2025-08-19 02:56:30,698 - DEBUG - STEP   56 | 18 August 17:06:14 | RELIANCE_1 | HOLD | Qty: 49276.69140625 | Capital: Rs100,000 -> Rs117,362 | P&L: Rs17,362 | WR: 65.0% | Entry: N/A | SL: N/A | Target: N/A | Reward: 0.2245
2025-08-19 02:56:30,947 - DEBUG - STEP   57 | 18 August 17:11:14 | RELIANCE_1 | BUY_LONG | Qty: 71171.4609375 | Capital: Rs100,000 -> Rs117,337 | P&L: Rs17,337 | WR: 65.0% | Entry: 2973.24 | SL: 2771.3999999999996 | Target: 3376.9199999999996 | Reward: 0.1995
2025-08-19 02:56:31,176 - DEBUG - STEP   58 | 18 August 17:16:14 | RELIANCE_1 | CLOSE_LONG | Qty: 55808.4609375 | Capital: Rs100,000 -> Rs113,679 | P&L: Rs13,679 | WR: 61.9% | Entry: N/A | SL: N/A | Target: N/A | Reward: -3.5861
2025-08-19 02:56:31,405 - DEBUG - STEP   59 | 18 August 17:21:14 | RELIANCE_1 | HOLD | Qty: 33385.78515625 | Capital: Rs100,000 -> Rs113,679 | P&L: Rs13,679 | WR: 61.9% | Entry: N/A | SL: N/A | Target: N/A | Reward: 0.0736
2025-08-19 02:56:31,607 - DEBUG - STEP   60 | 18 August 17:26:14 | RELIANCE_1 | SELL_SHORT | Qty: 57933.33984375 | Capital: Rs100,000 -> Rs113,654 | P&L: Rs13,654 | WR: 61.9% | Entry: 2976.27 | SL: 3164.55 | Target: 2599.71 | Reward: 0.0486
2025-08-19 02:56:31,845 - DEBUG - STEP   61 | 18 August 17:31:14 | RELIANCE_1 | CLOSE_SHORT | Qty: 43317.37890625 | Capital: Rs100,000 -> Rs109,918 | P&L: Rs9,918 | WR: 59.1% | Entry: 2976.27 | SL: 3164.55 | Target: 2599.71 | Reward: -3.9311
2025-08-19 02:56:32,082 - DEBUG - STEP   62 | 18 August 17:36:14 | RELIANCE_1 | HOLD | Qty: 49651.44921875 | Capital: Rs100,000 -> Rs109,918 | P&L: Rs9,918 | WR: 59.1% | Entry: 2976.27 | SL: 3164.55 | Target: 2599.71 | Reward: -0.3048
2025-08-19 02:56:32,311 - DEBUG - STEP   63 | 18 August 17:41:14 | RELIANCE_1 | HOLD | Qty: 46188.453125 | Capital: Rs100,000 -> Rs109,918 | P&L: Rs9,918 | WR: 59.1% | Entry: 2976.27 | SL: 3164.55 | Target: 2599.71 | Reward: -0.3064
2025-08-19 02:56:32,540 - DEBUG - STEP   64 | 18 August 17:46:14 | RELIANCE_1 | HOLD | Qty: 55094.8046875 | Capital: Rs100,000 -> Rs109,918 | P&L: Rs9,918 | WR: 59.1% | Entry: 2976.27 | SL: 3164.55 | Target: 2599.71 | Reward: -0.0894
2025-08-19 02:56:32,757 - DEBUG - STEP   65 | 18 August 17:51:14 | RELIANCE_1 | CLOSE_SHORT | Qty: 20034.962890625 | Capital: Rs100,000 -> Rs109,741 | P&L: Rs9,741 | WR: 56.5% | Entry: N/A | SL: N/A | Target: N/A | Reward: -0.1682
2025-08-19 02:56:32,992 - DEBUG - STEP   66 | 18 August 17:56:14 | RELIANCE_1 | SELL_SHORT | Qty: 59933.0078125 | Capital: Rs100,000 -> Rs109,716 | P&L: Rs9,716 | WR: 56.5% | Entry: 3002.97 | SL: 3183.9449999999997 | Target: 2641.0199999999995 | Reward: 0.0120
2025-08-19 02:56:33,270 - DEBUG - STEP   67 | 18 August 18:01:14 | RELIANCE_1 | CLOSE_SHORT | Qty: 71504.3671875 | Capital: Rs100,000 -> Rs105,849 | P&L: Rs5,849 | WR: 54.2% | Entry: 3002.97 | SL: 3183.9449999999997 | Target: 2641.0199999999995 | Reward: -3.9883
2025-08-19 02:56:33,510 - DEBUG - STEP   68 | 18 August 18:06:14 | RELIANCE_1 | HOLD | Qty: 44513.13671875 | Capital: Rs100,000 -> Rs105,633 | P&L: Rs5,633 | WR: 52.0% | Entry: N/A | SL: N/A | Target: N/A | Reward: -0.1849 | Exit: STOP_LOSS_HIT
2025-08-19 02:56:33,740 - DEBUG - STEP   69 | 18 August 18:11:14 | RELIANCE_1 | BUY_LONG | Qty: 67663.2734375 | Capital: Rs100,000 -> Rs105,608 | P&L: Rs5,608 | WR: 52.0% | Entry: 3183.24 | SL: 2993.4449999999997 | Target: 3562.83 | Reward: 0.0061
2025-08-19 02:56:33,956 - DEBUG - STEP   70 | 18 August 18:16:14 | RELIANCE_1 | CLOSE_LONG | Qty: 38809.36328125 | Capital: Rs100,000 -> Rs99,310 | P&L: Rs-690 | WR: 50.0% | Entry: N/A | SL: N/A | Target: N/A | Reward: -6.3305 | Exit: STOP_LOSS_HIT
2025-08-19 02:56:34,180 - DEBUG - STEP   71 | 18 August 18:21:14 | RELIANCE_1 | SELL_SHORT | Qty: 28004.7734375 | Capital: Rs100,000 -> Rs99,285 | P&L: Rs-715 | WR: 50.0% | Entry: 3183.95 | SL: 3391.9399999999996 | Target: 2767.97 | Reward: -0.0553
2025-08-19 02:56:34,420 - DEBUG - STEP   72 | 18 August 18:26:14 | RELIANCE_1 | CLOSE_SHORT | Qty: 58347.90234375 | Capital: Rs100,000 -> Rs102,654 | P&L: Rs2,654 | WR: 51.9% | Entry: N/A | SL: N/A | Target: N/A | Reward: 3.3484
2025-08-19 02:56:34,659 - DEBUG - STEP   73 | 18 August 18:31:14 | RELIANCE_1 | BUY_LONG | Qty: 29452.28515625 | Capital: Rs100,000 -> Rs102,629 | P&L: Rs2,629 | WR: 51.9% | Entry: 3172.27 | SL: 2957.005 | Target: 3602.8 | Reward: -0.0512
2025-08-19 02:56:34,882 - DEBUG - STEP   74 | 18 August 18:36:14 | RELIANCE_1 | HOLD | Qty: 66086.1171875 | Capital: Rs100,000 -> Rs102,629 | P&L: Rs2,629 | WR: 51.9% | Entry: 3172.27 | SL: 2957.005 | Target: 3602.8 | Reward: -3.8528
2025-08-19 02:56:35,110 - DEBUG - STEP   75 | 18 August 18:41:14 | RELIANCE_1 | HOLD | Qty: 40052.33203125 | Capital: Rs100,000 -> Rs102,629 | P&L: Rs2,629 | WR: 51.9% | Entry: 3172.27 | SL: 2957.005 | Target: 3602.8 | Reward: -2.2108
2025-08-19 02:56:35,348 - DEBUG - STEP   76 | 18 August 18:46:14 | RELIANCE_1 | CLOSE_LONG | Qty: 46166.7109375 | Capital: Rs100,000 -> Rs99,167 | P&L: Rs-833 | WR: 50.0% | Entry: N/A | SL: N/A | Target: N/A | Reward: -3.5032
2025-08-19 02:56:35,588 - DEBUG - STEP   77 | 18 August 18:51:14 | RELIANCE_1 | BUY_LONG | Qty: 47351.2734375 | Capital: Rs100,000 -> Rs99,142 | P&L: Rs-858 | WR: 50.0% | Entry: 3007.97 | SL: 2801.21 | Target: 3421.49 | Reward: -0.0621
2025-08-19 02:56:35,826 - DEBUG - STEP   78 | 18 August 18:56:14 | RELIANCE_1 | CLOSE_LONG | Qty: 44565.1875 | Capital: Rs100,000 -> Rs98,043 | P&L: Rs-1,957 | WR: 48.3% | Entry: N/A | SL: N/A | Target: N/A | Reward: -1.1432
2025-08-19 02:56:36,054 - DEBUG - STEP   79 | 18 August 19:01:14 | RELIANCE_1 | SELL_SHORT | Qty: 30955.97265625 | Capital: Rs100,000 -> Rs98,018 | P&L: Rs-1,982 | WR: 48.3% | Entry: 3089.37 | SL: 3299.865 | Target: 2668.38 | Reward: -0.0756
2025-08-19 02:56:36,284 - DEBUG - STEP   80 | 18 August 19:06:14 | RELIANCE_1 | HOLD | Qty: 63224.23828125 | Capital: Rs100,000 -> Rs98,018 | P&L: Rs-1,982 | WR: 48.3% | Entry: 3089.37 | SL: 3299.865 | Target: 2668.38 | Reward: 2.7706
2025-08-19 02:56:36,516 - DEBUG - STEP   81 | 18 August 19:11:14 | RELIANCE_1 | HOLD | Qty: 33152.54296875 | Capital: Rs100,000 -> Rs98,018 | P&L: Rs-1,982 | WR: 48.3% | Entry: 3089.37 | SL: 3299.865 | Target: 2668.38 | Reward: 2.8956
2025-08-19 02:56:36,765 - DEBUG - STEP   82 | 18 August 19:16:14 | RELIANCE_1 | HOLD | Qty: 62182.046875 | Capital: Rs100,000 -> Rs98,018 | P&L: Rs-1,982 | WR: 48.3% | Entry: 3089.37 | SL: 3299.865 | Target: 2668.38 | Reward: 2.7529
2025-08-19 02:56:37,003 - DEBUG - STEP   83 | 18 August 19:21:14 | RELIANCE_1 | HOLD | Qty: 55296.77734375 | Capital: Rs100,000 -> Rs98,018 | P&L: Rs-1,982 | WR: 48.3% | Entry: 3089.37 | SL: 3299.865 | Target: 2668.38 | Reward: 0.4294
2025-08-19 02:56:37,232 - DEBUG - STEP   84 | 18 August 19:26:14 | RELIANCE_1 | HOLD | Qty: 58677.140625 | Capital: Rs100,000 -> Rs98,018 | P&L: Rs-1,982 | WR: 48.3% | Entry: 3089.37 | SL: 3299.865 | Target: 2668.38 | Reward: 0.5091
2025-08-19 02:56:37,458 - DEBUG - STEP   85 | 18 August 19:31:14 | RELIANCE_1 | HOLD | Qty: 60473.74609375 | Capital: Rs100,000 -> Rs98,018 | P&L: Rs-1,982 | WR: 48.3% | Entry: 3089.37 | SL: 3299.865 | Target: 2668.38 | Reward: 1.5132
2025-08-19 02:56:37,682 - DEBUG - STEP   86 | 18 August 19:36:14 | RELIANCE_1 | CLOSE_SHORT | Qty: 59006.38671875 | Capital: Rs100,000 -> Rs106,631 | P&L: Rs6,631 | WR: 50.0% | Entry: N/A | SL: N/A | Target: N/A | Reward: 8.6124
2025-08-19 02:56:37,942 - DEBUG - STEP   87 | 18 August 19:41:14 | RELIANCE_1 | SELL_SHORT | Qty: 58189.1484375 | Capital: Rs100,000 -> Rs106,606 | P&L: Rs6,606 | WR: 50.0% | Entry: 2969.82 | SL: 3179.0550000000003 | Target: 2551.3500000000004 | Reward: -0.0274
2025-08-19 02:56:38,174 - DEBUG - STEP   88 | 18 August 19:46:14 | RELIANCE_1 | HOLD | Qty: 47920.04296875 | Capital: Rs100,000 -> Rs106,606 | P&L: Rs6,606 | WR: 50.0% | Entry: 2969.82 | SL: 3179.0550000000003 | Target: 2551.3500000000004 | Reward: -0.1600
2025-08-19 02:56:38,415 - DEBUG - STEP   89 | 18 August 19:51:14 | RELIANCE_1 | HOLD | Qty: 48397.0546875 | Capital: Rs100,000 -> Rs106,606 | P&L: Rs6,606 | WR: 50.0% | Entry: 2969.82 | SL: 3179.0550000000003 | Target: 2551.3500000000004 | Reward: 1.0548
2025-08-19 02:56:38,647 - DEBUG - STEP   90 | 18 August 19:56:14 | RELIANCE_1 | HOLD | Qty: 59326.90625 | Capital: Rs100,000 -> Rs106,606 | P&L: Rs6,606 | WR: 50.0% | Entry: 2969.82 | SL: 3179.0550000000003 | Target: 2551.3500000000004 | Reward: -1.2609
2025-08-19 02:56:38,865 - DEBUG - STEP   91 | 18 August 20:01:14 | RELIANCE_1 | CLOSE_SHORT | Qty: 34675.33203125 | Capital: Rs100,000 -> Rs103,116 | P&L: Rs3,116 | WR: 48.4% | Entry: 2969.82 | SL: 3179.0550000000003 | Target: 2551.3500000000004 | Reward: -3.6100
2025-08-19 02:56:39,118 - DEBUG - STEP   92 | 18 August 20:06:14 | RELIANCE_1 | HOLD | Qty: 62329.65234375 | Capital: Rs100,000 -> Rs102,902 | P&L: Rs2,902 | WR: 46.9% | Entry: N/A | SL: N/A | Target: N/A | Reward: -0.2215 | Exit: TRAILING_STOP_HIT
2025-08-19 02:56:39,349 - DEBUG - STEP   93 | 18 August 20:11:14 | RELIANCE_1 | SELL_SHORT | Qty: 31756.580078125 | Capital: Rs100,000 -> Rs102,877 | P&L: Rs2,877 | WR: 46.9% | Entry: 3156.88 | SL: 3362.05 | Target: 2746.54 | Reward: -0.0324
2025-08-19 02:56:39,583 - DEBUG - STEP   94 | 18 August 20:16:14 | RELIANCE_1 | HOLD | Qty: 69180.5703125 | Capital: Rs100,000 -> Rs102,877 | P&L: Rs2,877 | WR: 46.9% | Entry: 3156.88 | SL: 3362.05 | Target: 2746.54 | Reward: -4.5033
2025-08-19 02:56:39,805 - DEBUG - STEP   95 | 18 August 20:21:14 | RELIANCE_1 | HOLD | Qty: 57465.36328125 | Capital: Rs100,000 -> Rs96,276 | P&L: Rs-3,724 | WR: 45.5% | Entry: N/A | SL: N/A | Target: N/A | Reward: -6.6476 | Exit: STOP_LOSS_HIT
2025-08-19 02:56:40,081 - DEBUG - STEP   96 | 18 August 20:26:14 | RELIANCE_1 | BUY_LONG | Qty: 65196.98046875 | Capital: Rs100,000 -> Rs96,251 | P&L: Rs-3,749 | WR: 45.5% | Entry: 3461.97 | SL: 3240.54 | Target: 3904.83 | Reward: -0.0573
2025-08-19 02:56:40,322 - DEBUG - STEP   97 | 18 August 20:31:14 | RELIANCE_1 | HOLD | Qty: 64368.9453125 | Capital: Rs100,000 -> Rs96,251 | P&L: Rs-3,749 | WR: 45.5% | Entry: 3461.97 | SL: 3240.54 | Target: 3904.83 | Reward: -0.0715
2025-08-19 02:56:40,548 - DEBUG - STEP   98 | 18 August 20:36:14 | RELIANCE_1 | HOLD | Qty: 60787.88671875 | Capital: Rs100,000 -> Rs96,251 | P&L: Rs-3,749 | WR: 45.5% | Entry: 3461.97 | SL: 3240.54 | Target: 3904.83 | Reward: 3.1148
2025-08-19 02:56:40,788 - DEBUG - STEP   99 | 18 August 20:41:14 | RELIANCE_1 | CLOSE_LONG | Qty: 39787.61328125 | Capital: Rs100,000 -> Rs102,187 | P&L: Rs2,187 | WR: 47.1% | Entry: 3461.97 | SL: 3240.54 | Target: 3904.83 | Reward: 6.1504
2025-08-19 02:56:41,016 - DEBUG - STEP  100 | 18 August 20:46:14 | RELIANCE_1 | HOLD | Qty: 49906.0390625 | Capital: Rs100,000 -> Rs102,187 | P&L: Rs2,187 | WR: 47.1% | Entry: 3461.97 | SL: 3240.54 | Target: 3904.83 | Reward: 0.1517
2025-08-19 02:56:41,238 - DEBUG - STEP  101 | 18 August 20:51:14 | RELIANCE_1 | CLOSE_LONG | Qty: 60079.6875 | Capital: Rs100,000 -> Rs102,363 | P&L: Rs2,363 | WR: 48.6% | Entry: N/A | SL: N/A | Target: N/A | Reward: 0.1484
2025-08-19 02:56:41,483 - DEBUG - STEP  102 | 18 August 20:56:14 | RELIANCE_1 | HOLD | Qty: 70922.5078125 | Capital: Rs100,000 -> Rs102,363 | P&L: Rs2,363 | WR: 48.6% | Entry: N/A | SL: N/A | Target: N/A | Reward: -0.0302
2025-08-19 02:56:41,710 - DEBUG - STEP  103 | 18 August 21:01:14 | RELIANCE_1 | HOLD | Qty: 37936.7734375 | Capital: Rs100,000 -> Rs102,363 | P&L: Rs2,363 | WR: 48.6% | Entry: N/A | SL: N/A | Target: N/A | Reward: -0.0302
2025-08-19 02:56:41,937 - DEBUG - STEP  104 | 18 August 21:06:14 | RELIANCE_1 | BUY_LONG | Qty: 60455.359375 | Capital: Rs100,000 -> Rs102,338 | P&L: Rs2,338 | WR: 48.6% | Entry: 3471.33 | SL: 3240.495 | Target: 3933.0 | Reward: -0.0866
2025-08-19 02:56:42,157 - DEBUG - STEP  105 | 18 August 21:11:14 | RELIANCE_1 | CLOSE_LONG | Qty: 66044.8515625 | Capital: Rs100,000 -> Rs99,552 | P&L: Rs-448 | WR: 47.2% | Entry: N/A | SL: N/A | Target: N/A | Reward: -2.8470
2025-08-19 02:56:42,381 - DEBUG - STEP  106 | 18 August 21:16:14 | RELIANCE_1 | SELL_SHORT | Qty: 29346.501953125 | Capital: Rs100,000 -> Rs99,527 | P&L: Rs-473 | WR: 47.2% | Entry: 3341.11 | SL: 3580.1800000000003 | Target: 2862.9700000000003 | Reward: -0.0838
2025-08-19 02:56:42,620 - DEBUG - STEP  107 | 18 August 21:21:14 | RELIANCE_1 | HOLD | Qty: 43615.37890625 | Capital: Rs100,000 -> Rs99,527 | P&L: Rs-473 | WR: 47.2% | Entry: 3341.11 | SL: 3580.1800000000003 | Target: 2862.9700000000003 | Reward: -1.6666
2025-08-19 02:56:42,856 - DEBUG - STEP  108 | 18 August 21:26:14 | RELIANCE_1 | HOLD | Qty: 36745.3046875 | Capital: Rs100,000 -> Rs99,527 | P&L: Rs-473 | WR: 47.2% | Entry: 3341.11 | SL: 3580.1800000000003 | Target: 2862.9700000000003 | Reward: -3.0429
2025-08-19 02:56:43,098 - DEBUG - STEP  109 | 18 August 21:31:14 | RELIANCE_1 | HOLD | Qty: 47714.21875 | Capital: Rs100,000 -> Rs99,527 | P&L: Rs-473 | WR: 47.2% | Entry: 3341.11 | SL: 3580.1800000000003 | Target: 2862.9700000000003 | Reward: -5.1854
2025-08-19 02:56:43,319 - DEBUG - STEP  110 | 18 August 21:36:14 | RELIANCE_1 | HOLD | Qty: 50018.3828125 | Capital: Rs100,000 -> Rs92,559 | P&L: Rs-7,441 | WR: 45.9% | Entry: N/A | SL: N/A | Target: N/A | Reward: -7.0679 | Exit: STOP_LOSS_HIT
2025-08-19 02:56:43,319 - INFO - --- EPISODE 1 SUMMARY ---
2025-08-19 02:56:43,319 - INFO - Duration: 25.72 seconds
2025-08-19 02:56:43,319 - INFO - Total Steps: 110
2025-08-19 02:56:43,319 - INFO - Final Capital: ₹92,559.14
2025-08-19 02:56:43,319 - INFO - Total P&L: ₹-7,440.86
2025-08-19 02:56:43,319 - INFO - Episode Win Rate: 45.95%
2025-08-19 02:56:43,319 - INFO - Total Trades: 0
2025-08-19 02:56:43,319 - INFO - Training Complete | Episodes: 1 | Final Capital: Rs.92,559 | Total Return: -7.44%
2025-08-19 02:56:43,319 - INFO - [MODEL] HierarchicalReasoningModel | Total: 38.57M | Trainable: 38.57M | Size: 147.13MB | Layers: 97
2025-08-19 02:56:43,319 - INFO - 
2025-08-19 02:56:43,319 - INFO - ================================================================================
2025-08-19 02:56:43,319 - INFO - MODEL ARCHITECTURE ANALYSIS
2025-08-19 02:56:43,319 - INFO - ================================================================================
2025-08-19 02:56:43,319 - INFO - Model Class: HierarchicalReasoningModel
2025-08-19 02:56:43,319 - INFO - Total Parameters: 38.57M (38,569,792)
2025-08-19 02:56:43,319 - INFO - Trainable Parameters: 38.57M (38,569,792)
2025-08-19 02:56:43,319 - INFO - Model Size: 147.13 MB
2025-08-19 02:56:43,319 - INFO - Total Layers: 97
2025-08-19 02:56:43,319 - INFO - 
2025-08-19 02:56:43,319 - INFO - Parameter Breakdown by Module Type:
2025-08-19 02:56:43,319 - INFO - ----------------------------------------
2025-08-19 02:56:43,319 - INFO -   Linear: 38.50M (99.8%)
2025-08-19 02:56:43,319 - INFO -   Embedding: 64.32K (0.2%)
2025-08-19 02:56:43,319 - INFO -   RMSNorm: 9.73K (0.0%)
2025-08-19 02:56:43,319 - INFO - 
2025-08-19 02:56:43,319 - INFO - Top Layers by Parameter Count:
2025-08-19 02:56:43,319 - INFO - ----------------------------------------
2025-08-19 02:56:43,319 - INFO -   input_network.linear_projection: Linear | 3.28M | 6406 -> 512
2025-08-19 02:56:43,319 - INFO -   h_module.layers.0.ff_glu.gate: Linear | 1.05M | 512 -> 2048
2025-08-19 02:56:43,319 - INFO -   h_module.layers.0.ff_glu.linear: Linear | 1.05M | 512 -> 2048
2025-08-19 02:56:43,319 - INFO -   h_module.layers.1.ff_glu.gate: Linear | 1.05M | 512 -> 2048
2025-08-19 02:56:43,319 - INFO -   h_module.layers.1.ff_glu.linear: Linear | 1.05M | 512 -> 2048
2025-08-19 02:56:43,319 - INFO -   h_module.layers.2.ff_glu.gate: Linear | 1.05M | 512 -> 2048
2025-08-19 02:56:43,319 - INFO -   h_module.layers.2.ff_glu.linear: Linear | 1.05M | 512 -> 2048
2025-08-19 02:56:43,319 - INFO -   h_module.layers.3.ff_glu.gate: Linear | 1.05M | 512 -> 2048
2025-08-19 02:56:43,319 - INFO -   h_module.layers.3.ff_glu.linear: Linear | 1.05M | 512 -> 2048
2025-08-19 02:56:43,319 - INFO -   l_module.layers.0.ff_glu.gate: Linear | 1.05M | 512 -> 2048
2025-08-19 02:56:43,319 - INFO - ================================================================================
2025-08-19 02:56:43,319 - INFO - ================================================================================
2025-08-19 02:56:43,319 - INFO - TRAINING SESSION COMPLETED
2025-08-19 02:56:43,319 - INFO - ================================================================================
2025-08-19 02:56:43,319 - INFO - total_episodes: 1
2025-08-19 02:56:43,319 - INFO - initial_capital: 100000.0
2025-08-19 02:56:43,319 - INFO - final_capital: 92559.13500000005
2025-08-19 02:56:43,319 - INFO - total_return: -7440.864999999947
2025-08-19 02:56:43,319 - INFO - total_return_pct: -7.4408649999999525
2025-08-19 02:56:43,319 - INFO - symbol_distribution: {'RELIANCE_1': 1, 'Bank_Nifty_5': 0}
2025-08-19 02:56:43,319 - INFO - avg_episode_reward: -2.2200185160015202
2025-08-19 02:56:43,319 - INFO - total_trades: 37
2025-08-19 02:56:43,319 - INFO - win_rate: 0.4594594594594595
2025-08-19 02:56:43,319 - INFO - profit_factor: 0.8783954589959806
2025-08-19 02:56:43,319 - INFO - avg_pnl_per_trade: -182.1855405405399
2025-08-19 02:56:43,319 - INFO - ================================================================================
