2025-08-19 02:57:24,104 - INFO - Training Started: 1 episodes across 2 symbols
2025-08-19 02:57:24,104 - INFO - ================================================================================
2025-08-19 02:57:24,104 - INFO - TRAINING SESSION STARTED
2025-08-19 02:57:24,104 - INFO - ================================================================================
2025-08-19 02:57:24,104 - INFO - Total Episodes: 1
2025-08-19 02:57:24,104 - INFO - Symbols: ['RELIANCE_1', 'Bank_Nifty_5']
2025-08-19 02:57:24,104 - INFO - Configuration Hash: unknown
2025-08-19 02:57:24,104 - INFO - Iteration Directory: research/results\iteration_006
2025-08-19 02:57:24,104 - INFO - ================================================================================
2025-08-19 02:57:24,104 - INFO - 
--- EPISODE 1 START ---
2025-08-19 02:57:24,104 - INFO - Symbol: RELIANCE_1
2025-08-19 02:57:24,104 - INFO - Initial Capital: ₹100,000.00
2025-08-19 02:57:24,104 - INFO - Start Time: 2025-08-19 02:57:24
2025-08-19 02:57:24,496 - DEBUG - STEP    1 | 18 August 12:32:21 | RELIANCE_1 | HOLD | Qty: 66641.3515625 | Capital: Rs100,000 -> Rs100,000 | P&L: Rs0 | WR: 0.0% | Entry: N/A | SL: N/A | Target: N/A | Reward: 0.0000
2025-08-19 02:57:24,777 - DEBUG - STEP    2 | 18 August 12:37:21 | RELIANCE_1 | SELL_SHORT | Qty: 42042.08984375 | Capital: Rs100,000 -> Rs99,975 | P&L: Rs-25 | WR: 0.0% | Entry: 3061.56 | SL: 3223.38 | Target: 2737.92 | Reward: -0.0251
2025-08-19 02:57:24,971 - DEBUG - STEP    3 | 18 August 12:42:21 | RELIANCE_1 | HOLD | Qty: 73961.171875 | Capital: Rs100,000 -> Rs99,975 | P&L: Rs-25 | WR: 0.0% | Entry: 3061.56 | SL: 3223.38 | Target: 2737.92 | Reward: 0.4396
2025-08-19 02:57:25,154 - DEBUG - STEP    4 | 18 August 12:47:21 | RELIANCE_1 | HOLD | Qty: 35252.015625 | Capital: Rs100,000 -> Rs99,975 | P&L: Rs-25 | WR: 0.0% | Entry: 3061.56 | SL: 3223.38 | Target: 2737.92 | Reward: -0.5197
2025-08-19 02:57:25,376 - DEBUG - STEP    5 | 18 August 12:52:21 | RELIANCE_1 | CLOSE_SHORT | Qty: 53510.73046875 | Capital: Rs100,000 -> Rs101,181 | P&L: Rs1,181 | WR: 100.0% | Entry: N/A | SL: N/A | Target: N/A | Reward: 1.2606
2025-08-19 02:57:25,569 - DEBUG - STEP    6 | 18 August 12:57:21 | RELIANCE_1 | SELL_SHORT | Qty: 49804.3984375 | Capital: Rs100,000 -> Rs101,156 | P&L: Rs1,156 | WR: 100.0% | Entry: 3012.89 | SL: 3162.245 | Target: 2714.18 | Reward: 0.0249
2025-08-19 02:57:25,763 - DEBUG - STEP    7 | 18 August 13:02:21 | RELIANCE_1 | HOLD | Qty: 45709.546875 | Capital: Rs100,000 -> Rs101,156 | P&L: Rs1,156 | WR: 100.0% | Entry: 3012.89 | SL: 3162.245 | Target: 2714.18 | Reward: 1.3959
2025-08-19 02:57:26,047 - DEBUG - STEP    8 | 18 August 13:07:21 | RELIANCE_1 | CLOSE_SHORT | Qty: 55718.23828125 | Capital: Rs100,000 -> Rs100,289 | P&L: Rs289 | WR: 50.0% | Entry: N/A | SL: N/A | Target: N/A | Reward: -0.8690
2025-08-19 02:57:26,333 - DEBUG - STEP    9 | 18 August 13:12:21 | RELIANCE_1 | BUY_LONG | Qty: 38254.59375 | Capital: Rs100,000 -> Rs100,264 | P&L: Rs264 | WR: 50.0% | Entry: 2952.02 | SL: 2810.45 | Target: 3235.16 | Reward: -0.0251
2025-08-19 02:57:26,589 - DEBUG - STEP   10 | 18 August 13:17:21 | RELIANCE_1 | HOLD | Qty: 45566.41015625 | Capital: Rs100,000 -> Rs100,264 | P&L: Rs264 | WR: 50.0% | Entry: 2952.02 | SL: 2810.45 | Target: 3235.16 | Reward: -0.9578
2025-08-19 02:57:26,835 - DEBUG - STEP   11 | 18 August 13:22:21 | RELIANCE_1 | CLOSE_LONG | Qty: 61895.16796875 | Capital: Rs100,000 -> Rs100,269 | P&L: Rs269 | WR: 66.7% | Entry: N/A | SL: N/A | Target: N/A | Reward: 0.0347
2025-08-19 02:57:27,095 - DEBUG - STEP   12 | 18 August 13:27:21 | RELIANCE_1 | SELL_SHORT | Qty: 48194.06640625 | Capital: Rs100,000 -> Rs100,244 | P&L: Rs244 | WR: 66.7% | Entry: 3002.27 | SL: 3152.84 | Target: 2701.13 | Reward: 0.0047
2025-08-19 02:57:27,368 - DEBUG - STEP   13 | 18 August 13:32:21 | RELIANCE_1 | HOLD | Qty: 53970.9453125 | Capital: Rs100,000 -> Rs100,244 | P&L: Rs244 | WR: 66.7% | Entry: 3002.27 | SL: 3152.84 | Target: 2701.13 | Reward: 2.8284
2025-08-19 02:57:27,613 - DEBUG - STEP   14 | 18 August 13:37:21 | RELIANCE_1 | HOLD | Qty: 29420.419921875 | Capital: Rs100,000 -> Rs100,244 | P&L: Rs244 | WR: 66.7% | Entry: 3002.27 | SL: 3152.84 | Target: 2701.13 | Reward: 3.5432
2025-08-19 02:57:27,878 - DEBUG - STEP   15 | 18 August 13:42:21 | RELIANCE_1 | HOLD | Qty: 73934.7421875 | Capital: Rs100,000 -> Rs100,244 | P&L: Rs244 | WR: 66.7% | Entry: 3002.27 | SL: 3152.84 | Target: 2701.13 | Reward: 5.8944
2025-08-19 02:57:28,143 - DEBUG - STEP   16 | 18 August 13:47:21 | RELIANCE_1 | CLOSE_SHORT | Qty: 46748.9453125 | Capital: Rs100,000 -> Rs103,994 | P&L: Rs3,994 | WR: 75.0% | Entry: N/A | SL: N/A | Target: N/A | Reward: 4.7385
2025-08-19 02:57:28,384 - DEBUG - STEP   17 | 18 August 13:52:21 | RELIANCE_1 | SELL_SHORT | Qty: 38046.62109375 | Capital: Rs100,000 -> Rs103,969 | P&L: Rs3,969 | WR: 75.0% | Entry: 2893.91 | SL: 3057.98 | Target: 2565.77 | Reward: 0.9584
2025-08-19 02:57:28,684 - DEBUG - STEP   18 | 18 August 13:57:21 | RELIANCE_1 | CLOSE_SHORT | Qty: 42458.23828125 | Capital: Rs100,000 -> Rs106,342 | P&L: Rs6,342 | WR: 80.0% | Entry: N/A | SL: N/A | Target: N/A | Reward: 3.9315
2025-08-19 02:57:29,022 - DEBUG - STEP   19 | 18 August 14:02:21 | RELIANCE_1 | SELL_SHORT | Qty: 35467.25390625 | Capital: Rs100,000 -> Rs106,317 | P&L: Rs6,317 | WR: 80.0% | Entry: 2906.77 | SL: 3072.625 | Target: 2575.06 | Reward: 1.5285
2025-08-19 02:57:29,262 - DEBUG - STEP   20 | 18 August 14:07:21 | RELIANCE_1 | HOLD | Qty: 46481.50390625 | Capital: Rs100,000 -> Rs106,317 | P&L: Rs6,317 | WR: 80.0% | Entry: 2906.77 | SL: 3072.625 | Target: 2575.06 | Reward: 6.9825
2025-08-19 02:57:29,522 - DEBUG - STEP   21 | 18 August 14:12:21 | RELIANCE_1 | HOLD | Qty: 52254.36328125 | Capital: Rs100,000 -> Rs106,317 | P&L: Rs6,317 | WR: 80.0% | Entry: 2906.77 | SL: 3072.625 | Target: 2575.06 | Reward: 10.8147
2025-08-19 02:57:29,775 - DEBUG - STEP   22 | 18 August 14:17:21 | RELIANCE_1 | HOLD | Qty: 52454.41796875 | Capital: Rs100,000 -> Rs106,317 | P&L: Rs6,317 | WR: 80.0% | Entry: 2906.77 | SL: 3072.625 | Target: 2575.06 | Reward: 12.6299
2025-08-19 02:57:30,077 - DEBUG - STEP   23 | 18 August 14:22:21 | RELIANCE_1 | CLOSE_SHORT | Qty: 49756.57421875 | Capital: Rs100,000 -> Rs115,857 | P&L: Rs15,857 | WR: 83.3% | Entry: N/A | SL: N/A | Target: N/A | Reward: 13.3497
2025-08-19 02:57:30,311 - DEBUG - STEP   24 | 18 August 14:27:21 | RELIANCE_1 | HOLD | Qty: 68704.2734375 | Capital: Rs100,000 -> Rs115,857 | P&L: Rs15,857 | WR: 83.3% | Entry: N/A | SL: N/A | Target: N/A | Reward: 3.8040
2025-08-19 02:57:30,528 - DEBUG - STEP   25 | 18 August 14:32:21 | RELIANCE_1 | BUY_LONG | Qty: 48176.1796875 | Capital: Rs100,000 -> Rs115,832 | P&L: Rs15,832 | WR: 83.3% | Entry: 2721.08 | SL: 2550.485 | Target: 3062.27 | Reward: 3.7790
2025-08-19 02:57:30,765 - DEBUG - STEP   26 | 18 August 14:37:21 | RELIANCE_1 | HOLD | Qty: 48538.515625 | Capital: Rs100,000 -> Rs115,832 | P&L: Rs15,832 | WR: 83.3% | Entry: 2721.08 | SL: 2550.485 | Target: 3062.27 | Reward: 5.8239
2025-08-19 02:57:30,982 - DEBUG - STEP   27 | 18 August 14:42:21 | RELIANCE_1 | HOLD | Qty: 56820.08984375 | Capital: Rs100,000 -> Rs115,832 | P&L: Rs15,832 | WR: 83.3% | Entry: 2721.08 | SL: 2550.485 | Target: 3062.27 | Reward: 5.8882
2025-08-19 02:57:31,212 - DEBUG - STEP   28 | 18 August 14:47:21 | RELIANCE_1 | CLOSE_LONG | Qty: 40558.171875 | Capital: Rs100,000 -> Rs116,216 | P&L: Rs16,216 | WR: 85.7% | Entry: N/A | SL: N/A | Target: N/A | Reward: 4.2710
2025-08-19 02:57:31,420 - DEBUG - STEP   29 | 18 August 14:52:21 | RELIANCE_1 | BUY_LONG | Qty: 59415.23828125 | Capital: Rs100,000 -> Rs116,191 | P&L: Rs16,191 | WR: 85.7% | Entry: 2708.8 | SL: 2537.71 | Target: 3050.98 | Reward: 3.8584
2025-08-19 02:57:31,649 - DEBUG - STEP   30 | 18 August 14:57:21 | RELIANCE_1 | HOLD | Qty: 49695.45703125 | Capital: Rs100,000 -> Rs116,191 | P&L: Rs16,191 | WR: 85.7% | Entry: 2708.8 | SL: 2537.71 | Target: 3050.98 | Reward: 1.4936
2025-08-19 02:57:31,867 - DEBUG - STEP   31 | 18 August 15:02:21 | RELIANCE_1 | CLOSE_LONG | Qty: 29583.689453125 | Capital: Rs100,000 -> Rs116,998 | P&L: Rs16,998 | WR: 87.5% | Entry: N/A | SL: N/A | Target: N/A | Reward: 4.8613
2025-08-19 02:57:32,085 - DEBUG - STEP   32 | 18 August 15:07:21 | RELIANCE_1 | SELL_SHORT | Qty: 38350.671875 | Capital: Rs100,000 -> Rs116,973 | P&L: Rs16,973 | WR: 87.5% | Entry: 2681.84 | SL: 2864.75 | Target: 2316.02 | Reward: 4.0246
2025-08-19 02:57:32,300 - DEBUG - STEP   33 | 18 August 15:12:21 | RELIANCE_1 | HOLD | Qty: 27318.8671875 | Capital: Rs100,000 -> Rs116,973 | P&L: Rs16,973 | WR: 87.5% | Entry: 2681.84 | SL: 2864.75 | Target: 2316.02 | Reward: 5.6124
2025-08-19 02:57:32,514 - DEBUG - STEP   34 | 18 August 15:17:21 | RELIANCE_1 | HOLD | Qty: 44844.3203125 | Capital: Rs100,000 -> Rs116,973 | P&L: Rs16,973 | WR: 87.5% | Entry: 2681.84 | SL: 2864.75 | Target: 2316.02 | Reward: 5.3547
2025-08-19 02:57:32,743 - DEBUG - STEP   35 | 18 August 15:22:21 | RELIANCE_1 | HOLD | Qty: 53625.890625 | Capital: Rs100,000 -> Rs116,973 | P&L: Rs16,973 | WR: 87.5% | Entry: 2681.84 | SL: 2864.75 | Target: 2316.02 | Reward: 0.9411
2025-08-19 02:57:32,970 - DEBUG - STEP   36 | 18 August 15:27:21 | RELIANCE_1 | CLOSE_SHORT | Qty: 18712.736328125 | Capital: Rs100,000 -> Rs113,744 | P&L: Rs13,744 | WR: 77.8% | Entry: 2681.84 | SL: 2864.75 | Target: 2316.02 | Reward: -2.6041
2025-08-19 02:57:33,197 - DEBUG - STEP   37 | 18 August 15:32:21 | RELIANCE_1 | CLOSE_SHORT | Qty: 61813.37890625 | Capital: Rs100,000 -> Rs113,626 | P&L: Rs13,626 | WR: 70.0% | Entry: N/A | SL: N/A | Target: N/A | Reward: 0.5716
2025-08-19 02:57:33,418 - DEBUG - STEP   38 | 18 August 15:37:21 | RELIANCE_1 | HOLD | Qty: 66968.1015625 | Capital: Rs100,000 -> Rs113,626 | P&L: Rs13,626 | WR: 70.0% | Entry: N/A | SL: N/A | Target: N/A | Reward: 0.6902
2025-08-19 02:57:33,631 - DEBUG - STEP   39 | 18 August 15:42:21 | RELIANCE_1 | HOLD | Qty: 56844.50390625 | Capital: Rs100,000 -> Rs113,626 | P&L: Rs13,626 | WR: 70.0% | Entry: N/A | SL: N/A | Target: N/A | Reward: 0.6902
2025-08-19 02:57:33,846 - DEBUG - STEP   40 | 18 August 15:47:21 | RELIANCE_1 | BUY_LONG | Qty: 51635.4765625 | Capital: Rs100,000 -> Rs113,601 | P&L: Rs13,601 | WR: 70.0% | Entry: 2827.04 | SL: 2649.395 | Target: 3182.33 | Reward: 0.6652
2025-08-19 02:57:34,067 - DEBUG - STEP   41 | 18 August 15:52:21 | RELIANCE_1 | HOLD | Qty: 59359.88671875 | Capital: Rs100,000 -> Rs113,601 | P&L: Rs13,601 | WR: 70.0% | Entry: 2827.04 | SL: 2649.395 | Target: 3182.33 | Reward: 2.2128
2025-08-19 02:57:34,289 - DEBUG - STEP   42 | 18 August 15:57:21 | RELIANCE_1 | HOLD | Qty: 26780.666015625 | Capital: Rs100,000 -> Rs113,601 | P&L: Rs13,601 | WR: 70.0% | Entry: 2827.04 | SL: 2649.395 | Target: 3182.33 | Reward: 1.1739
2025-08-19 02:57:34,503 - DEBUG - STEP   43 | 18 August 16:02:21 | RELIANCE_1 | CLOSE_LONG | Qty: 51930.6328125 | Capital: Rs100,000 -> Rs112,911 | P&L: Rs12,911 | WR: 63.6% | Entry: N/A | SL: N/A | Target: N/A | Reward: -0.2508
2025-08-19 02:57:34,737 - DEBUG - STEP   44 | 18 August 16:07:21 | RELIANCE_1 | SELL_SHORT | Qty: 58050.2109375 | Capital: Rs100,000 -> Rs112,886 | P&L: Rs12,886 | WR: 63.6% | Entry: 2731.82 | SL: 2898.635 | Target: 2398.19 | Reward: 0.4156
2025-08-19 02:57:34,948 - DEBUG - STEP   45 | 18 August 16:12:21 | RELIANCE_1 | CLOSE_SHORT | Qty: 61475.28515625 | Capital: Rs100,000 -> Rs108,917 | P&L: Rs8,917 | WR: 58.3% | Entry: 2731.82 | SL: 2898.635 | Target: 2398.19 | Reward: -4.0729
2025-08-19 02:57:35,185 - DEBUG - STEP   46 | 18 August 16:17:21 | RELIANCE_1 | HOLD | Qty: 51935.05859375 | Capital: Rs100,000 -> Rs108,548 | P&L: Rs8,548 | WR: 53.8% | Entry: N/A | SL: N/A | Target: N/A | Reward: -0.2813 | Exit: STOP_LOSS_HIT
2025-08-19 02:57:35,407 - DEBUG - STEP   47 | 18 August 16:22:21 | RELIANCE_1 | SELL_SHORT | Qty: 65064.30859375 | Capital: Rs100,000 -> Rs108,523 | P&L: Rs8,523 | WR: 53.8% | Entry: 3013.73 | SL: 3185.27 | Target: 2670.65 | Reward: 0.0624
2025-08-19 02:57:35,627 - DEBUG - STEP   48 | 18 August 16:27:21 | RELIANCE_1 | HOLD | Qty: 39089.1796875 | Capital: Rs100,000 -> Rs108,523 | P&L: Rs8,523 | WR: 53.8% | Entry: 3013.73 | SL: 3185.27 | Target: 2670.65 | Reward: -3.5109
2025-08-19 02:57:35,844 - DEBUG - STEP   49 | 18 August 16:32:21 | RELIANCE_1 | CLOSE_SHORT | Qty: 12519.1630859375 | Capital: Rs100,000 -> Rs106,073 | P&L: Rs6,073 | WR: 50.0% | Entry: 3013.73 | SL: 3185.27 | Target: 2670.65 | Reward: -2.4711
2025-08-19 02:57:36,064 - DEBUG - STEP   50 | 18 August 16:37:21 | RELIANCE_1 | HOLD | Qty: 53368.09765625 | Capital: Rs100,000 -> Rs106,073 | P&L: Rs6,073 | WR: 50.0% | Entry: 3013.73 | SL: 3185.27 | Target: 2670.65 | Reward: -0.1011
2025-08-19 02:57:36,313 - DEBUG - STEP   51 | 18 August 16:42:21 | RELIANCE_1 | CLOSE_SHORT | Qty: 38764.4453125 | Capital: Rs100,000 -> Rs105,867 | P&L: Rs5,867 | WR: 46.7% | Entry: N/A | SL: N/A | Target: N/A | Reward: -0.1583 | Exit: STOP_LOSS_HIT
2025-08-19 02:57:36,552 - DEBUG - STEP   52 | 18 August 16:47:21 | RELIANCE_1 | SELL_SHORT | Qty: 46647.59375 | Capital: Rs100,000 -> Rs105,842 | P&L: Rs5,842 | WR: 46.7% | Entry: 3305.35 | SL: 3476.605 | Target: 2962.84 | Reward: 0.0242
2025-08-19 02:57:36,831 - DEBUG - STEP   53 | 18 August 16:52:21 | RELIANCE_1 | HOLD | Qty: 69071.0625 | Capital: Rs100,000 -> Rs105,842 | P&L: Rs5,842 | WR: 46.7% | Entry: 3305.35 | SL: 3476.605 | Target: 2962.84 | Reward: 3.5714
2025-08-19 02:57:37,060 - DEBUG - STEP   54 | 18 August 16:57:21 | RELIANCE_1 | CLOSE_SHORT | Qty: 53031.265625 | Capital: Rs100,000 -> Rs108,537 | P&L: Rs8,537 | WR: 50.0% | Entry: N/A | SL: N/A | Target: N/A | Reward: 2.7697
2025-08-19 02:57:37,281 - DEBUG - STEP   55 | 18 August 17:02:21 | RELIANCE_1 | BUY_LONG | Qty: 43670.8046875 | Capital: Rs100,000 -> Rs108,512 | P&L: Rs8,512 | WR: 50.0% | Entry: 3168.42 | SL: 2978.4900000000002 | Target: 3548.28 | Reward: 0.0447
2025-08-19 02:57:37,538 - DEBUG - STEP   56 | 18 August 17:07:21 | RELIANCE_1 | CLOSE_LONG | Qty: 67186.40625 | Capital: Rs100,000 -> Rs102,019 | P&L: Rs2,019 | WR: 47.1% | Entry: N/A | SL: N/A | Target: N/A | Reward: -6.5171 | Exit: STOP_LOSS_HIT
2025-08-19 02:57:37,777 - DEBUG - STEP   57 | 18 August 17:12:21 | RELIANCE_1 | BUY_LONG | Qty: 46920.0625 | Capital: Rs100,000 -> Rs101,994 | P&L: Rs1,994 | WR: 47.1% | Entry: 2973.24 | SL: 2771.3999999999996 | Target: 3376.9199999999996 | Reward: -0.0491
2025-08-19 02:57:38,168 - DEBUG - STEP   58 | 18 August 17:17:21 | RELIANCE_1 | HOLD | Qty: 44925.1484375 | Capital: Rs100,000 -> Rs101,994 | P&L: Rs1,994 | WR: 47.1% | Entry: 2973.24 | SL: 2771.3999999999996 | Target: 3376.9199999999996 | Reward: -3.1824
2025-08-19 02:57:38,435 - DEBUG - STEP   59 | 18 August 17:22:21 | RELIANCE_1 | HOLD | Qty: 49625.08203125 | Capital: Rs100,000 -> Rs101,994 | P&L: Rs1,994 | WR: 47.1% | Entry: 2973.24 | SL: 2771.3999999999996 | Target: 3376.9199999999996 | Reward: -2.6809
2025-08-19 02:57:38,689 - DEBUG - STEP   60 | 18 August 17:27:21 | RELIANCE_1 | HOLD | Qty: 42103.12890625 | Capital: Rs100,000 -> Rs101,994 | P&L: Rs1,994 | WR: 47.1% | Entry: 2973.24 | SL: 2771.3999999999996 | Target: 3376.9199999999996 | Reward: 0.0790
2025-08-19 02:57:38,920 - DEBUG - STEP   61 | 18 August 17:32:21 | RELIANCE_1 | HOLD | Qty: 52787.87109375 | Capital: Rs100,000 -> Rs101,994 | P&L: Rs1,994 | WR: 47.1% | Entry: 2973.24 | SL: 2771.3999999999996 | Target: 3376.9199999999996 | Reward: 3.5743
2025-08-19 02:57:39,144 - DEBUG - STEP   62 | 18 August 17:37:21 | RELIANCE_1 | CLOSE_LONG | Qty: 48072.85546875 | Capital: Rs100,000 -> Rs107,119 | P&L: Rs7,119 | WR: 50.0% | Entry: 2973.24 | SL: 2771.3999999999996 | Target: 3376.9199999999996 | Reward: 5.4756
2025-08-19 02:57:39,394 - DEBUG - STEP   63 | 18 August 17:42:21 | RELIANCE_1 | HOLD | Qty: 63109.234375 | Capital: Rs100,000 -> Rs107,119 | P&L: Rs7,119 | WR: 50.0% | Entry: 2973.24 | SL: 2771.3999999999996 | Target: 3376.9199999999996 | Reward: 0.3481
2025-08-19 02:57:39,654 - DEBUG - STEP   64 | 18 August 17:47:21 | RELIANCE_1 | CLOSE_LONG | Qty: 43918.8515625 | Capital: Rs100,000 -> Rs107,191 | P&L: Rs7,191 | WR: 52.6% | Entry: N/A | SL: N/A | Target: N/A | Reward: 0.0862
2025-08-19 02:57:39,947 - DEBUG - STEP   65 | 18 August 17:52:21 | RELIANCE_1 | SELL_SHORT | Qty: 55335.32421875 | Capital: Rs100,000 -> Rs107,166 | P&L: Rs7,166 | WR: 52.6% | Entry: 3047.24 | SL: 3230.5849999999996 | Target: 2680.5499999999997 | Reward: -0.0090
2025-08-19 02:57:40,194 - DEBUG - STEP   66 | 18 August 17:57:21 | RELIANCE_1 | HOLD | Qty: 66745.1328125 | Capital: Rs100,000 -> Rs107,166 | P&L: Rs7,166 | WR: 52.6% | Entry: 3047.24 | SL: 3230.5849999999996 | Target: 2680.5499999999997 | Reward: 1.5661
2025-08-19 02:57:40,451 - DEBUG - STEP   67 | 18 August 18:02:21 | RELIANCE_1 | CLOSE_SHORT | Qty: 39352.00390625 | Capital: Rs100,000 -> Rs104,913 | P&L: Rs4,913 | WR: 50.0% | Entry: 3047.24 | SL: 3230.5849999999996 | Target: 2680.5499999999997 | Reward: -2.3150
2025-08-19 02:57:40,701 - DEBUG - STEP   68 | 18 August 18:07:21 | RELIANCE_1 | HOLD | Qty: 39278.11328125 | Capital: Rs100,000 -> Rs104,695 | P&L: Rs4,695 | WR: 47.6% | Entry: N/A | SL: N/A | Target: N/A | Reward: -0.1990 | Exit: STOP_LOSS_HIT
2025-08-19 02:57:40,921 - DEBUG - STEP   69 | 18 August 18:12:21 | RELIANCE_1 | HOLD | Qty: 50483.29296875 | Capital: Rs100,000 -> Rs104,695 | P&L: Rs4,695 | WR: 47.6% | Entry: N/A | SL: N/A | Target: N/A | Reward: 0.0194
2025-08-19 02:57:41,154 - DEBUG - STEP   70 | 18 August 18:17:21 | RELIANCE_1 | BUY_LONG | Qty: 47601.9453125 | Capital: Rs100,000 -> Rs104,670 | P&L: Rs4,670 | WR: 47.6% | Entry: 2978.35 | SL: 2779.555 | Target: 3375.94 | Reward: -0.0167
2025-08-19 02:57:41,383 - DEBUG - STEP   71 | 18 August 18:22:21 | RELIANCE_1 | CLOSE_LONG | Qty: 20383.998046875 | Capital: Rs100,000 -> Rs111,214 | P&L: Rs11,214 | WR: 50.0% | Entry: 2978.35 | SL: 2779.555 | Target: 3375.94 | Reward: 7.2007
2025-08-19 02:57:41,645 - DEBUG - STEP   72 | 18 August 18:27:21 | RELIANCE_1 | HOLD | Qty: 39850.828125 | Capital: Rs100,000 -> Rs111,214 | P&L: Rs11,214 | WR: 50.0% | Entry: 2978.35 | SL: 2779.555 | Target: 3375.94 | Reward: 0.3236
2025-08-19 02:57:41,977 - DEBUG - STEP   73 | 18 August 18:32:21 | RELIANCE_1 | HOLD | Qty: 28001.59375 | Capital: Rs100,000 -> Rs111,214 | P&L: Rs11,214 | WR: 50.0% | Entry: 2978.35 | SL: 2779.555 | Target: 3375.94 | Reward: 0.6182
2025-08-19 02:57:42,221 - DEBUG - STEP   74 | 18 August 18:37:21 | RELIANCE_1 | HOLD | Qty: 68687.5703125 | Capital: Rs100,000 -> Rs111,214 | P&L: Rs11,214 | WR: 50.0% | Entry: 2978.35 | SL: 2779.555 | Target: 3375.94 | Reward: 0.2592
2025-08-19 02:57:42,450 - DEBUG - STEP   75 | 18 August 18:42:21 | RELIANCE_1 | HOLD | Qty: 51419.5546875 | Capital: Rs100,000 -> Rs111,214 | P&L: Rs11,214 | WR: 50.0% | Entry: 2978.35 | SL: 2779.555 | Target: 3375.94 | Reward: 0.4133
2025-08-19 02:57:42,700 - DEBUG - STEP   76 | 18 August 18:47:21 | RELIANCE_1 | HOLD | Qty: 63877.94921875 | Capital: Rs100,000 -> Rs111,214 | P&L: Rs11,214 | WR: 50.0% | Entry: 2978.35 | SL: 2779.555 | Target: 3375.94 | Reward: 0.2968
2025-08-19 02:57:42,940 - DEBUG - STEP   77 | 18 August 18:52:21 | RELIANCE_1 | CLOSE_LONG | Qty: 55943.49609375 | Capital: Rs100,000 -> Rs111,268 | P&L: Rs11,268 | WR: 52.2% | Entry: N/A | SL: N/A | Target: N/A | Reward: 0.0832
2025-08-19 02:57:43,173 - DEBUG - STEP   78 | 18 August 18:57:21 | RELIANCE_1 | SELL_SHORT | Qty: 54009.625 | Capital: Rs100,000 -> Rs111,243 | P&L: Rs11,243 | WR: 52.2% | Entry: 2974.72 | SL: 3180.91 | Target: 2562.3399999999997 | Reward: 0.0038
2025-08-19 02:57:43,405 - DEBUG - STEP   79 | 18 August 19:02:21 | RELIANCE_1 | CLOSE_SHORT | Qty: 54870.859375 | Capital: Rs100,000 -> Rs107,080 | P&L: Rs7,080 | WR: 50.0% | Entry: 2974.72 | SL: 3180.91 | Target: 2562.3399999999997 | Reward: -4.3115
2025-08-19 02:57:43,673 - DEBUG - STEP   80 | 18 August 19:07:21 | RELIANCE_1 | CLOSE_SHORT | Qty: 42699.93359375 | Capital: Rs100,000 -> Rs107,022 | P&L: Rs7,022 | WR: 48.0% | Entry: N/A | SL: N/A | Target: N/A | Reward: -0.0926
2025-08-19 02:57:43,887 - DEBUG - STEP   81 | 18 August 19:12:21 | RELIANCE_1 | BUY_LONG | Qty: 41728.98046875 | Capital: Rs100,000 -> Rs106,997 | P&L: Rs6,997 | WR: 48.0% | Entry: 2994.35 | SL: 2795.9 | Target: 3391.25 | Reward: -0.0613
2025-08-19 02:57:44,111 - DEBUG - STEP   82 | 18 August 19:17:21 | RELIANCE_1 | CLOSE_LONG | Qty: 59954.5078125 | Capital: Rs100,000 -> Rs107,123 | P&L: Rs7,123 | WR: 50.0% | Entry: N/A | SL: N/A | Target: N/A | Reward: 0.0928
2025-08-19 02:57:44,335 - DEBUG - STEP   83 | 18 August 19:22:21 | RELIANCE_1 | SELL_SHORT | Qty: 54373.1953125 | Capital: Rs100,000 -> Rs107,098 | P&L: Rs7,098 | WR: 50.0% | Entry: 3073.9 | SL: 3265.525 | Target: 2690.65 | Reward: -0.0633
2025-08-19 02:57:44,569 - DEBUG - STEP   84 | 18 August 19:27:21 | RELIANCE_1 | CLOSE_SHORT | Qty: 75265.0078125 | Capital: Rs100,000 -> Rs107,147 | P&L: Rs7,147 | WR: 51.9% | Entry: N/A | SL: N/A | Target: N/A | Reward: 0.0131
2025-08-19 02:57:44,776 - DEBUG - STEP   85 | 18 August 19:32:21 | RELIANCE_1 | HOLD | Qty: 41638.53515625 | Capital: Rs100,000 -> Rs107,147 | P&L: Rs7,147 | WR: 51.9% | Entry: N/A | SL: N/A | Target: N/A | Reward: -0.0368
2025-08-19 02:57:45,003 - DEBUG - STEP   86 | 18 August 19:37:21 | RELIANCE_1 | HOLD | Qty: 32968.58984375 | Capital: Rs100,000 -> Rs107,147 | P&L: Rs7,147 | WR: 51.9% | Entry: N/A | SL: N/A | Target: N/A | Reward: -0.0368
2025-08-19 02:57:45,235 - DEBUG - STEP   87 | 18 August 19:42:21 | RELIANCE_1 | HOLD | Qty: 51286.546875 | Capital: Rs100,000 -> Rs107,147 | P&L: Rs7,147 | WR: 51.9% | Entry: N/A | SL: N/A | Target: N/A | Reward: -0.0368
2025-08-19 02:57:45,451 - DEBUG - STEP   88 | 18 August 19:47:21 | RELIANCE_1 | HOLD | Qty: 50450.6484375 | Capital: Rs100,000 -> Rs107,147 | P&L: Rs7,147 | WR: 51.9% | Entry: N/A | SL: N/A | Target: N/A | Reward: -0.0368
2025-08-19 02:57:45,680 - DEBUG - STEP   89 | 18 August 19:52:21 | RELIANCE_1 | HOLD | Qty: 47729.453125 | Capital: Rs100,000 -> Rs107,147 | P&L: Rs7,147 | WR: 51.9% | Entry: N/A | SL: N/A | Target: N/A | Reward: -0.0368
2025-08-19 02:57:45,896 - DEBUG - STEP   90 | 18 August 19:57:21 | RELIANCE_1 | SELL_SHORT | Qty: 35319.21484375 | Capital: Rs100,000 -> Rs107,122 | P&L: Rs7,122 | WR: 51.9% | Entry: 3005.91 | SL: 3213.5249999999996 | Target: 2590.68 | Reward: -0.0540
2025-08-19 02:57:46,164 - DEBUG - STEP   91 | 18 August 20:02:21 | RELIANCE_1 | HOLD | Qty: 30752.2421875 | Capital: Rs100,000 -> Rs107,122 | P&L: Rs7,122 | WR: 51.9% | Entry: 3005.91 | SL: 3213.5249999999996 | Target: 2590.68 | Reward: -2.3229
2025-08-19 02:57:46,390 - DEBUG - STEP   92 | 18 August 20:07:21 | RELIANCE_1 | CLOSE_SHORT | Qty: 64178.74609375 | Capital: Rs100,000 -> Rs102,334 | P&L: Rs2,334 | WR: 50.0% | Entry: 3005.91 | SL: 3213.5249999999996 | Target: 2590.68 | Reward: -5.1336
2025-08-19 02:57:46,627 - DEBUG - STEP   93 | 18 August 20:12:21 | RELIANCE_1 | HOLD | Qty: 30920.650390625 | Capital: Rs100,000 -> Rs102,334 | P&L: Rs2,334 | WR: 50.0% | Entry: 3005.91 | SL: 3213.5249999999996 | Target: 2590.68 | Reward: -0.3574
2025-08-19 02:57:46,915 - DEBUG - STEP   94 | 18 August 20:17:21 | RELIANCE_1 | CLOSE_SHORT | Qty: 44777.03515625 | Capital: Rs100,000 -> Rs101,884 | P&L: Rs1,884 | WR: 48.3% | Entry: N/A | SL: N/A | Target: N/A | Reward: -0.5098 | Exit: STOP_LOSS_HIT
2025-08-19 02:57:47,232 - DEBUG - STEP   95 | 18 August 20:22:21 | RELIANCE_1 | SELL_SHORT | Qty: 33607.7109375 | Capital: Rs100,000 -> Rs101,859 | P&L: Rs1,859 | WR: 48.3% | Entry: 3524.14 | SL: 3747.355 | Target: 3077.71 | Reward: -0.0803
2025-08-19 02:57:47,460 - DEBUG - STEP   96 | 18 August 20:27:21 | RELIANCE_1 | CLOSE_SHORT | Qty: 41544.54296875 | Capital: Rs100,000 -> Rs103,564 | P&L: Rs3,564 | WR: 50.0% | Entry: N/A | SL: N/A | Target: N/A | Reward: 1.6771
2025-08-19 02:57:47,670 - DEBUG - STEP   97 | 18 August 20:32:21 | RELIANCE_1 | HOLD | Qty: 58038.6484375 | Capital: Rs100,000 -> Rs103,564 | P&L: Rs3,564 | WR: 50.0% | Entry: N/A | SL: N/A | Target: N/A | Reward: -0.0337
2025-08-19 02:57:47,946 - DEBUG - STEP   98 | 18 August 20:37:21 | RELIANCE_1 | BUY_LONG | Qty: 43762.6640625 | Capital: Rs100,000 -> Rs103,539 | P&L: Rs3,539 | WR: 50.0% | Entry: 3578.51 | SL: 3351.3500000000004 | Target: 4032.8300000000004 | Reward: -0.0498
2025-08-19 02:57:48,173 - DEBUG - STEP   99 | 18 August 20:42:21 | RELIANCE_1 | CLOSE_LONG | Qty: 68751.5078125 | Capital: Rs100,000 -> Rs106,671 | P&L: Rs6,671 | WR: 51.6% | Entry: N/A | SL: N/A | Target: N/A | Reward: 3.1288
2025-08-19 02:57:48,412 - DEBUG - STEP  100 | 18 August 20:47:21 | RELIANCE_1 | SELL_SHORT | Qty: 62669.3359375 | Capital: Rs100,000 -> Rs106,646 | P&L: Rs6,646 | WR: 51.6% | Entry: 3632.86 | SL: 3868.27 | Target: 3162.04 | Reward: -0.0328
2025-08-19 02:57:48,649 - DEBUG - STEP  101 | 18 August 20:52:21 | RELIANCE_1 | CLOSE_SHORT | Qty: 30927.388671875 | Capital: Rs100,000 -> Rs105,424 | P&L: Rs5,424 | WR: 50.0% | Entry: N/A | SL: N/A | Target: N/A | Reward: -1.2309
2025-08-19 02:57:48,910 - DEBUG - STEP  102 | 18 August 20:57:21 | RELIANCE_1 | HOLD | Qty: 65166.8203125 | Capital: Rs100,000 -> Rs105,424 | P&L: Rs5,424 | WR: 50.0% | Entry: N/A | SL: N/A | Target: N/A | Reward: -0.0067
2025-08-19 02:57:49,163 - DEBUG - STEP  103 | 18 August 21:02:21 | RELIANCE_1 | BUY_LONG | Qty: 45590.34765625 | Capital: Rs100,000 -> Rs105,399 | P&L: Rs5,399 | WR: 50.0% | Entry: 3602.99 | SL: 3370.5049999999997 | Target: 4067.96 | Reward: -0.0297
2025-08-19 02:57:49,426 - DEBUG - STEP  104 | 18 August 21:07:21 | RELIANCE_1 | CLOSE_LONG | Qty: 58787.0625 | Capital: Rs100,000 -> Rs101,545 | P&L: Rs1,545 | WR: 48.5% | Entry: N/A | SL: N/A | Target: N/A | Reward: -3.8767
2025-08-19 02:57:49,676 - DEBUG - STEP  105 | 18 August 21:12:21 | RELIANCE_1 | BUY_LONG | Qty: 75710.09375 | Capital: Rs100,000 -> Rs101,520 | P&L: Rs1,520 | WR: 48.5% | Entry: 3376.46 | SL: 3140.51 | Target: 3848.36 | Reward: -0.0552
2025-08-19 02:57:49,929 - DEBUG - STEP  106 | 18 August 21:17:21 | RELIANCE_1 | CLOSE_LONG | Qty: 37275.20703125 | Capital: Rs100,000 -> Rs100,425 | P&L: Rs425 | WR: 47.1% | Entry: N/A | SL: N/A | Target: N/A | Reward: -1.1311
2025-08-19 02:57:50,405 - DEBUG - STEP  107 | 18 August 21:22:21 | RELIANCE_1 | HOLD | Qty: 29089.439453125 | Capital: Rs100,000 -> Rs100,425 | P&L: Rs425 | WR: 47.1% | Entry: N/A | SL: N/A | Target: N/A | Reward: -0.0336
2025-08-19 02:57:50,656 - DEBUG - STEP  108 | 18 August 21:27:21 | RELIANCE_1 | SELL_SHORT | Qty: 41408.453125 | Capital: Rs100,000 -> Rs100,400 | P&L: Rs400 | WR: 47.1% | Entry: 3444.01 | SL: 3681.73 | Target: 2968.57 | Reward: -0.0367
2025-08-19 02:57:50,896 - DEBUG - STEP  109 | 18 August 21:32:21 | RELIANCE_1 | HOLD | Qty: 60365.72265625 | Capital: Rs100,000 -> Rs100,400 | P&L: Rs400 | WR: 47.1% | Entry: 3444.01 | SL: 3681.73 | Target: 2968.57 | Reward: -2.1543
2025-08-19 02:57:51,192 - DEBUG - STEP  110 | 18 August 21:37:21 | RELIANCE_1 | HOLD | Qty: 26522.37890625 | Capital: Rs100,000 -> Rs100,400 | P&L: Rs400 | WR: 47.1% | Entry: 3444.01 | SL: 3681.73 | Target: 2968.57 | Reward: -5.6856
2025-08-19 02:57:51,447 - DEBUG - STEP  111 | 18 August 21:42:21 | RELIANCE_1 | HOLD | Qty: 77238.5625 | Capital: Rs100,000 -> Rs100,400 | P&L: Rs400 | WR: 47.1% | Entry: 3444.01 | SL: 3681.73 | Target: 2968.57 | Reward: -3.0945
2025-08-19 02:57:51,767 - DEBUG - STEP  112 | 18 August 21:47:21 | RELIANCE_1 | HOLD | Qty: 52440.171875 | Capital: Rs100,000 -> Rs100,400 | P&L: Rs400 | WR: 47.1% | Entry: 3444.01 | SL: 3681.73 | Target: 2968.57 | Reward: 2.4179
2025-08-19 02:57:52,019 - DEBUG - STEP  113 | 18 August 21:52:21 | RELIANCE_1 | CLOSE_SHORT | Qty: 69933.21875 | Capital: Rs100,000 -> Rs103,417 | P&L: Rs3,417 | WR: 48.6% | Entry: N/A | SL: N/A | Target: N/A | Reward: 3.0225
2025-08-19 02:57:52,272 - DEBUG - STEP  114 | 18 August 21:57:21 | RELIANCE_1 | SELL_SHORT | Qty: 22652.0078125 | Capital: Rs100,000 -> Rs103,392 | P&L: Rs3,392 | WR: 48.6% | Entry: 3406.11 | SL: 3662.13 | Target: 2894.07 | Reward: -0.0409
2025-08-19 02:57:52,522 - DEBUG - STEP  115 | 18 August 22:02:21 | RELIANCE_1 | CLOSE_SHORT | Qty: 50655.9296875 | Capital: Rs100,000 -> Rs102,429 | P&L: Rs2,429 | WR: 47.2% | Entry: N/A | SL: N/A | Target: N/A | Reward: -0.9846
2025-08-19 02:57:52,784 - DEBUG - STEP  116 | 18 August 22:07:21 | RELIANCE_1 | SELL_SHORT | Qty: 51874.48828125 | Capital: Rs100,000 -> Rs102,404 | P&L: Rs2,404 | WR: 47.2% | Entry: 3208.58 | SL: 3468.71 | Target: 2688.3199999999997 | Reward: -0.0447
2025-08-19 02:57:53,033 - DEBUG - STEP  117 | 18 August 22:12:21 | RELIANCE_1 | CLOSE_SHORT | Qty: 27451.64453125 | Capital: Rs100,000 -> Rs102,437 | P&L: Rs2,437 | WR: 48.6% | Entry: N/A | SL: N/A | Target: N/A | Reward: 0.0214
2025-08-19 02:57:53,347 - DEBUG - STEP  118 | 18 August 22:17:21 | RELIANCE_1 | SELL_SHORT | Qty: 46547.48828125 | Capital: Rs100,000 -> Rs102,412 | P&L: Rs2,412 | WR: 48.6% | Entry: 3056.29 | SL: 3310.09 | Target: 2548.69 | Reward: -0.0360
2025-08-19 02:57:53,580 - DEBUG - STEP  119 | 18 August 22:22:21 | RELIANCE_1 | CLOSE_SHORT | Qty: 59099.68359375 | Capital: Rs100,000 -> Rs100,135 | P&L: Rs135 | WR: 47.4% | Entry: 3056.29 | SL: 3310.09 | Target: 2548.69 | Reward: -2.3720
2025-08-19 02:57:53,849 - DEBUG - STEP  120 | 18 August 22:27:21 | RELIANCE_1 | CLOSE_SHORT | Qty: 51211.16015625 | Capital: Rs100,000 -> Rs99,956 | P&L: Rs-44 | WR: 46.2% | Entry: N/A | SL: N/A | Target: N/A | Reward: -0.2444
2025-08-19 02:57:54,091 - DEBUG - STEP  121 | 18 August 22:32:21 | RELIANCE_1 | SELL_SHORT | Qty: 37550.3203125 | Capital: Rs100,000 -> Rs99,931 | P&L: Rs-69 | WR: 46.2% | Entry: 3163.06 | SL: 3408.205 | Target: 2672.77 | Reward: -0.0941
2025-08-19 02:57:54,326 - DEBUG - STEP  122 | 18 August 22:37:21 | RELIANCE_1 | HOLD | Qty: 66900.734375 | Capital: Rs100,000 -> Rs99,931 | P&L: Rs-69 | WR: 46.2% | Entry: 3163.06 | SL: 3408.205 | Target: 2672.77 | Reward: 3.8334
2025-08-19 02:57:54,559 - DEBUG - STEP  123 | 18 August 22:42:21 | RELIANCE_1 | HOLD | Qty: 60653.6875 | Capital: Rs100,000 -> Rs99,931 | P&L: Rs-69 | WR: 46.2% | Entry: 3163.06 | SL: 3408.205 | Target: 2672.77 | Reward: 3.7589
2025-08-19 02:57:54,797 - DEBUG - STEP  124 | 18 August 22:47:21 | RELIANCE_1 | HOLD | Qty: 49259.2265625 | Capital: Rs100,000 -> Rs99,931 | P&L: Rs-69 | WR: 46.2% | Entry: 3163.06 | SL: 3408.205 | Target: 2672.77 | Reward: 6.6712
2025-08-19 02:57:55,036 - DEBUG - STEP  125 | 18 August 22:52:21 | RELIANCE_1 | HOLD | Qty: 56862.7265625 | Capital: Rs100,000 -> Rs99,931 | P&L: Rs-69 | WR: 46.2% | Entry: 3163.06 | SL: 3408.205 | Target: 2672.77 | Reward: -0.3813
2025-08-19 02:57:55,529 - DEBUG - STEP  126 | 18 August 22:57:21 | RELIANCE_1 | CLOSE_SHORT | Qty: 54679.3515625 | Capital: Rs100,000 -> Rs104,564 | P&L: Rs4,564 | WR: 47.5% | Entry: N/A | SL: N/A | Target: N/A | Reward: 4.6126
2025-08-19 02:57:55,805 - DEBUG - STEP  127 | 18 August 23:02:21 | RELIANCE_1 | SELL_SHORT | Qty: 53268.28515625 | Capital: Rs100,000 -> Rs104,539 | P&L: Rs4,539 | WR: 47.5% | Entry: 3036.04 | SL: 3274.75 | Target: 2558.62 | Reward: -0.0361
2025-08-19 02:57:56,398 - DEBUG - STEP  128 | 18 August 23:07:21 | RELIANCE_1 | CLOSE_SHORT | Qty: 34133.45703125 | Capital: Rs100,000 -> Rs107,273 | P&L: Rs7,273 | WR: 48.8% | Entry: N/A | SL: N/A | Target: N/A | Reward: 2.7399
2025-08-19 02:57:56,638 - DEBUG - STEP  129 | 18 August 23:12:21 | RELIANCE_1 | SELL_SHORT | Qty: 60974.21875 | Capital: Rs100,000 -> Rs107,248 | P&L: Rs7,248 | WR: 48.8% | Entry: 2947.27 | SL: 3174.94 | Target: 2491.93 | Reward: -0.0241
2025-08-19 02:57:56,900 - DEBUG - STEP  130 | 18 August 23:17:21 | RELIANCE_1 | CLOSE_SHORT | Qty: 37769.4921875 | Capital: Rs100,000 -> Rs107,630 | P&L: Rs7,630 | WR: 50.0% | Entry: N/A | SL: N/A | Target: N/A | Reward: 0.3878
2025-08-19 02:57:57,142 - DEBUG - STEP  131 | 18 August 23:22:21 | RELIANCE_1 | SELL_SHORT | Qty: 55601.8515625 | Capital: Rs100,000 -> Rs107,605 | P&L: Rs7,605 | WR: 50.0% | Entry: 2866.38 | SL: 3078.7650000000003 | Target: 2441.61 | Reward: -0.0236
2025-08-19 02:57:57,400 - DEBUG - STEP  132 | 18 August 23:27:21 | RELIANCE_1 | CLOSE_SHORT | Qty: 48571.5703125 | Capital: Rs100,000 -> Rs110,588 | P&L: Rs10,588 | WR: 51.2% | Entry: N/A | SL: N/A | Target: N/A | Reward: 3.0004
2025-08-19 02:57:57,638 - DEBUG - STEP  133 | 18 August 23:32:21 | RELIANCE_1 | SELL_SHORT | Qty: 43010.453125 | Capital: Rs100,000 -> Rs110,563 | P&L: Rs10,563 | WR: 51.2% | Entry: 2715.5 | SL: 2922.605 | Target: 2301.29 | Reward: -0.0123
2025-08-19 02:57:57,891 - DEBUG - STEP  134 | 18 August 23:37:21 | RELIANCE_1 | CLOSE_SHORT | Qty: 67979.7421875 | Capital: Rs100,000 -> Rs104,947 | P&L: Rs4,947 | WR: 50.0% | Entry: 2715.5 | SL: 2922.605 | Target: 2301.29 | Reward: -5.9117
2025-08-19 02:57:58,138 - DEBUG - STEP  135 | 18 August 23:42:21 | RELIANCE_1 | HOLD | Qty: 58159.5078125 | Capital: Rs100,000 -> Rs104,947 | P&L: Rs4,947 | WR: 50.0% | Entry: 2715.5 | SL: 2922.605 | Target: 2301.29 | Reward: -0.3480
2025-08-19 02:57:58,394 - DEBUG - STEP  136 | 18 August 23:47:21 | RELIANCE_1 | CLOSE_SHORT | Qty: 59908.68359375 | Capital: Rs100,000 -> Rs104,769 | P&L: Rs4,769 | WR: 48.9% | Entry: N/A | SL: N/A | Target: N/A | Reward: -0.1735
2025-08-19 02:57:58,625 - DEBUG - STEP  137 | 18 August 23:52:21 | RELIANCE_1 | SELL_SHORT | Qty: 47495.64453125 | Capital: Rs100,000 -> Rs104,744 | P&L: Rs4,744 | WR: 48.9% | Entry: 2767.78 | SL: 2977.4350000000004 | Target: 2348.4700000000003 | Reward: -0.0199
2025-08-19 02:57:58,874 - DEBUG - STEP  138 | 18 August 23:57:21 | RELIANCE_1 | HOLD | Qty: 63475.82421875 | Capital: Rs100,000 -> Rs104,744 | P&L: Rs4,744 | WR: 48.9% | Entry: 2767.78 | SL: 2977.4350000000004 | Target: 2348.4700000000003 | Reward: -1.6780
2025-08-19 02:57:59,120 - DEBUG - STEP  139 | 19 August 00:02:21 | RELIANCE_1 | CLOSE_SHORT | Qty: 74189.625 | Capital: Rs100,000 -> Rs105,523 | P&L: Rs5,523 | WR: 50.0% | Entry: N/A | SL: N/A | Target: N/A | Reward: 0.7854
2025-08-19 02:57:59,339 - DEBUG - STEP  140 | 19 August 00:07:21 | RELIANCE_1 | SELL_SHORT | Qty: 64806.29296875 | Capital: Rs100,000 -> Rs105,498 | P&L: Rs5,498 | WR: 50.0% | Entry: 2890.54 | SL: 3096.49 | Target: 2478.64 | Reward: -0.0236
2025-08-19 02:57:59,570 - DEBUG - STEP  141 | 19 August 00:12:21 | RELIANCE_1 | HOLD | Qty: 55278.68359375 | Capital: Rs100,000 -> Rs105,498 | P&L: Rs5,498 | WR: 50.0% | Entry: 2890.54 | SL: 3096.49 | Target: 2478.64 | Reward: -1.5924
2025-08-19 02:57:59,794 - DEBUG - STEP  142 | 19 August 00:17:21 | RELIANCE_1 | CLOSE_SHORT | Qty: 36684.71875 | Capital: Rs100,000 -> Rs106,202 | P&L: Rs6,202 | WR: 51.1% | Entry: N/A | SL: N/A | Target: N/A | Reward: 0.7064
2025-08-19 02:58:00,016 - DEBUG - STEP  143 | 19 August 00:22:21 | RELIANCE_1 | SELL_SHORT | Qty: 32829.28515625 | Capital: Rs100,000 -> Rs106,177 | P&L: Rs6,177 | WR: 51.1% | Entry: 2764.75 | SL: 2964.895 | Target: 2364.46 | Reward: -0.0277
2025-08-19 02:58:00,245 - DEBUG - STEP  144 | 19 August 00:27:21 | RELIANCE_1 | CLOSE_SHORT | Qty: 33579.12109375 | Capital: Rs100,000 -> Rs106,365 | P&L: Rs6,365 | WR: 52.1% | Entry: N/A | SL: N/A | Target: N/A | Reward: 0.1923
2025-08-19 02:58:00,590 - DEBUG - STEP  145 | 19 August 00:32:21 | RELIANCE_1 | BUY_LONG | Qty: 43764.43359375 | Capital: Rs100,000 -> Rs106,340 | P&L: Rs6,340 | WR: 52.1% | Entry: 2606.93 | SL: 2413.43 | Target: 2993.93 | Reward: -0.0222
2025-08-19 02:58:00,831 - DEBUG - STEP  146 | 19 August 00:37:21 | RELIANCE_1 | CLOSE_LONG | Qty: 44299.13671875 | Capital: Rs100,000 -> Rs104,637 | P&L: Rs4,637 | WR: 51.0% | Entry: N/A | SL: N/A | Target: N/A | Reward: -1.6941
2025-08-19 02:58:01,061 - DEBUG - STEP  147 | 19 August 00:42:21 | RELIANCE_1 | SELL_SHORT | Qty: 54340.9140625 | Capital: Rs100,000 -> Rs104,612 | P&L: Rs4,612 | WR: 51.0% | Entry: 2597.96 | SL: 2782.355 | Target: 2229.17 | Reward: -0.0137
2025-08-19 02:58:01,282 - DEBUG - STEP  148 | 19 August 00:47:21 | RELIANCE_1 | CLOSE_SHORT | Qty: 36121.89453125 | Capital: Rs100,000 -> Rs100,966 | P&L: Rs966 | WR: 50.0% | Entry: 2597.96 | SL: 2782.355 | Target: 2229.17 | Reward: -3.8428
2025-08-19 02:58:01,516 - DEBUG - STEP  149 | 19 August 00:52:21 | RELIANCE_1 | CLOSE_SHORT | Qty: 46635.14453125 | Capital: Rs100,000 -> Rs100,694 | P&L: Rs694 | WR: 49.0% | Entry: N/A | SL: N/A | Target: N/A | Reward: -0.2803
2025-08-19 02:58:01,741 - DEBUG - STEP  150 | 19 August 00:57:21 | RELIANCE_1 | BUY_LONG | Qty: 20294.6953125 | Capital: Rs100,000 -> Rs100,669 | P&L: Rs669 | WR: 49.0% | Entry: 2795.93 | SL: 2618.285 | Target: 3151.22 | Reward: -0.0462
2025-08-19 02:58:01,977 - DEBUG - STEP  151 | 19 August 01:02:21 | RELIANCE_1 | HOLD | Qty: 50990.8515625 | Capital: Rs100,000 -> Rs100,669 | P&L: Rs669 | WR: 49.0% | Entry: 2795.93 | SL: 2618.285 | Target: 3151.22 | Reward: -2.3317
2025-08-19 02:58:02,195 - DEBUG - STEP  152 | 19 August 01:07:21 | RELIANCE_1 | CLOSE_LONG | Qty: 57754.41015625 | Capital: Rs100,000 -> Rs105,903 | P&L: Rs5,903 | WR: 50.0% | Entry: 2795.93 | SL: 2618.285 | Target: 3151.22 | Reward: 5.5524
2025-08-19 02:58:02,421 - DEBUG - STEP  153 | 19 August 01:12:21 | RELIANCE_1 | HOLD | Qty: 42430.38671875 | Capital: Rs100,000 -> Rs105,903 | P&L: Rs5,903 | WR: 50.0% | Entry: 2795.93 | SL: 2618.285 | Target: 3151.22 | Reward: 0.5765
2025-08-19 02:58:02,651 - DEBUG - STEP  154 | 19 August 01:17:21 | RELIANCE_1 | HOLD | Qty: 43392.30859375 | Capital: Rs100,000 -> Rs105,903 | P&L: Rs5,903 | WR: 50.0% | Entry: 2795.93 | SL: 2618.285 | Target: 3151.22 | Reward: 0.6208
2025-08-19 02:58:02,885 - DEBUG - STEP  155 | 19 August 01:22:21 | RELIANCE_1 | HOLD | Qty: 52091.390625 | Capital: Rs100,000 -> Rs105,903 | P&L: Rs5,903 | WR: 50.0% | Entry: 2795.93 | SL: 2618.285 | Target: 3151.22 | Reward: 0.4240
2025-08-19 02:58:03,112 - DEBUG - STEP  156 | 19 August 01:27:21 | RELIANCE_1 | CLOSE_LONG | Qty: 30543.12109375 | Capital: Rs100,000 -> Rs106,129 | P&L: Rs6,129 | WR: 50.9% | Entry: N/A | SL: N/A | Target: N/A | Reward: 0.2444 | Exit: TRAILING_STOP_HIT
2025-08-19 02:58:03,343 - DEBUG - STEP  157 | 19 August 01:32:21 | RELIANCE_1 | SELL_SHORT | Qty: 55750.49609375 | Capital: Rs100,000 -> Rs106,104 | P&L: Rs6,104 | WR: 50.9% | Entry: 2875.63 | SL: 3064.2400000000002 | Target: 2498.4100000000003 | Reward: -0.0091
2025-08-19 02:58:03,577 - DEBUG - STEP  158 | 19 August 01:37:21 | RELIANCE_1 | CLOSE_SHORT | Qty: 46080.44140625 | Capital: Rs100,000 -> Rs106,743 | P&L: Rs6,743 | WR: 51.9% | Entry: N/A | SL: N/A | Target: N/A | Reward: 0.6623
2025-08-19 02:58:03,795 - DEBUG - STEP  159 | 19 August 01:42:21 | RELIANCE_1 | HOLD | Qty: 62952.82421875 | Capital: Rs100,000 -> Rs106,743 | P&L: Rs6,743 | WR: 51.9% | Entry: N/A | SL: N/A | Target: N/A | Reward: 0.0183
2025-08-19 02:58:04,026 - DEBUG - STEP  160 | 19 August 01:47:21 | RELIANCE_1 | HOLD | Qty: 51063.92578125 | Capital: Rs100,000 -> Rs106,743 | P&L: Rs6,743 | WR: 51.9% | Entry: N/A | SL: N/A | Target: N/A | Reward: 0.0183
2025-08-19 02:58:04,248 - DEBUG - STEP  161 | 19 August 01:52:21 | RELIANCE_1 | HOLD | Qty: 52940.3203125 | Capital: Rs100,000 -> Rs106,743 | P&L: Rs6,743 | WR: 51.9% | Entry: N/A | SL: N/A | Target: N/A | Reward: 0.0183
2025-08-19 02:58:04,470 - DEBUG - STEP  162 | 19 August 01:57:21 | RELIANCE_1 | SELL_SHORT | Qty: 58238.7578125 | Capital: Rs100,000 -> Rs106,718 | P&L: Rs6,718 | WR: 51.9% | Entry: 2697.39 | SL: 2885.88 | Target: 2320.41 | Reward: -0.0066
2025-08-19 02:58:04,709 - DEBUG - STEP  163 | 19 August 02:02:21 | RELIANCE_1 | HOLD | Qty: 41603.53515625 | Capital: Rs100,000 -> Rs106,718 | P&L: Rs6,718 | WR: 51.9% | Entry: 2697.39 | SL: 2885.88 | Target: 2320.41 | Reward: -3.6046
2025-08-19 02:58:04,943 - DEBUG - STEP  164 | 19 August 02:07:21 | RELIANCE_1 | HOLD | Qty: 40554.375 | Capital: Rs100,000 -> Rs106,718 | P&L: Rs6,718 | WR: 51.9% | Entry: 2697.39 | SL: 2885.88 | Target: 2320.41 | Reward: -4.2765
2025-08-19 02:58:05,165 - DEBUG - STEP  165 | 19 August 02:12:21 | RELIANCE_1 | HOLD | Qty: 64103.796875 | Capital: Rs100,000 -> Rs99,332 | P&L: Rs-668 | WR: 50.9% | Entry: N/A | SL: N/A | Target: N/A | Reward: -7.3916 | Exit: STOP_LOSS_HIT
2025-08-19 02:58:05,397 - DEBUG - STEP  166 | 19 August 02:17:21 | RELIANCE_1 | BUY_LONG | Qty: 60875.68359375 | Capital: Rs100,000 -> Rs99,307 | P&L: Rs-693 | WR: 50.9% | Entry: 2883.23 | SL: 2695.58 | Target: 3258.5299999999997 | Reward: -0.0257
2025-08-19 02:58:05,615 - DEBUG - STEP  167 | 19 August 02:22:21 | RELIANCE_1 | HOLD | Qty: 28576.255859375 | Capital: Rs100,000 -> Rs99,307 | P&L: Rs-693 | WR: 50.9% | Entry: 2883.23 | SL: 2695.58 | Target: 3258.5299999999997 | Reward: -3.5103
2025-08-19 02:58:05,884 - DEBUG - STEP  168 | 19 August 02:27:21 | RELIANCE_1 | CLOSE_LONG | Qty: 48422.21484375 | Capital: Rs100,000 -> Rs102,801 | P&L: Rs2,801 | WR: 51.8% | Entry: 2883.23 | SL: 2695.58 | Target: 3258.5299999999997 | Reward: 3.6175
2025-08-19 02:58:06,113 - DEBUG - STEP  169 | 19 August 02:32:21 | RELIANCE_1 | HOLD | Qty: 51101.30859375 | Capital: Rs100,000 -> Rs102,801 | P&L: Rs2,801 | WR: 51.8% | Entry: 2883.23 | SL: 2695.58 | Target: 3258.5299999999997 | Reward: 0.1688
2025-08-19 02:58:06,345 - DEBUG - STEP  170 | 19 August 02:37:21 | RELIANCE_1 | HOLD | Qty: 56694.7734375 | Capital: Rs100,000 -> Rs102,801 | P&L: Rs2,801 | WR: 51.8% | Entry: 2883.23 | SL: 2695.58 | Target: 3258.5299999999997 | Reward: 0.0589
2025-08-19 02:58:06,570 - DEBUG - STEP  171 | 19 August 02:42:21 | RELIANCE_1 | CLOSE_LONG | Qty: 46243.515625 | Capital: Rs100,000 -> Rs102,736 | P&L: Rs2,736 | WR: 50.9% | Entry: N/A | SL: N/A | Target: N/A | Reward: -0.0699 | Exit: TRAILING_STOP_HIT
2025-08-19 02:58:06,802 - DEBUG - STEP  172 | 19 August 02:47:21 | RELIANCE_1 | BUY_LONG | Qty: 44224.4921875 | Capital: Rs100,000 -> Rs102,711 | P&L: Rs2,711 | WR: 50.9% | Entry: 2874.36 | SL: 2663.685 | Target: 3295.71 | Reward: -0.0294
2025-08-19 02:58:07,021 - DEBUG - STEP  173 | 19 August 02:52:21 | RELIANCE_1 | HOLD | Qty: 36670.73828125 | Capital: Rs100,000 -> Rs97,153 | P&L: Rs-2,847 | WR: 50.0% | Entry: N/A | SL: N/A | Target: N/A | Reward: -5.5278
2025-08-19 02:58:07,021 - INFO - --- EPISODE 1 SUMMARY ---
2025-08-19 02:58:07,021 - INFO - Duration: 42.92 seconds
2025-08-19 02:58:07,021 - INFO - Total Steps: 173
2025-08-19 02:58:07,021 - INFO - Final Capital: ₹97,152.71
2025-08-19 02:58:07,021 - INFO - Total P&L: ₹-2,847.29
2025-08-19 02:58:07,021 - INFO - Episode Win Rate: 50.00%
2025-08-19 02:58:07,021 - INFO - Total Trades: 0
2025-08-19 02:58:07,037 - INFO - Training Complete | Episodes: 1 | Final Capital: Rs.97,153 | Total Return: -2.85%
2025-08-19 02:58:07,037 - INFO - [MODEL] HierarchicalReasoningModel | Total: 38.57M | Trainable: 38.57M | Size: 147.13MB | Layers: 97
2025-08-19 02:58:07,037 - INFO - 
2025-08-19 02:58:07,037 - INFO - ================================================================================
2025-08-19 02:58:07,037 - INFO - MODEL ARCHITECTURE ANALYSIS
2025-08-19 02:58:07,037 - INFO - ================================================================================
2025-08-19 02:58:07,042 - INFO - Model Class: HierarchicalReasoningModel
2025-08-19 02:58:07,042 - INFO - Total Parameters: 38.57M (38,569,792)
2025-08-19 02:58:07,042 - INFO - Trainable Parameters: 38.57M (38,569,792)
2025-08-19 02:58:07,042 - INFO - Model Size: 147.13 MB
2025-08-19 02:58:07,042 - INFO - Total Layers: 97
2025-08-19 02:58:07,042 - INFO - 
2025-08-19 02:58:07,042 - INFO - Parameter Breakdown by Module Type:
2025-08-19 02:58:07,042 - INFO - ----------------------------------------
2025-08-19 02:58:07,042 - INFO -   Linear: 38.50M (99.8%)
2025-08-19 02:58:07,042 - INFO -   Embedding: 64.32K (0.2%)
2025-08-19 02:58:07,042 - INFO -   RMSNorm: 9.73K (0.0%)
2025-08-19 02:58:07,042 - INFO - 
2025-08-19 02:58:07,042 - INFO - Top Layers by Parameter Count:
2025-08-19 02:58:07,043 - INFO - ----------------------------------------
2025-08-19 02:58:07,043 - INFO -   input_network.linear_projection: Linear | 3.28M | 6406 -> 512
2025-08-19 02:58:07,043 - INFO -   h_module.layers.0.ff_glu.gate: Linear | 1.05M | 512 -> 2048
2025-08-19 02:58:07,043 - INFO -   h_module.layers.0.ff_glu.linear: Linear | 1.05M | 512 -> 2048
2025-08-19 02:58:07,043 - INFO -   h_module.layers.1.ff_glu.gate: Linear | 1.05M | 512 -> 2048
2025-08-19 02:58:07,043 - INFO -   h_module.layers.1.ff_glu.linear: Linear | 1.05M | 512 -> 2048
2025-08-19 02:58:07,043 - INFO -   h_module.layers.2.ff_glu.gate: Linear | 1.05M | 512 -> 2048
2025-08-19 02:58:07,043 - INFO -   h_module.layers.2.ff_glu.linear: Linear | 1.05M | 512 -> 2048
2025-08-19 02:58:07,043 - INFO -   h_module.layers.3.ff_glu.gate: Linear | 1.05M | 512 -> 2048
2025-08-19 02:58:07,043 - INFO -   h_module.layers.3.ff_glu.linear: Linear | 1.05M | 512 -> 2048
2025-08-19 02:58:07,043 - INFO -   l_module.layers.0.ff_glu.gate: Linear | 1.05M | 512 -> 2048
2025-08-19 02:58:07,043 - INFO - ================================================================================
2025-08-19 02:58:07,043 - INFO - ================================================================================
2025-08-19 02:58:07,044 - INFO - TRAINING SESSION COMPLETED
2025-08-19 02:58:07,044 - INFO - ================================================================================
2025-08-19 02:58:07,044 - INFO - total_episodes: 1
2025-08-19 02:58:07,044 - INFO - initial_capital: 100000.0
2025-08-19 02:58:07,044 - INFO - final_capital: 97152.70500000002
2025-08-19 02:58:07,044 - INFO - total_return: -2847.2949999999837
2025-08-19 02:58:07,044 - INFO - total_return_pct: -2.847294999999983
2025-08-19 02:58:07,044 - INFO - symbol_distribution: {'RELIANCE_1': 1, 'Bank_Nifty_5': 0}
2025-08-19 02:58:07,044 - INFO - avg_episode_reward: 94.16480447370748
2025-08-19 02:58:07,044 - INFO - total_trades: 58
2025-08-19 02:58:07,044 - INFO - win_rate: 0.5
2025-08-19 02:58:07,044 - INFO - profit_factor: 0.9732296078008807
2025-08-19 02:58:07,044 - INFO - avg_pnl_per_trade: -29.69474137930982
2025-08-19 02:58:07,045 - INFO - ================================================================================
