2025-08-19 02:53:15,873 - INFO - Training Started: 1 episodes across 2 symbols
2025-08-19 02:53:15,873 - INFO - ================================================================================
2025-08-19 02:53:15,873 - INFO - TRAINING SESSION STARTED
2025-08-19 02:53:15,873 - INFO - ================================================================================
2025-08-19 02:53:15,873 - INFO - Total Episodes: 1
2025-08-19 02:53:15,873 - INFO - Symbols: ['RELIANCE_1', 'Bank_Nifty_5']
2025-08-19 02:53:15,873 - INFO - Configuration Hash: unknown
2025-08-19 02:53:15,873 - INFO - Iteration Directory: research/results\iteration_003
2025-08-19 02:53:15,873 - INFO - ================================================================================
2025-08-19 02:53:15,873 - INFO - 
--- EPISODE 1 START ---
2025-08-19 02:53:15,873 - INFO - Symbol: RELIANCE_1
2025-08-19 02:53:15,873 - INFO - Initial Capital: ₹100,000.00
2025-08-19 02:53:15,873 - INFO - Start Time: 2025-08-19 02:53:15
2025-08-19 02:53:16,327 - DEBUG - STEP    1 | 18 August 12:28:13 | RELIANCE_1 | SELL_SHORT | Qty: 45704.296875 | Capital: Rs100,000 -> Rs99,975 | P&L: Rs-25 | WR: 0.0% | Entry: 3014.16 | SL: 3178.6499999999996 | Target: 2685.18 | Reward: -0.0253
2025-08-19 02:53:16,554 - DEBUG - STEP    2 | 18 August 12:33:13 | RELIANCE_1 | HOLD | Qty: 40297.76171875 | Capital: Rs100,000 -> Rs99,975 | P&L: Rs-25 | WR: 0.0% | Entry: 3014.16 | SL: 3178.6499999999996 | Target: 2685.18 | Reward: -1.5643
2025-08-19 02:53:16,755 - DEBUG - STEP    3 | 18 August 12:38:13 | RELIANCE_1 | CLOSE_SHORT | Qty: 39265.359375 | Capital: Rs100,000 -> Rs98,862 | P&L: Rs-1,138 | WR: 0.0% | Entry: 3014.16 | SL: 3178.6499999999996 | Target: 2685.18 | Reward: -1.1784
2025-08-19 02:53:16,966 - DEBUG - STEP    4 | 18 August 12:43:13 | RELIANCE_1 | CLOSE_SHORT | Qty: 74404.78125 | Capital: Rs100,000 -> Rs98,764 | P&L: Rs-1,236 | WR: 0.0% | Entry: N/A | SL: N/A | Target: N/A | Reward: -0.1293
2025-08-19 02:53:17,180 - DEBUG - STEP    5 | 18 August 12:48:13 | RELIANCE_1 | HOLD | Qty: 54284.5703125 | Capital: Rs100,000 -> Rs98,764 | P&L: Rs-1,236 | WR: 0.0% | Entry: N/A | SL: N/A | Target: N/A | Reward: -0.0301
2025-08-19 02:53:17,380 - DEBUG - STEP    6 | 18 August 12:53:13 | RELIANCE_1 | BUY_LONG | Qty: 35439.29296875 | Capital: Rs100,000 -> Rs98,739 | P&L: Rs-1,261 | WR: 0.0% | Entry: 3012.89 | SL: 2863.535 | Target: 3311.6 | Reward: -0.0551
2025-08-19 02:53:17,606 - DEBUG - STEP    7 | 18 August 12:58:13 | RELIANCE_1 | CLOSE_LONG | Qty: 39137.40234375 | Capital: Rs100,000 -> Rs97,399 | P&L: Rs-2,601 | WR: 0.0% | Entry: N/A | SL: N/A | Target: N/A | Reward: -1.5231
2025-08-19 02:53:17,806 - DEBUG - STEP    8 | 18 August 13:03:13 | RELIANCE_1 | HOLD | Qty: 50618.95703125 | Capital: Rs100,000 -> Rs97,399 | P&L: Rs-2,601 | WR: 0.0% | Entry: N/A | SL: N/A | Target: N/A | Reward: -0.1815
2025-08-19 02:53:18,020 - DEBUG - STEP    9 | 18 August 13:08:13 | RELIANCE_1 | HOLD | Qty: 60911.73046875 | Capital: Rs100,000 -> Rs97,399 | P&L: Rs-2,601 | WR: 0.0% | Entry: N/A | SL: N/A | Target: N/A | Reward: -0.1814
2025-08-19 02:53:18,251 - DEBUG - STEP   10 | 18 August 13:13:13 | RELIANCE_1 | BUY_LONG | Qty: 67472.015625 | Capital: Rs100,000 -> Rs97,374 | P&L: Rs-2,626 | WR: 0.0% | Entry: 2923.0 | SL: 2778.37 | Target: 3212.26 | Reward: -0.2064
2025-08-19 02:53:18,473 - DEBUG - STEP   11 | 18 August 13:18:13 | RELIANCE_1 | HOLD | Qty: 54641.140625 | Capital: Rs100,000 -> Rs97,374 | P&L: Rs-2,626 | WR: 0.0% | Entry: 2923.0 | SL: 2778.37 | Target: 3212.26 | Reward: 0.8168
2025-08-19 02:53:18,698 - DEBUG - STEP   12 | 18 August 13:23:13 | RELIANCE_1 | HOLD | Qty: 64425.390625 | Capital: Rs100,000 -> Rs97,374 | P&L: Rs-2,626 | WR: 0.0% | Entry: 2923.0 | SL: 2778.37 | Target: 3212.26 | Reward: 2.4351
2025-08-19 02:53:18,928 - DEBUG - STEP   13 | 18 August 13:28:13 | RELIANCE_1 | CLOSE_LONG | Qty: 32612.8515625 | Capital: Rs100,000 -> Rs97,157 | P&L: Rs-2,843 | WR: 0.0% | Entry: N/A | SL: N/A | Target: N/A | Reward: -0.3997
2025-08-19 02:53:19,170 - DEBUG - STEP   14 | 18 August 13:33:13 | RELIANCE_1 | SELL_SHORT | Qty: 42879.58203125 | Capital: Rs100,000 -> Rs97,132 | P&L: Rs-2,868 | WR: 0.0% | Entry: 2895.82 | SL: 3048.415 | Target: 2590.63 | Reward: -0.2065
2025-08-19 02:53:19,377 - DEBUG - STEP   15 | 18 August 13:38:13 | RELIANCE_1 | HOLD | Qty: 59994.73828125 | Capital: Rs100,000 -> Rs97,132 | P&L: Rs-2,868 | WR: 0.0% | Entry: 2895.82 | SL: 3048.415 | Target: 2590.63 | Reward: 2.1703
2025-08-19 02:53:19,598 - DEBUG - STEP   16 | 18 August 13:43:13 | RELIANCE_1 | CLOSE_SHORT | Qty: 60647.2734375 | Capital: Rs100,000 -> Rs97,369 | P&L: Rs-2,631 | WR: 20.0% | Entry: N/A | SL: N/A | Target: N/A | Reward: 0.0831
2025-08-19 02:53:19,916 - DEBUG - STEP   17 | 18 August 13:48:13 | RELIANCE_1 | BUY_LONG | Qty: 65904.5859375 | Capital: Rs100,000 -> Rs97,344 | P&L: Rs-2,656 | WR: 20.0% | Entry: 2893.91 | SL: 2729.8399999999997 | Target: 3222.0499999999997 | Reward: -0.1816
2025-08-19 02:53:20,154 - DEBUG - STEP   18 | 18 August 13:53:13 | RELIANCE_1 | CLOSE_LONG | Qty: 36220.0 | Capital: Rs100,000 -> Rs95,039 | P&L: Rs-4,961 | WR: 16.7% | Entry: N/A | SL: N/A | Target: N/A | Reward: -2.4730
2025-08-19 02:53:20,381 - DEBUG - STEP   19 | 18 August 13:58:13 | RELIANCE_1 | SELL_SHORT | Qty: 67007.1796875 | Capital: Rs100,000 -> Rs95,014 | P&L: Rs-4,986 | WR: 16.7% | Entry: 2906.77 | SL: 3072.625 | Target: 2575.06 | Reward: -0.1906
2025-08-19 02:53:20,600 - DEBUG - STEP   20 | 18 August 14:03:13 | RELIANCE_1 | HOLD | Qty: 65609.1171875 | Capital: Rs100,000 -> Rs95,014 | P&L: Rs-4,986 | WR: 16.7% | Entry: 2906.77 | SL: 3072.625 | Target: 2575.06 | Reward: 4.6603
2025-08-19 02:53:20,860 - DEBUG - STEP   21 | 18 August 14:08:13 | RELIANCE_1 | HOLD | Qty: 77118.375 | Capital: Rs100,000 -> Rs95,014 | P&L: Rs-4,986 | WR: 16.7% | Entry: 2906.77 | SL: 3072.625 | Target: 2575.06 | Reward: 8.0667
2025-08-19 02:53:21,101 - DEBUG - STEP   22 | 18 August 14:13:13 | RELIANCE_1 | CLOSE_SHORT | Qty: 57352.12109375 | Capital: Rs100,000 -> Rs104,824 | P&L: Rs4,824 | WR: 28.6% | Entry: N/A | SL: N/A | Target: N/A | Reward: 9.9796
2025-08-19 02:53:21,357 - DEBUG - STEP   23 | 18 August 14:18:13 | RELIANCE_1 | BUY_LONG | Qty: 42784.0390625 | Capital: Rs100,000 -> Rs104,799 | P&L: Rs4,799 | WR: 28.6% | Entry: 2640.78 | SL: 2474.445 | Target: 2973.4500000000003 | Reward: 0.1395
2025-08-19 02:53:21,569 - DEBUG - STEP   24 | 18 August 14:23:13 | RELIANCE_1 | CLOSE_LONG | Qty: 48603.24609375 | Capital: Rs100,000 -> Rs103,116 | P&L: Rs3,116 | WR: 25.0% | Entry: N/A | SL: N/A | Target: N/A | Reward: -1.5859
2025-08-19 02:53:21,807 - DEBUG - STEP   25 | 18 August 14:28:13 | RELIANCE_1 | BUY_LONG | Qty: 38135.67578125 | Capital: Rs100,000 -> Rs103,091 | P&L: Rs3,091 | WR: 25.0% | Entry: 2721.08 | SL: 2550.485 | Target: 3062.27 | Reward: 0.0735
2025-08-19 02:53:22,047 - DEBUG - STEP   26 | 18 August 14:33:13 | RELIANCE_1 | HOLD | Qty: 67790.578125 | Capital: Rs100,000 -> Rs103,091 | P&L: Rs3,091 | WR: 25.0% | Entry: 2721.08 | SL: 2550.485 | Target: 3062.27 | Reward: 1.8780
2025-08-19 02:53:22,274 - DEBUG - STEP   27 | 18 August 14:38:13 | RELIANCE_1 | CLOSE_LONG | Qty: 48395.12890625 | Capital: Rs100,000 -> Rs104,892 | P&L: Rs4,892 | WR: 33.3% | Entry: N/A | SL: N/A | Target: N/A | Reward: 1.9292
2025-08-19 02:53:22,512 - DEBUG - STEP   28 | 18 August 14:43:13 | RELIANCE_1 | BUY_LONG | Qty: 31825.439453125 | Capital: Rs100,000 -> Rs104,867 | P&L: Rs4,867 | WR: 33.3% | Entry: 2731.05 | SL: 2562.4350000000004 | Target: 3068.28 | Reward: 0.0987
2025-08-19 02:53:22,736 - DEBUG - STEP   29 | 18 August 14:48:13 | RELIANCE_1 | HOLD | Qty: 75014.140625 | Capital: Rs100,000 -> Rs104,867 | P&L: Rs4,867 | WR: 33.3% | Entry: 2731.05 | SL: 2562.4350000000004 | Target: 3068.28 | Reward: -0.7219
2025-08-19 02:53:22,945 - DEBUG - STEP   30 | 18 August 14:53:13 | RELIANCE_1 | HOLD | Qty: 43376.8359375 | Capital: Rs100,000 -> Rs104,867 | P&L: Rs4,867 | WR: 33.3% | Entry: 2731.05 | SL: 2562.4350000000004 | Target: 3068.28 | Reward: -2.8841
2025-08-19 02:53:23,174 - DEBUG - STEP   31 | 18 August 14:58:13 | RELIANCE_1 | HOLD | Qty: 61703.1953125 | Capital: Rs100,000 -> Rs104,867 | P&L: Rs4,867 | WR: 33.3% | Entry: 2731.05 | SL: 2562.4350000000004 | Target: 3068.28 | Reward: 0.0397
2025-08-19 02:53:23,408 - DEBUG - STEP   32 | 18 August 15:03:13 | RELIANCE_1 | HOLD | Qty: 50380.91796875 | Capital: Rs100,000 -> Rs104,867 | P&L: Rs4,867 | WR: 33.3% | Entry: 2731.05 | SL: 2562.4350000000004 | Target: 3068.28 | Reward: -1.7463
2025-08-19 02:53:23,625 - DEBUG - STEP   33 | 18 August 15:08:13 | RELIANCE_1 | HOLD | Qty: 52762.8203125 | Capital: Rs100,000 -> Rs104,867 | P&L: Rs4,867 | WR: 33.3% | Entry: 2731.05 | SL: 2562.4350000000004 | Target: 3068.28 | Reward: -3.1269
2025-08-19 02:53:23,833 - DEBUG - STEP   34 | 18 August 15:13:13 | RELIANCE_1 | CLOSE_LONG | Qty: 57473.21875 | Capital: Rs100,000 -> Rs101,809 | P&L: Rs1,809 | WR: 30.0% | Entry: N/A | SL: N/A | Target: N/A | Reward: -3.0168
2025-08-19 02:53:24,061 - DEBUG - STEP   35 | 18 August 15:18:13 | RELIANCE_1 | SELL_SHORT | Qty: 53751.36328125 | Capital: Rs100,000 -> Rs101,784 | P&L: Rs1,784 | WR: 30.0% | Entry: 2754.13 | SL: 2925.295 | Target: 2411.8 | Reward: 0.0181
2025-08-19 02:53:24,290 - DEBUG - STEP   36 | 18 August 15:23:13 | RELIANCE_1 | CLOSE_SHORT | Qty: 76138.1796875 | Capital: Rs100,000 -> Rs101,614 | P&L: Rs1,614 | WR: 27.3% | Entry: N/A | SL: N/A | Target: N/A | Reward: -0.1185
2025-08-19 02:53:24,521 - DEBUG - STEP   37 | 18 August 15:28:13 | RELIANCE_1 | BUY_LONG | Qty: 72121.109375 | Capital: Rs100,000 -> Rs101,589 | P&L: Rs1,589 | WR: 27.3% | Entry: 2764.87 | SL: 2594.5299999999997 | Target: 3105.5499999999997 | Reward: 0.0276
2025-08-19 02:53:24,743 - DEBUG - STEP   38 | 18 August 15:33:13 | RELIANCE_1 | CLOSE_LONG | Qty: 79190.125 | Capital: Rs100,000 -> Rs107,755 | P&L: Rs7,755 | WR: 33.3% | Entry: 2764.87 | SL: 2594.5299999999997 | Target: 3105.5499999999997 | Reward: 6.6655
2025-08-19 02:53:24,979 - DEBUG - STEP   39 | 18 August 15:38:13 | RELIANCE_1 | CLOSE_LONG | Qty: 34445.38671875 | Capital: Rs100,000 -> Rs107,826 | P&L: Rs7,826 | WR: 38.5% | Entry: N/A | SL: N/A | Target: N/A | Reward: 0.1754
2025-08-19 02:53:25,207 - DEBUG - STEP   40 | 18 August 15:43:13 | RELIANCE_1 | HOLD | Qty: 71884.0625 | Capital: Rs100,000 -> Rs107,826 | P&L: Rs7,826 | WR: 38.5% | Entry: N/A | SL: N/A | Target: N/A | Reward: 0.1036
2025-08-19 02:53:25,425 - DEBUG - STEP   41 | 18 August 15:48:13 | RELIANCE_1 | HOLD | Qty: 80097.109375 | Capital: Rs100,000 -> Rs107,826 | P&L: Rs7,826 | WR: 38.5% | Entry: N/A | SL: N/A | Target: N/A | Reward: 0.1036
2025-08-19 02:53:25,665 - DEBUG - STEP   42 | 18 August 15:53:13 | RELIANCE_1 | BUY_LONG | Qty: 50740.265625 | Capital: Rs100,000 -> Rs107,801 | P&L: Rs7,801 | WR: 38.5% | Entry: 2839.12 | SL: 2664.6099999999997 | Target: 3188.14 | Reward: 0.0787
2025-08-19 02:53:25,877 - DEBUG - STEP   43 | 18 August 15:58:13 | RELIANCE_1 | CLOSE_LONG | Qty: 51040.203125 | Capital: Rs100,000 -> Rs106,714 | P&L: Rs6,714 | WR: 35.7% | Entry: N/A | SL: N/A | Target: N/A | Reward: -1.0003
2025-08-19 02:53:26,113 - DEBUG - STEP   44 | 18 August 16:03:13 | RELIANCE_1 | SELL_SHORT | Qty: 17828.134765625 | Capital: Rs100,000 -> Rs106,689 | P&L: Rs6,689 | WR: 35.7% | Entry: 2731.82 | SL: 2898.635 | Target: 2398.19 | Reward: 0.0640
2025-08-19 02:53:26,325 - DEBUG - STEP   45 | 18 August 16:08:13 | RELIANCE_1 | CLOSE_SHORT | Qty: 40141.62109375 | Capital: Rs100,000 -> Rs102,921 | P&L: Rs2,921 | WR: 33.3% | Entry: 2731.82 | SL: 2898.635 | Target: 2398.19 | Reward: -3.9327
2025-08-19 02:53:26,563 - DEBUG - STEP   46 | 18 August 16:13:13 | RELIANCE_1 | HOLD | Qty: 49016.3828125 | Capital: Rs100,000 -> Rs102,553 | P&L: Rs2,553 | WR: 31.2% | Entry: N/A | SL: N/A | Target: N/A | Reward: -0.3348 | Exit: STOP_LOSS_HIT
2025-08-19 02:53:26,808 - DEBUG - STEP   47 | 18 August 16:18:13 | RELIANCE_1 | HOLD | Qty: 57308.7265625 | Capital: Rs100,000 -> Rs102,553 | P&L: Rs2,553 | WR: 31.2% | Entry: N/A | SL: N/A | Target: N/A | Reward: 0.0339
2025-08-19 02:53:27,036 - DEBUG - STEP   48 | 18 August 16:23:13 | RELIANCE_1 | SELL_SHORT | Qty: 55753.79296875 | Capital: Rs100,000 -> Rs102,528 | P&L: Rs2,528 | WR: 31.2% | Entry: 3113.68 | SL: 3287.9649999999997 | Target: 2765.1099999999997 | Reward: 0.0089
2025-08-19 02:53:27,262 - DEBUG - STEP   49 | 18 August 16:28:13 | RELIANCE_1 | HOLD | Qty: 35783.671875 | Capital: Rs100,000 -> Rs102,528 | P&L: Rs2,528 | WR: 31.2% | Entry: 3113.68 | SL: 3287.9649999999997 | Target: 2765.1099999999997 | Reward: 1.0249
2025-08-19 02:53:27,480 - DEBUG - STEP   50 | 18 August 16:33:13 | RELIANCE_1 | HOLD | Qty: 58800.72265625 | Capital: Rs100,000 -> Rs102,528 | P&L: Rs2,528 | WR: 31.2% | Entry: 3113.68 | SL: 3287.9649999999997 | Target: 2765.1099999999997 | Reward: -1.5885
2025-08-19 02:53:27,705 - DEBUG - STEP   51 | 18 August 16:38:13 | RELIANCE_1 | HOLD | Qty: 71755.8046875 | Capital: Rs100,000 -> Rs102,528 | P&L: Rs2,528 | WR: 31.2% | Entry: 3113.68 | SL: 3287.9649999999997 | Target: 2765.1099999999997 | Reward: -2.9812
2025-08-19 02:53:27,977 - DEBUG - STEP   52 | 18 August 16:43:13 | RELIANCE_1 | CLOSE_SHORT | Qty: 43502.30859375 | Capital: Rs100,000 -> Rs96,915 | P&L: Rs-3,085 | WR: 29.4% | Entry: N/A | SL: N/A | Target: N/A | Reward: -5.6254 | Exit: STOP_LOSS_HIT
2025-08-19 02:53:28,340 - DEBUG - STEP   53 | 18 August 16:48:13 | RELIANCE_1 | HOLD | Qty: 38589.47265625 | Capital: Rs100,000 -> Rs96,915 | P&L: Rs-3,085 | WR: 29.4% | Entry: N/A | SL: N/A | Target: N/A | Reward: -0.0113
2025-08-19 02:53:28,562 - DEBUG - STEP   54 | 18 August 16:53:13 | RELIANCE_1 | BUY_LONG | Qty: 43462.78515625 | Capital: Rs100,000 -> Rs96,890 | P&L: Rs-3,110 | WR: 29.4% | Entry: 3220.04 | SL: 3043.97 | Target: 3572.18 | Reward: -0.0288
2025-08-19 02:53:28,783 - DEBUG - STEP   55 | 18 August 16:58:13 | RELIANCE_1 | CLOSE_LONG | Qty: 56275.65625 | Capital: Rs100,000 -> Rs95,307 | P&L: Rs-4,693 | WR: 27.8% | Entry: N/A | SL: N/A | Target: N/A | Reward: -1.6086
2025-08-19 02:53:29,034 - DEBUG - STEP   56 | 18 August 17:03:13 | RELIANCE_1 | SELL_SHORT | Qty: 54695.98046875 | Capital: Rs100,000 -> Rs95,282 | P&L: Rs-4,718 | WR: 27.8% | Entry: 2975.22 | SL: 3176.1899999999996 | Target: 2573.2799999999997 | Reward: -0.0481
2025-08-19 02:53:29,261 - DEBUG - STEP   57 | 18 August 17:08:13 | RELIANCE_1 | HOLD | Qty: 57851.7734375 | Capital: Rs100,000 -> Rs95,282 | P&L: Rs-4,718 | WR: 27.8% | Entry: 2975.22 | SL: 3176.1899999999996 | Target: 2573.2799999999997 | Reward: 0.0404
2025-08-19 02:53:29,489 - DEBUG - STEP   58 | 18 August 17:13:13 | RELIANCE_1 | CLOSE_SHORT | Qty: 26573.349609375 | Capital: Rs100,000 -> Rs98,283 | P&L: Rs-1,717 | WR: 31.6% | Entry: N/A | SL: N/A | Target: N/A | Reward: 3.0112
2025-08-19 02:53:29,710 - DEBUG - STEP   59 | 18 August 17:18:13 | RELIANCE_1 | BUY_LONG | Qty: 41548.875 | Capital: Rs100,000 -> Rs98,258 | P&L: Rs-1,742 | WR: 31.6% | Entry: 2895.1 | SL: 2701.69 | Target: 3281.92 | Reward: -0.0197
2025-08-19 02:53:29,921 - DEBUG - STEP   60 | 18 August 17:23:13 | RELIANCE_1 | CLOSE_LONG | Qty: 55851.78125 | Capital: Rs100,000 -> Rs100,901 | P&L: Rs901 | WR: 35.0% | Entry: N/A | SL: N/A | Target: N/A | Reward: 2.6681
2025-08-19 02:53:30,167 - DEBUG - STEP   61 | 18 August 17:28:13 | RELIANCE_1 | SELL_SHORT | Qty: 37617.1328125 | Capital: Rs100,000 -> Rs100,876 | P&L: Rs876 | WR: 35.0% | Entry: 3079.06 | SL: 3268.315 | Target: 2700.55 | Reward: -0.0056
2025-08-19 02:53:30,394 - DEBUG - STEP   62 | 18 August 17:33:13 | RELIANCE_1 | HOLD | Qty: 52617.58984375 | Capital: Rs100,000 -> Rs100,876 | P&L: Rs876 | WR: 35.0% | Entry: 3079.06 | SL: 3268.315 | Target: 2700.55 | Reward: -1.7541
2025-08-19 02:53:30,635 - DEBUG - STEP   63 | 18 August 17:38:13 | RELIANCE_1 | HOLD | Qty: 53137.21484375 | Capital: Rs100,000 -> Rs100,876 | P&L: Rs876 | WR: 35.0% | Entry: 3079.06 | SL: 3268.315 | Target: 2700.55 | Reward: -1.7790
2025-08-19 02:53:30,850 - DEBUG - STEP   64 | 18 August 17:43:13 | RELIANCE_1 | CLOSE_SHORT | Qty: 32315.22265625 | Capital: Rs100,000 -> Rs102,513 | P&L: Rs2,513 | WR: 38.1% | Entry: N/A | SL: N/A | Target: N/A | Reward: 1.6699
2025-08-19 02:53:31,089 - DEBUG - STEP   65 | 18 August 17:48:13 | RELIANCE_1 | BUY_LONG | Qty: 66739.2890625 | Capital: Rs100,000 -> Rs102,488 | P&L: Rs2,488 | WR: 38.1% | Entry: 3047.24 | SL: 2863.895 | Target: 3413.93 | Reward: 0.0029
2025-08-19 02:53:31,333 - DEBUG - STEP   66 | 18 August 17:53:13 | RELIANCE_1 | HOLD | Qty: 67495.453125 | Capital: Rs100,000 -> Rs102,488 | P&L: Rs2,488 | WR: 38.1% | Entry: 3047.24 | SL: 2863.895 | Target: 3413.93 | Reward: -1.4331
2025-08-19 02:53:31,555 - DEBUG - STEP   67 | 18 August 17:58:13 | RELIANCE_1 | HOLD | Qty: 54167.56640625 | Capital: Rs100,000 -> Rs102,488 | P&L: Rs2,488 | WR: 38.1% | Entry: 3047.24 | SL: 2863.895 | Target: 3413.93 | Reward: 2.1810
2025-08-19 02:53:31,784 - DEBUG - STEP   68 | 18 August 18:03:13 | RELIANCE_1 | CLOSE_LONG | Qty: 37088.421875 | Capital: Rs100,000 -> Rs108,577 | P&L: Rs8,577 | WR: 40.9% | Entry: 3047.24 | SL: 2863.895 | Target: 3413.93 | Reward: 6.5706
2025-08-19 02:53:32,007 - DEBUG - STEP   69 | 18 August 18:08:13 | RELIANCE_1 | HOLD | Qty: 53603.90625 | Capital: Rs100,000 -> Rs108,577 | P&L: Rs8,577 | WR: 40.9% | Entry: 3047.24 | SL: 2863.895 | Target: 3413.93 | Reward: 0.3543
2025-08-19 02:53:32,236 - DEBUG - STEP   70 | 18 August 18:13:13 | RELIANCE_1 | CLOSE_LONG | Qty: 69216.734375 | Capital: Rs100,000 -> Rs108,570 | P&L: Rs8,570 | WR: 39.1% | Entry: N/A | SL: N/A | Target: N/A | Reward: 0.0877 | Exit: TRAILING_STOP_HIT
2025-08-19 02:53:32,474 - DEBUG - STEP   71 | 18 August 18:18:13 | RELIANCE_1 | SELL_SHORT | Qty: 69199.84375 | Capital: Rs100,000 -> Rs108,545 | P&L: Rs8,545 | WR: 39.1% | Entry: 3183.95 | SL: 3391.9399999999996 | Target: 2767.97 | Reward: 0.0025
2025-08-19 02:53:32,700 - DEBUG - STEP   72 | 18 August 18:23:13 | RELIANCE_1 | HOLD | Qty: 65699.875 | Capital: Rs100,000 -> Rs108,545 | P&L: Rs8,545 | WR: 39.1% | Entry: 3183.95 | SL: 3391.9399999999996 | Target: 2767.97 | Reward: 3.7616
2025-08-19 02:53:32,940 - DEBUG - STEP   73 | 18 August 18:28:13 | RELIANCE_1 | CLOSE_SHORT | Qty: 46199.65234375 | Capital: Rs100,000 -> Rs108,908 | P&L: Rs8,908 | WR: 41.7% | Entry: N/A | SL: N/A | Target: N/A | Reward: 0.3784
2025-08-19 02:53:33,162 - DEBUG - STEP   74 | 18 August 18:33:13 | RELIANCE_1 | BUY_LONG | Qty: 81412.9140625 | Capital: Rs100,000 -> Rs108,883 | P&L: Rs8,883 | WR: 41.7% | Entry: 3052.69 | SL: 2835.34 | Target: 3487.3900000000003 | Reward: -0.0056
2025-08-19 02:53:33,384 - DEBUG - STEP   75 | 18 August 18:38:13 | RELIANCE_1 | HOLD | Qty: 69829.0078125 | Capital: Rs100,000 -> Rs108,883 | P&L: Rs8,883 | WR: 41.7% | Entry: 3052.69 | SL: 2835.34 | Target: 3487.3900000000003 | Reward: 1.8158
2025-08-19 02:53:33,621 - DEBUG - STEP   76 | 18 August 18:43:13 | RELIANCE_1 | CLOSE_LONG | Qty: 58467.8828125 | Capital: Rs100,000 -> Rs109,285 | P&L: Rs9,285 | WR: 44.0% | Entry: N/A | SL: N/A | Target: N/A | Reward: 0.4284
2025-08-19 02:53:33,865 - DEBUG - STEP   77 | 18 August 18:48:13 | RELIANCE_1 | HOLD | Qty: 38196.5390625 | Capital: Rs100,000 -> Rs109,285 | P&L: Rs9,285 | WR: 44.0% | Entry: N/A | SL: N/A | Target: N/A | Reward: 0.0219
2025-08-19 02:53:34,081 - DEBUG - STEP   78 | 18 August 18:53:13 | RELIANCE_1 | BUY_LONG | Qty: 48436.7890625 | Capital: Rs100,000 -> Rs109,260 | P&L: Rs9,260 | WR: 44.0% | Entry: 2974.72 | SL: 2768.5299999999997 | Target: 3387.1 | Reward: -0.0100
2025-08-19 02:53:34,310 - DEBUG - STEP   79 | 18 August 18:58:13 | RELIANCE_1 | HOLD | Qty: 52495.9765625 | Capital: Rs100,000 -> Rs109,260 | P&L: Rs9,260 | WR: 44.0% | Entry: 2974.72 | SL: 2768.5299999999997 | Target: 3387.1 | Reward: 4.1429
2025-08-19 02:53:34,569 - DEBUG - STEP   80 | 18 August 19:03:13 | RELIANCE_1 | CLOSE_LONG | Qty: 25760.435546875 | Capital: Rs100,000 -> Rs110,077 | P&L: Rs10,077 | WR: 46.2% | Entry: N/A | SL: N/A | Target: N/A | Reward: 0.8405
2025-08-19 02:53:34,815 - DEBUG - STEP   81 | 18 August 19:08:13 | RELIANCE_1 | HOLD | Qty: 57469.234375 | Capital: Rs100,000 -> Rs110,077 | P&L: Rs10,077 | WR: 46.2% | Entry: N/A | SL: N/A | Target: N/A | Reward: 0.0187
2025-08-19 02:53:35,042 - DEBUG - STEP   82 | 18 August 19:13:13 | RELIANCE_1 | BUY_LONG | Qty: 39428.6171875 | Capital: Rs100,000 -> Rs110,052 | P&L: Rs10,052 | WR: 46.2% | Entry: 2998.95 | SL: 2810.6549999999997 | Target: 3375.54 | Reward: 0.0320
2025-08-19 02:53:35,274 - DEBUG - STEP   83 | 18 August 19:18:13 | RELIANCE_1 | HOLD | Qty: 74962.1953125 | Capital: Rs100,000 -> Rs110,052 | P&L: Rs10,052 | WR: 46.2% | Entry: 2998.95 | SL: 2810.6549999999997 | Target: 3375.54 | Reward: 2.7557
2025-08-19 02:53:35,493 - DEBUG - STEP   84 | 18 August 19:23:13 | RELIANCE_1 | CLOSE_LONG | Qty: 34920.8828125 | Capital: Rs100,000 -> Rs112,553 | P&L: Rs12,553 | WR: 48.1% | Entry: 2998.95 | SL: 2810.6549999999997 | Target: 3375.54 | Reward: 2.6525
2025-08-19 02:53:35,730 - DEBUG - STEP   85 | 18 August 19:28:13 | RELIANCE_1 | HOLD | Qty: 49009.73046875 | Capital: Rs100,000 -> Rs112,553 | P&L: Rs12,553 | WR: 48.1% | Entry: 2998.95 | SL: 2810.6549999999997 | Target: 3375.54 | Reward: 0.1140
2025-08-19 02:53:35,973 - DEBUG - STEP   86 | 18 August 19:33:13 | RELIANCE_1 | HOLD | Qty: 50454.1953125 | Capital: Rs100,000 -> Rs112,330 | P&L: Rs12,330 | WR: 46.4% | Entry: N/A | SL: N/A | Target: N/A | Reward: -0.1501 | Exit: STOP_LOSS_HIT
2025-08-19 02:53:36,195 - DEBUG - STEP   87 | 18 August 19:38:13 | RELIANCE_1 | SELL_SHORT | Qty: 54951.15234375 | Capital: Rs100,000 -> Rs112,305 | P&L: Rs12,305 | WR: 46.4% | Entry: 2969.82 | SL: 3179.0550000000003 | Target: 2551.3500000000004 | Reward: 0.0483
2025-08-19 02:53:36,421 - DEBUG - STEP   88 | 18 August 19:43:13 | RELIANCE_1 | CLOSE_SHORT | Qty: 23629.767578125 | Capital: Rs100,000 -> Rs112,103 | P&L: Rs12,103 | WR: 44.8% | Entry: N/A | SL: N/A | Target: N/A | Reward: -0.1832
2025-08-19 02:53:36,643 - DEBUG - STEP   89 | 18 August 19:48:13 | RELIANCE_1 | BUY_LONG | Qty: 49270.71875 | Capital: Rs100,000 -> Rs112,078 | P&L: Rs12,078 | WR: 44.8% | Entry: 2939.63 | SL: 2738.6600000000003 | Target: 3341.57 | Reward: -0.0072
2025-08-19 02:53:36,872 - DEBUG - STEP   90 | 18 August 19:53:13 | RELIANCE_1 | HOLD | Qty: 42452.32421875 | Capital: Rs100,000 -> Rs112,078 | P&L: Rs12,078 | WR: 44.8% | Entry: 2939.63 | SL: 2738.6600000000003 | Target: 3341.57 | Reward: 2.5370
2025-08-19 02:53:37,119 - DEBUG - STEP   91 | 18 August 19:58:13 | RELIANCE_1 | CLOSE_LONG | Qty: 58089.9375 | Capital: Rs100,000 -> Rs116,789 | P&L: Rs16,789 | WR: 46.7% | Entry: 2939.63 | SL: 2738.6600000000003 | Target: 3341.57 | Reward: 5.0533
2025-08-19 02:53:37,349 - DEBUG - STEP   92 | 18 August 20:03:13 | RELIANCE_1 | CLOSE_LONG | Qty: 61556.91015625 | Capital: Rs100,000 -> Rs117,175 | P&L: Rs17,175 | WR: 48.4% | Entry: N/A | SL: N/A | Target: N/A | Reward: 0.4663
2025-08-19 02:53:37,581 - DEBUG - STEP   93 | 18 August 20:08:13 | RELIANCE_1 | BUY_LONG | Qty: 66410.1171875 | Capital: Rs100,000 -> Rs117,150 | P&L: Rs17,150 | WR: 48.4% | Entry: 3156.88 | SL: 2951.71 | Target: 3567.2200000000003 | Reward: 0.0518
2025-08-19 02:53:37,815 - DEBUG - STEP   94 | 18 August 20:13:13 | RELIANCE_1 | HOLD | Qty: 58824.8515625 | Capital: Rs100,000 -> Rs117,150 | P&L: Rs17,150 | WR: 48.4% | Entry: 3156.88 | SL: 2951.71 | Target: 3567.2200000000003 | Reward: 5.2758
2025-08-19 02:53:38,046 - DEBUG - STEP   95 | 18 August 20:18:13 | RELIANCE_1 | HOLD | Qty: 58374.4140625 | Capital: Rs100,000 -> Rs117,150 | P&L: Rs17,150 | WR: 48.4% | Entry: 3156.88 | SL: 2951.71 | Target: 3567.2200000000003 | Reward: 13.6660
2025-08-19 02:53:38,275 - DEBUG - STEP   96 | 18 August 20:23:13 | RELIANCE_1 | CLOSE_LONG | Qty: 32102.396484375 | Capital: Rs100,000 -> Rs127,183 | P&L: Rs27,183 | WR: 50.0% | Entry: 3156.88 | SL: 2951.71 | Target: 3567.2200000000003 | Reward: 11.9151
2025-08-19 02:53:38,500 - DEBUG - STEP   97 | 18 August 20:28:13 | RELIANCE_1 | CLOSE_LONG | Qty: 46896.7578125 | Capital: Rs100,000 -> Rs128,362 | P&L: Rs28,362 | WR: 51.5% | Entry: N/A | SL: N/A | Target: N/A | Reward: 1.9047
2025-08-19 02:53:38,737 - DEBUG - STEP   98 | 18 August 20:33:13 | RELIANCE_1 | SELL_SHORT | Qty: 42402.20703125 | Capital: Rs100,000 -> Rs128,337 | P&L: Rs28,337 | WR: 51.5% | Entry: 3578.51 | SL: 3805.67 | Target: 3124.19 | Reward: 0.6951
2025-08-19 02:53:38,961 - DEBUG - STEP   99 | 18 August 20:38:13 | RELIANCE_1 | CLOSE_SHORT | Qty: 70004.015625 | Capital: Rs100,000 -> Rs124,457 | P&L: Rs24,457 | WR: 50.0% | Entry: 3578.51 | SL: 3805.67 | Target: 3124.19 | Reward: -2.9989
2025-08-19 02:53:39,192 - DEBUG - STEP  100 | 18 August 20:43:13 | RELIANCE_1 | HOLD | Qty: 52425.62890625 | Capital: Rs100,000 -> Rs124,457 | P&L: Rs24,457 | WR: 50.0% | Entry: 3578.51 | SL: 3805.67 | Target: 3124.19 | Reward: 0.9417
2025-08-19 02:53:39,430 - DEBUG - STEP  101 | 18 August 20:48:13 | RELIANCE_1 | CLOSE_SHORT | Qty: 26254.697265625 | Capital: Rs100,000 -> Rs124,327 | P&L: Rs24,327 | WR: 48.6% | Entry: N/A | SL: N/A | Target: N/A | Reward: 0.8401
2025-08-19 02:53:39,650 - DEBUG - STEP  102 | 18 August 20:53:13 | RELIANCE_1 | SELL_SHORT | Qty: 66746.546875 | Capital: Rs100,000 -> Rs124,302 | P&L: Rs24,302 | WR: 48.6% | Entry: 3750.1 | SL: 3980.275 | Target: 3289.75 | Reward: 1.3733
2025-08-19 02:53:39,876 - DEBUG - STEP  103 | 18 August 20:58:13 | RELIANCE_1 | HOLD | Qty: 37998.03125 | Capital: Rs100,000 -> Rs124,302 | P&L: Rs24,302 | WR: 48.6% | Entry: 3750.1 | SL: 3980.275 | Target: 3289.75 | Reward: 6.2535
2025-08-19 02:53:40,099 - DEBUG - STEP  104 | 18 August 21:03:13 | RELIANCE_1 | HOLD | Qty: 37028.26171875 | Capital: Rs100,000 -> Rs124,302 | P&L: Rs24,302 | WR: 48.6% | Entry: 3750.1 | SL: 3980.275 | Target: 3289.75 | Reward: 10.5983
2025-08-19 02:53:40,332 - DEBUG - STEP  105 | 18 August 21:08:13 | RELIANCE_1 | HOLD | Qty: 45137.22265625 | Capital: Rs100,000 -> Rs124,302 | P&L: Rs24,302 | WR: 48.6% | Entry: 3750.1 | SL: 3980.275 | Target: 3289.75 | Reward: 13.7290
2025-08-19 02:53:40,568 - DEBUG - STEP  106 | 18 August 21:13:13 | RELIANCE_1 | HOLD | Qty: 50228.49609375 | Capital: Rs100,000 -> Rs124,302 | P&L: Rs24,302 | WR: 48.6% | Entry: 3750.1 | SL: 3980.275 | Target: 3289.75 | Reward: 14.8956
2025-08-19 02:53:40,796 - DEBUG - STEP  107 | 18 August 21:18:13 | RELIANCE_1 | HOLD | Qty: 40422.48828125 | Capital: Rs100,000 -> Rs124,302 | P&L: Rs24,302 | WR: 48.6% | Entry: 3750.1 | SL: 3980.275 | Target: 3289.75 | Reward: 13.0659
2025-08-19 02:53:41,031 - DEBUG - STEP  108 | 18 August 21:23:13 | RELIANCE_1 | HOLD | Qty: 59519.6640625 | Capital: Rs100,000 -> Rs124,302 | P&L: Rs24,302 | WR: 48.6% | Entry: 3750.1 | SL: 3980.275 | Target: 3289.75 | Reward: 11.4998
2025-08-19 02:53:41,246 - DEBUG - STEP  109 | 18 August 21:28:13 | RELIANCE_1 | HOLD | Qty: 75787.28125 | Capital: Rs100,000 -> Rs124,302 | P&L: Rs24,302 | WR: 48.6% | Entry: 3750.1 | SL: 3980.275 | Target: 3289.75 | Reward: 9.0617
2025-08-19 02:53:41,514 - DEBUG - STEP  110 | 18 August 21:33:13 | RELIANCE_1 | HOLD | Qty: 54604.9375 | Capital: Rs100,000 -> Rs130,168 | P&L: Rs30,168 | WR: 50.0% | Entry: N/A | SL: N/A | Target: N/A | Reward: 7.5365 | Exit: TRAILING_STOP_HIT
2025-08-19 02:53:41,753 - DEBUG - STEP  111 | 18 August 21:38:13 | RELIANCE_1 | HOLD | Qty: 53750.609375 | Capital: Rs100,000 -> Rs130,168 | P&L: Rs30,168 | WR: 50.0% | Entry: N/A | SL: N/A | Target: N/A | Reward: 1.6706
2025-08-19 02:53:41,981 - DEBUG - STEP  112 | 18 August 21:43:13 | RELIANCE_1 | HOLD | Qty: 40184.79296875 | Capital: Rs100,000 -> Rs130,168 | P&L: Rs30,168 | WR: 50.0% | Entry: N/A | SL: N/A | Target: N/A | Reward: 1.6706
2025-08-19 02:53:42,196 - DEBUG - STEP  113 | 18 August 21:48:13 | RELIANCE_1 | HOLD | Qty: 24235.294921875 | Capital: Rs100,000 -> Rs130,168 | P&L: Rs30,168 | WR: 50.0% | Entry: N/A | SL: N/A | Target: N/A | Reward: 1.6705
2025-08-19 02:53:42,426 - DEBUG - STEP  114 | 18 August 21:53:13 | RELIANCE_1 | BUY_LONG | Qty: 51423.0390625 | Capital: Rs100,000 -> Rs130,143 | P&L: Rs30,143 | WR: 50.0% | Entry: 3406.11 | SL: 3150.09 | Target: 3918.15 | Reward: 1.5093
2025-08-19 02:53:42,805 - DEBUG - STEP  115 | 18 August 21:58:13 | RELIANCE_1 | CLOSE_LONG | Qty: 51605.6953125 | Capital: Rs100,000 -> Rs131,252 | P&L: Rs31,252 | WR: 51.4% | Entry: 3406.11 | SL: 3150.09 | Target: 3918.15 | Reward: 2.7273
2025-08-19 02:53:43,050 - DEBUG - STEP  116 | 18 August 22:03:13 | RELIANCE_1 | CLOSE_LONG | Qty: 67383.6484375 | Capital: Rs100,000 -> Rs131,020 | P&L: Rs31,020 | WR: 50.0% | Entry: N/A | SL: N/A | Target: N/A | Reward: 1.1528
2025-08-19 02:53:43,282 - DEBUG - STEP  117 | 18 August 22:08:13 | RELIANCE_1 | BUY_LONG | Qty: 70125.25 | Capital: Rs100,000 -> Rs130,995 | P&L: Rs30,995 | WR: 50.0% | Entry: 3206.39 | SL: 2952.455 | Target: 3714.2599999999998 | Reward: 1.3615
2025-08-19 02:53:43,505 - DEBUG - STEP  118 | 18 August 22:13:13 | RELIANCE_1 | CLOSE_LONG | Qty: 54428.9375 | Capital: Rs100,000 -> Rs124,956 | P&L: Rs24,956 | WR: 48.7% | Entry: N/A | SL: N/A | Target: N/A | Reward: -5.6985
2025-08-19 02:53:43,732 - DEBUG - STEP  119 | 18 August 22:18:13 | RELIANCE_1 | BUY_LONG | Qty: 48571.42578125 | Capital: Rs100,000 -> Rs124,931 | P&L: Rs24,931 | WR: 48.7% | Entry: 3126.34 | SL: 2877.07 | Target: 3624.88 | Reward: 0.3175
2025-08-19 02:53:43,952 - DEBUG - STEP  120 | 18 August 22:23:13 | RELIANCE_1 | CLOSE_LONG | Qty: 50501.359375 | Capital: Rs100,000 -> Rs127,793 | P&L: Rs27,793 | WR: 50.0% | Entry: N/A | SL: N/A | Target: N/A | Reward: 3.1095
2025-08-19 02:53:44,205 - DEBUG - STEP  121 | 18 August 22:28:13 | RELIANCE_1 | HOLD | Qty: 70204.8984375 | Capital: Rs100,000 -> Rs127,793 | P&L: Rs27,793 | WR: 50.0% | Entry: N/A | SL: N/A | Target: N/A | Reward: 0.2418
2025-08-19 02:53:44,448 - DEBUG - STEP  122 | 18 August 22:33:13 | RELIANCE_1 | HOLD | Qty: 46060.453125 | Capital: Rs100,000 -> Rs127,793 | P&L: Rs27,793 | WR: 50.0% | Entry: N/A | SL: N/A | Target: N/A | Reward: 0.2418
2025-08-19 02:53:44,666 - DEBUG - STEP  123 | 18 August 22:38:13 | RELIANCE_1 | SELL_SHORT | Qty: 21694.94921875 | Capital: Rs100,000 -> Rs127,768 | P&L: Rs27,768 | WR: 50.0% | Entry: 3039.59 | SL: 3278.03 | Target: 2562.71 | Reward: 0.2166
2025-08-19 02:53:44,892 - DEBUG - STEP  124 | 18 August 22:43:13 | RELIANCE_1 | CLOSE_SHORT | Qty: 51155.9609375 | Capital: Rs100,000 -> Rs131,679 | P&L: Rs31,679 | WR: 51.2% | Entry: N/A | SL: N/A | Target: N/A | Reward: 4.2696
2025-08-19 02:53:45,128 - DEBUG - STEP  125 | 18 August 22:48:13 | RELIANCE_1 | HOLD | Qty: 45961.98046875 | Capital: Rs100,000 -> Rs131,679 | P&L: Rs31,679 | WR: 51.2% | Entry: N/A | SL: N/A | Target: N/A | Reward: 0.3541
2025-08-19 02:53:45,368 - DEBUG - STEP  126 | 18 August 22:53:13 | RELIANCE_1 | SELL_SHORT | Qty: 51611.50390625 | Capital: Rs100,000 -> Rs131,654 | P&L: Rs31,654 | WR: 51.2% | Entry: 3012.49 | SL: 3263.665 | Target: 2510.14 | Reward: 0.3242
2025-08-19 02:53:45,610 - DEBUG - STEP  127 | 18 August 22:58:13 | RELIANCE_1 | HOLD | Qty: 52474.109375 | Capital: Rs100,000 -> Rs131,654 | P&L: Rs31,654 | WR: 51.2% | Entry: 3012.49 | SL: 3263.665 | Target: 2510.14 | Reward: -0.6635
2025-08-19 02:53:45,831 - DEBUG - STEP  128 | 18 August 23:03:13 | RELIANCE_1 | CLOSE_SHORT | Qty: 41223.98046875 | Capital: Rs100,000 -> Rs134,108 | P&L: Rs34,108 | WR: 52.4% | Entry: N/A | SL: N/A | Target: N/A | Reward: 2.8437
2025-08-19 02:53:46,076 - DEBUG - STEP  129 | 18 August 23:08:13 | RELIANCE_1 | HOLD | Qty: 51086.5390625 | Capital: Rs100,000 -> Rs134,108 | P&L: Rs34,108 | WR: 52.4% | Entry: N/A | SL: N/A | Target: N/A | Reward: 0.3844
2025-08-19 02:53:46,306 - DEBUG - STEP  130 | 18 August 23:13:13 | RELIANCE_1 | BUY_LONG | Qty: 43331.359375 | Capital: Rs100,000 -> Rs134,083 | P&L: Rs34,083 | WR: 52.4% | Entry: 2935.67 | SL: 2715.875 | Target: 3375.26 | Reward: 0.3540
2025-08-19 02:53:46,545 - DEBUG - STEP  131 | 18 August 23:18:13 | RELIANCE_1 | CLOSE_LONG | Qty: 47908.22265625 | Capital: Rs100,000 -> Rs130,930 | P&L: Rs30,930 | WR: 51.2% | Entry: N/A | SL: N/A | Target: N/A | Reward: -2.9430
2025-08-19 02:53:46,782 - DEBUG - STEP  132 | 18 August 23:23:13 | RELIANCE_1 | BUY_LONG | Qty: 27429.74609375 | Capital: Rs100,000 -> Rs130,905 | P&L: Rs30,905 | WR: 51.2% | Entry: 2784.82 | SL: 2572.375 | Target: 3209.71 | Reward: 0.1781
2025-08-19 02:53:47,000 - DEBUG - STEP  133 | 18 August 23:28:13 | RELIANCE_1 | HOLD | Qty: 58165.48046875 | Capital: Rs100,000 -> Rs130,905 | P&L: Rs30,905 | WR: 51.2% | Entry: 2784.82 | SL: 2572.375 | Target: 3209.71 | Reward: -3.0550
2025-08-19 02:53:47,255 - DEBUG - STEP  134 | 18 August 23:33:13 | RELIANCE_1 | CLOSE_LONG | Qty: 39042.53515625 | Capital: Rs100,000 -> Rs134,359 | P&L: Rs34,359 | WR: 52.3% | Entry: 2784.82 | SL: 2572.375 | Target: 3209.71 | Reward: 3.8514
2025-08-19 02:53:47,475 - DEBUG - STEP  135 | 18 August 23:38:13 | RELIANCE_1 | CLOSE_LONG | Qty: 51526.26953125 | Capital: Rs100,000 -> Rs134,533 | P&L: Rs34,533 | WR: 53.3% | Entry: N/A | SL: N/A | Target: N/A | Reward: 0.3917
2025-08-19 02:53:47,766 - DEBUG - STEP  136 | 18 August 23:43:13 | RELIANCE_1 | HOLD | Qty: 61377.48828125 | Capital: Rs100,000 -> Rs134,533 | P&L: Rs34,533 | WR: 53.3% | Entry: N/A | SL: N/A | Target: N/A | Reward: 0.2160
2025-08-19 02:53:47,995 - DEBUG - STEP  137 | 18 August 23:48:13 | RELIANCE_1 | HOLD | Qty: 76301.6640625 | Capital: Rs100,000 -> Rs134,533 | P&L: Rs34,533 | WR: 53.3% | Entry: N/A | SL: N/A | Target: N/A | Reward: 0.2160
2025-08-19 02:53:48,234 - DEBUG - STEP  138 | 18 August 23:53:13 | RELIANCE_1 | SELL_SHORT | Qty: 36932.8984375 | Capital: Rs100,000 -> Rs134,508 | P&L: Rs34,508 | WR: 53.3% | Entry: 2813.27 | SL: 3019.505 | Target: 2400.8 | Reward: 0.1818
2025-08-19 02:53:48,468 - DEBUG - STEP  139 | 18 August 23:58:13 | RELIANCE_1 | CLOSE_SHORT | Qty: 51218.62890625 | Capital: Rs100,000 -> Rs137,645 | P&L: Rs37,645 | WR: 54.3% | Entry: N/A | SL: N/A | Target: N/A | Reward: 3.3776
2025-08-19 02:53:48,687 - DEBUG - STEP  140 | 19 August 00:03:13 | RELIANCE_1 | BUY_LONG | Qty: 64521.0 | Capital: Rs100,000 -> Rs137,620 | P&L: Rs37,620 | WR: 54.3% | Entry: 2890.54 | SL: 2684.59 | Target: 3302.44 | Reward: 0.2222
2025-08-19 02:53:48,923 - DEBUG - STEP  141 | 19 August 00:08:13 | RELIANCE_1 | HOLD | Qty: 50347.34375 | Capital: Rs100,000 -> Rs137,620 | P&L: Rs37,620 | WR: 54.3% | Entry: 2890.54 | SL: 2684.59 | Target: 3302.44 | Reward: 2.3284
2025-08-19 02:53:49,143 - DEBUG - STEP  142 | 19 August 00:13:13 | RELIANCE_1 | HOLD | Qty: 35948.703125 | Capital: Rs100,000 -> Rs137,620 | P&L: Rs37,620 | WR: 54.3% | Entry: 2890.54 | SL: 2684.59 | Target: 3302.44 | Reward: -0.7178
2025-08-19 02:53:49,375 - DEBUG - STEP  143 | 19 August 00:18:13 | RELIANCE_1 | HOLD | Qty: 26646.08984375 | Capital: Rs100,000 -> Rs137,620 | P&L: Rs37,620 | WR: 54.3% | Entry: 2890.54 | SL: 2684.59 | Target: 3302.44 | Reward: -5.6650
2025-08-19 02:53:49,607 - DEBUG - STEP  144 | 19 August 00:23:13 | RELIANCE_1 | HOLD | Qty: 53792.734375 | Capital: Rs100,000 -> Rs137,620 | P&L: Rs37,620 | WR: 54.3% | Entry: 2890.54 | SL: 2684.59 | Target: 3302.44 | Reward: -5.9404
2025-08-19 02:53:49,835 - DEBUG - STEP  145 | 19 August 00:28:13 | RELIANCE_1 | HOLD | Qty: 31743.056640625 | Capital: Rs100,000 -> Rs127,906 | P&L: Rs27,906 | WR: 53.2% | Entry: N/A | SL: N/A | Target: N/A | Reward: -9.6561 | Exit: STOP_LOSS_HIT
2025-08-19 02:53:50,075 - DEBUG - STEP  146 | 19 August 00:33:13 | RELIANCE_1 | HOLD | Qty: 67920.4921875 | Capital: Rs100,000 -> Rs127,906 | P&L: Rs27,906 | WR: 53.2% | Entry: N/A | SL: N/A | Target: N/A | Reward: 0.0585
2025-08-19 02:53:50,317 - DEBUG - STEP  147 | 19 August 00:38:13 | RELIANCE_1 | SELL_SHORT | Qty: 36656.171875 | Capital: Rs100,000 -> Rs127,881 | P&L: Rs27,881 | WR: 53.2% | Entry: 2597.96 | SL: 2782.355 | Target: 2229.17 | Reward: 0.0013
2025-08-19 02:53:50,536 - DEBUG - STEP  148 | 19 August 00:43:13 | RELIANCE_1 | HOLD | Qty: 38470.640625 | Capital: Rs100,000 -> Rs127,881 | P&L: Rs27,881 | WR: 53.2% | Entry: 2597.96 | SL: 2782.355 | Target: 2229.17 | Reward: -4.6302
2025-08-19 02:53:50,777 - DEBUG - STEP  149 | 19 August 00:48:13 | RELIANCE_1 | CLOSE_SHORT | Qty: 54709.3515625 | Capital: Rs100,000 -> Rs122,274 | P&L: Rs22,274 | WR: 52.1% | Entry: 2597.96 | SL: 2782.355 | Target: 2229.17 | Reward: -5.8594
2025-08-19 02:53:50,995 - DEBUG - STEP  150 | 19 August 00:53:13 | RELIANCE_1 | HOLD | Qty: 38297.328125 | Capital: Rs100,000 -> Rs121,870 | P&L: Rs21,870 | WR: 51.0% | Entry: N/A | SL: N/A | Target: N/A | Reward: -0.4203 | Exit: STOP_LOSS_HIT
2025-08-19 02:53:51,248 - DEBUG - STEP  151 | 19 August 00:58:13 | RELIANCE_1 | BUY_LONG | Qty: 58139.83984375 | Capital: Rs100,000 -> Rs121,845 | P&L: Rs21,845 | WR: 51.0% | Entry: 2731.75 | SL: 2550.775 | Target: 3093.7 | Reward: -0.0597
2025-08-19 02:53:51,460 - DEBUG - STEP  152 | 19 August 01:03:13 | RELIANCE_1 | HOLD | Qty: 65106.7421875 | Capital: Rs100,000 -> Rs121,845 | P&L: Rs21,845 | WR: 51.0% | Entry: 2731.75 | SL: 2550.775 | Target: 3093.7 | Reward: 9.6084
2025-08-19 02:53:51,683 - DEBUG - STEP  153 | 19 August 01:08:13 | RELIANCE_1 | CLOSE_LONG | Qty: 43831.39453125 | Capital: Rs100,000 -> Rs135,472 | P&L: Rs35,472 | WR: 52.0% | Entry: 2731.75 | SL: 2550.775 | Target: 3093.7 | Reward: 15.3968
2025-08-19 02:53:51,928 - DEBUG - STEP  154 | 19 August 01:13:13 | RELIANCE_1 | CLOSE_LONG | Qty: 59242.87109375 | Capital: Rs100,000 -> Rs137,299 | P&L: Rs37,299 | WR: 52.9% | Entry: N/A | SL: N/A | Target: N/A | Reward: 1.8503
2025-08-19 02:53:52,158 - DEBUG - STEP  155 | 19 August 01:18:13 | RELIANCE_1 | HOLD | Qty: 41418.11328125 | Capital: Rs100,000 -> Rs137,299 | P&L: Rs37,299 | WR: 52.9% | Entry: N/A | SL: N/A | Target: N/A | Reward: 0.0180
2025-08-19 02:53:52,396 - DEBUG - STEP  156 | 19 August 01:23:13 | RELIANCE_1 | HOLD | Qty: 40646.140625 | Capital: Rs100,000 -> Rs137,299 | P&L: Rs37,299 | WR: 52.9% | Entry: N/A | SL: N/A | Target: N/A | Reward: 0.0180
2025-08-19 02:53:52,639 - DEBUG - STEP  157 | 19 August 01:28:13 | RELIANCE_1 | HOLD | Qty: 52223.63671875 | Capital: Rs100,000 -> Rs137,299 | P&L: Rs37,299 | WR: 52.9% | Entry: N/A | SL: N/A | Target: N/A | Reward: 0.0180
2025-08-19 02:53:52,856 - DEBUG - STEP  158 | 19 August 01:33:13 | RELIANCE_1 | SELL_SHORT | Qty: 28468.236328125 | Capital: Rs100,000 -> Rs137,274 | P&L: Rs37,274 | WR: 52.9% | Entry: 2856.91 | SL: 3043.765 | Target: 2483.2 | Reward: 0.0200
2025-08-19 02:53:53,092 - DEBUG - STEP  159 | 19 August 01:38:13 | RELIANCE_1 | HOLD | Qty: 56529.4609375 | Capital: Rs100,000 -> Rs137,274 | P&L: Rs37,274 | WR: 52.9% | Entry: 2856.91 | SL: 3043.765 | Target: 2483.2 | Reward: 3.9989
2025-08-19 02:53:53,307 - DEBUG - STEP  160 | 19 August 01:43:13 | RELIANCE_1 | CLOSE_SHORT | Qty: 39940.0546875 | Capital: Rs100,000 -> Rs145,132 | P&L: Rs45,132 | WR: 53.8% | Entry: N/A | SL: N/A | Target: N/A | Reward: 7.9391
2025-08-19 02:53:53,582 - DEBUG - STEP  161 | 19 August 01:48:13 | RELIANCE_1 | BUY_LONG | Qty: 30680.494140625 | Capital: Rs100,000 -> Rs145,107 | P&L: Rs45,107 | WR: 53.8% | Entry: 2588.8 | SL: 2403.565 | Target: 2959.27 | Reward: 0.0510
2025-08-19 02:53:53,808 - DEBUG - STEP  162 | 19 August 01:53:13 | RELIANCE_1 | CLOSE_LONG | Qty: 61126.375 | Capital: Rs100,000 -> Rs150,828 | P&L: Rs50,828 | WR: 54.7% | Entry: 2588.8 | SL: 2403.565 | Target: 2959.27 | Reward: 6.1262
2025-08-19 02:53:54,041 - DEBUG - STEP  163 | 19 August 01:58:13 | RELIANCE_1 | CLOSE_LONG | Qty: 61236.94921875 | Capital: Rs100,000 -> Rs151,397 | P&L: Rs51,397 | WR: 55.6% | Entry: N/A | SL: N/A | Target: N/A | Reward: 0.6531
2025-08-19 02:53:54,278 - DEBUG - STEP  164 | 19 August 02:03:13 | RELIANCE_1 | BUY_LONG | Qty: 19378.716796875 | Capital: Rs100,000 -> Rs151,372 | P&L: Rs51,372 | WR: 55.6% | Entry: 2807.56 | SL: 2625.16 | Target: 3172.3599999999997 | Reward: 0.0488
2025-08-19 02:53:54,488 - DEBUG - STEP  165 | 19 August 02:08:13 | RELIANCE_1 | HOLD | Qty: 56214.36328125 | Capital: Rs100,000 -> Rs151,372 | P&L: Rs51,372 | WR: 55.6% | Entry: 2807.56 | SL: 2625.16 | Target: 3172.3599999999997 | Reward: 5.8709
2025-08-19 02:53:54,736 - DEBUG - STEP  166 | 19 August 02:13:13 | RELIANCE_1 | HOLD | Qty: 66374.265625 | Capital: Rs100,000 -> Rs151,372 | P&L: Rs51,372 | WR: 55.6% | Entry: 2807.56 | SL: 2625.16 | Target: 3172.3599999999997 | Reward: 4.0847
2025-08-19 02:53:55,101 - DEBUG - STEP  167 | 19 August 02:18:13 | RELIANCE_1 | HOLD | Qty: 52030.23828125 | Capital: Rs100,000 -> Rs151,372 | P&L: Rs51,372 | WR: 55.6% | Entry: 2807.56 | SL: 2625.16 | Target: 3172.3599999999997 | Reward: -1.3864
2025-08-19 02:53:55,321 - DEBUG - STEP  168 | 19 August 02:23:13 | RELIANCE_1 | HOLD | Qty: 48909.60546875 | Capital: Rs100,000 -> Rs151,372 | P&L: Rs51,372 | WR: 55.6% | Entry: 2807.56 | SL: 2625.16 | Target: 3172.3599999999997 | Reward: 9.7537
2025-08-19 02:53:55,554 - DEBUG - STEP  169 | 19 August 02:28:13 | RELIANCE_1 | HOLD | Qty: 46329.5859375 | Capital: Rs100,000 -> Rs151,372 | P&L: Rs51,372 | WR: 55.6% | Entry: 2807.56 | SL: 2625.16 | Target: 3172.3599999999997 | Reward: 12.4297
2025-08-19 02:53:55,786 - DEBUG - STEP  170 | 19 August 02:33:13 | RELIANCE_1 | HOLD | Qty: 52864.21875 | Capital: Rs100,000 -> Rs151,372 | P&L: Rs51,372 | WR: 55.6% | Entry: 2807.56 | SL: 2625.16 | Target: 3172.3599999999997 | Reward: 6.6150
2025-08-19 02:53:56,028 - DEBUG - STEP  171 | 19 August 02:38:13 | RELIANCE_1 | CLOSE_LONG | Qty: 38250.53125 | Capital: Rs100,000 -> Rs154,025 | P&L: Rs54,025 | WR: 56.4% | Entry: N/A | SL: N/A | Target: N/A | Reward: 2.7495 | Exit: TRAILING_STOP_HIT
2025-08-19 02:53:56,262 - DEBUG - STEP  172 | 19 August 02:43:13 | RELIANCE_1 | HOLD | Qty: 31228.623046875 | Capital: Rs100,000 -> Rs154,025 | P&L: Rs54,025 | WR: 56.4% | Entry: N/A | SL: N/A | Target: N/A | Reward: 0.0913
2025-08-19 02:53:56,476 - DEBUG - STEP  173 | 19 August 02:48:13 | RELIANCE_1 | HOLD | Qty: 47366.23828125 | Capital: Rs100,000 -> Rs154,025 | P&L: Rs54,025 | WR: 56.4% | Entry: N/A | SL: N/A | Target: N/A | Reward: 0.0913
