2025-08-19 02:55:35,173 - INFO - Training Started: 1 episodes across 2 symbols
2025-08-19 02:55:35,173 - INFO - ================================================================================
2025-08-19 02:55:35,173 - INFO - TRAINING SESSION STARTED
2025-08-19 02:55:35,173 - INFO - ================================================================================
2025-08-19 02:55:35,173 - INFO - Total Episodes: 1
2025-08-19 02:55:35,173 - INFO - Symbols: ['RELIANCE_1', 'Bank_Nifty_5']
2025-08-19 02:55:35,173 - INFO - Configuration Hash: unknown
2025-08-19 02:55:35,173 - INFO - Iteration Directory: research/results\iteration_004
2025-08-19 02:55:35,173 - INFO - ================================================================================
2025-08-19 02:55:35,173 - INFO - 
--- EPISODE 1 START ---
2025-08-19 02:55:35,173 - INFO - Symbol: RELIANCE_1
2025-08-19 02:55:35,173 - INFO - Initial Capital: ₹100,000.00
2025-08-19 02:55:35,173 - INFO - Start Time: 2025-08-19 02:55:35
2025-08-19 02:55:35,511 - DEBUG - STEP    1 | 18 August 12:30:32 | RELIANCE_1 | HOLD | Qty: 48435.56640625 | Capital: Rs100,000 -> Rs100,000 | P&L: Rs0 | WR: 0.0% | Entry: N/A | SL: N/A | Target: N/A | Reward: 0.0000
2025-08-19 02:55:35,707 - DEBUG - STEP    2 | 18 August 12:35:32 | RELIANCE_1 | HOLD | Qty: 36542.6796875 | Capital: Rs100,000 -> Rs100,000 | P&L: Rs0 | WR: 0.0% | Entry: N/A | SL: N/A | Target: N/A | Reward: 0.0000
2025-08-19 02:55:35,932 - DEBUG - STEP    3 | 18 August 12:40:32 | RELIANCE_1 | HOLD | Qty: 52031.82421875 | Capital: Rs100,000 -> Rs100,000 | P&L: Rs0 | WR: 0.0% | Entry: N/A | SL: N/A | Target: N/A | Reward: 0.0000
2025-08-19 02:55:36,134 - DEBUG - STEP    4 | 18 August 12:45:32 | RELIANCE_1 | BUY_LONG | Qty: 79269.125 | Capital: Rs100,000 -> Rs99,975 | P&L: Rs-25 | WR: 0.0% | Entry: 3077.8 | SL: 2923.195 | Target: 3387.01 | Reward: -0.0249
2025-08-19 02:55:36,347 - DEBUG - STEP    5 | 18 August 12:50:32 | RELIANCE_1 | CLOSE_LONG | Qty: 45091.625 | Capital: Rs100,000 -> Rs98,180 | P&L: Rs-1,820 | WR: 0.0% | Entry: N/A | SL: N/A | Target: N/A | Reward: -1.8273
2025-08-19 02:55:36,532 - DEBUG - STEP    6 | 18 August 12:55:32 | RELIANCE_1 | BUY_LONG | Qty: 60364.546875 | Capital: Rs100,000 -> Rs98,155 | P&L: Rs-1,845 | WR: 0.0% | Entry: 3012.89 | SL: 2863.535 | Target: 3311.6 | Reward: -0.0551
2025-08-19 02:55:36,731 - DEBUG - STEP    7 | 18 August 13:00:32 | RELIANCE_1 | HOLD | Qty: 65579.359375 | Capital: Rs100,000 -> Rs98,155 | P&L: Rs-1,845 | WR: 0.0% | Entry: 3012.89 | SL: 2863.535 | Target: 3311.6 | Reward: -1.3347
2025-08-19 02:55:36,928 - DEBUG - STEP    8 | 18 August 13:05:32 | RELIANCE_1 | CLOSE_LONG | Qty: 52134.27734375 | Capital: Rs100,000 -> Rs98,926 | P&L: Rs-1,074 | WR: 50.0% | Entry: N/A | SL: N/A | Target: N/A | Reward: 0.7767
2025-08-19 02:55:37,160 - DEBUG - STEP    9 | 18 August 13:10:32 | RELIANCE_1 | BUY_LONG | Qty: 45620.71875 | Capital: Rs100,000 -> Rs98,901 | P&L: Rs-1,099 | WR: 50.0% | Entry: 2952.02 | SL: 2810.45 | Target: 3235.16 | Reward: -0.0251
2025-08-19 02:55:37,372 - DEBUG - STEP   10 | 18 August 13:15:32 | RELIANCE_1 | CLOSE_LONG | Qty: 44633.7890625 | Capital: Rs100,000 -> Rs97,909 | P&L: Rs-2,091 | WR: 33.3% | Entry: N/A | SL: N/A | Target: N/A | Reward: -1.1110
2025-08-19 02:55:37,595 - DEBUG - STEP   11 | 18 August 13:20:32 | RELIANCE_1 | BUY_LONG | Qty: 43281.17578125 | Capital: Rs100,000 -> Rs97,884 | P&L: Rs-2,116 | WR: 33.3% | Entry: 2953.23 | SL: 2807.28 | Target: 3245.13 | Reward: -0.1413
2025-08-19 02:55:37,841 - DEBUG - STEP   12 | 18 August 13:25:32 | RELIANCE_1 | CLOSE_LONG | Qty: 29433.029296875 | Capital: Rs100,000 -> Rs99,418 | P&L: Rs-582 | WR: 50.0% | Entry: 2953.23 | SL: 2807.28 | Target: 3245.13 | Reward: 1.5749
2025-08-19 02:55:38,088 - DEBUG - STEP   13 | 18 August 13:30:32 | RELIANCE_1 | HOLD | Qty: 34594.38671875 | Capital: Rs100,000 -> Rs99,418 | P&L: Rs-582 | WR: 50.0% | Entry: 2953.23 | SL: 2807.28 | Target: 3245.13 | Reward: -0.0489
2025-08-19 02:55:38,305 - DEBUG - STEP   14 | 18 August 13:35:32 | RELIANCE_1 | CLOSE_LONG | Qty: 46681.4765625 | Capital: Rs100,000 -> Rs99,326 | P&L: Rs-674 | WR: 40.0% | Entry: N/A | SL: N/A | Target: N/A | Reward: -0.1079
2025-08-19 02:55:38,520 - DEBUG - STEP   15 | 18 August 13:40:32 | RELIANCE_1 | BUY_LONG | Qty: 49106.27734375 | Capital: Rs100,000 -> Rs99,301 | P&L: Rs-699 | WR: 40.0% | Entry: 2824.57 | SL: 2663.065 | Target: 3147.58 | Reward: -0.0401
2025-08-19 02:55:38,731 - DEBUG - STEP   16 | 18 August 13:45:32 | RELIANCE_1 | CLOSE_LONG | Qty: 37916.55859375 | Capital: Rs100,000 -> Rs101,408 | P&L: Rs1,408 | WR: 50.0% | Entry: 2824.57 | SL: 2663.065 | Target: 3147.58 | Reward: 2.2324
2025-08-19 02:55:38,974 - DEBUG - STEP   17 | 18 August 13:50:32 | RELIANCE_1 | CLOSE_LONG | Qty: 74728.9921875 | Capital: Rs100,000 -> Rs101,442 | P&L: Rs1,442 | WR: 57.1% | Entry: N/A | SL: N/A | Target: N/A | Reward: 0.0809
2025-08-19 02:55:39,199 - DEBUG - STEP   18 | 18 August 13:55:32 | RELIANCE_1 | SELL_SHORT | Qty: 48506.2890625 | Capital: Rs100,000 -> Rs101,417 | P&L: Rs1,417 | WR: 57.1% | Entry: 2825.11 | SL: 2989.2400000000002 | Target: 2496.8500000000004 | Reward: 0.0212
2025-08-19 02:55:39,430 - DEBUG - STEP   19 | 18 August 14:00:32 | RELIANCE_1 | CLOSE_SHORT | Qty: 56779.0 | Capital: Rs100,000 -> Rs98,606 | P&L: Rs-1,394 | WR: 50.0% | Entry: 2825.11 | SL: 2989.2400000000002 | Target: 2496.8500000000004 | Reward: -2.9129
2025-08-19 02:55:39,666 - DEBUG - STEP   20 | 18 August 14:05:32 | RELIANCE_1 | HOLD | Qty: 52536.765625 | Capital: Rs100,000 -> Rs98,606 | P&L: Rs-1,394 | WR: 50.0% | Entry: 2825.11 | SL: 2989.2400000000002 | Target: 2496.8500000000004 | Reward: 0.0513
2025-08-19 02:55:39,877 - DEBUG - STEP   21 | 18 August 14:10:32 | RELIANCE_1 | CLOSE_SHORT | Qty: 53394.1953125 | Capital: Rs100,000 -> Rs98,746 | P&L: Rs-1,254 | WR: 55.6% | Entry: N/A | SL: N/A | Target: N/A | Reward: 0.1282
2025-08-19 02:55:40,124 - DEBUG - STEP   22 | 18 August 14:15:32 | RELIANCE_1 | SELL_SHORT | Qty: 63525.33203125 | Capital: Rs100,000 -> Rs98,721 | P&L: Rs-1,279 | WR: 55.6% | Entry: 2599.11 | SL: 2768.1150000000002 | Target: 2261.1000000000004 | Reward: -0.0388
2025-08-19 02:55:40,361 - DEBUG - STEP   23 | 18 August 14:20:32 | RELIANCE_1 | HOLD | Qty: 56131.28125 | Capital: Rs100,000 -> Rs98,721 | P&L: Rs-1,279 | WR: 55.6% | Entry: 2599.11 | SL: 2768.1150000000002 | Target: 2261.1000000000004 | Reward: -1.5557
2025-08-19 02:55:40,607 - DEBUG - STEP   24 | 18 August 14:25:32 | RELIANCE_1 | HOLD | Qty: 57537.58203125 | Capital: Rs100,000 -> Rs98,721 | P&L: Rs-1,279 | WR: 55.6% | Entry: 2599.11 | SL: 2768.1150000000002 | Target: 2261.1000000000004 | Reward: 0.0074
2025-08-19 02:55:40,828 - DEBUG - STEP   25 | 18 August 14:30:32 | RELIANCE_1 | CLOSE_SHORT | Qty: 56345.48046875 | Capital: Rs100,000 -> Rs94,295 | P&L: Rs-5,705 | WR: 50.0% | Entry: 2599.11 | SL: 2768.1150000000002 | Target: 2261.1000000000004 | Reward: -4.6115
2025-08-19 02:55:41,061 - DEBUG - STEP   26 | 18 August 14:35:32 | RELIANCE_1 | CLOSE_SHORT | Qty: 57536.0078125 | Capital: Rs100,000 -> Rs94,091 | P&L: Rs-5,909 | WR: 45.5% | Entry: N/A | SL: N/A | Target: N/A | Reward: -0.2680 | Exit: STOP_LOSS_HIT
2025-08-19 02:55:41,298 - DEBUG - STEP   27 | 18 August 14:40:32 | RELIANCE_1 | HOLD | Qty: 58497.67578125 | Capital: Rs100,000 -> Rs94,091 | P&L: Rs-5,909 | WR: 45.5% | Entry: N/A | SL: N/A | Target: N/A | Reward: -0.0630
2025-08-19 02:55:41,552 - DEBUG - STEP   28 | 18 August 14:45:32 | RELIANCE_1 | BUY_LONG | Qty: 47278.79296875 | Capital: Rs100,000 -> Rs94,066 | P&L: Rs-5,934 | WR: 45.5% | Entry: 2731.05 | SL: 2562.4350000000004 | Target: 3068.28 | Reward: -0.0880
2025-08-19 02:55:41,785 - DEBUG - STEP   29 | 18 August 14:50:32 | RELIANCE_1 | CLOSE_LONG | Qty: 61165.14453125 | Capital: Rs100,000 -> Rs93,275 | P&L: Rs-6,725 | WR: 41.7% | Entry: N/A | SL: N/A | Target: N/A | Reward: -0.8604
2025-08-19 02:55:42,033 - DEBUG - STEP   30 | 18 August 14:55:32 | RELIANCE_1 | HOLD | Qty: 45247.58984375 | Capital: Rs100,000 -> Rs93,275 | P&L: Rs-6,725 | WR: 41.7% | Entry: N/A | SL: N/A | Target: N/A | Reward: -0.0670
2025-08-19 02:55:42,253 - DEBUG - STEP   31 | 18 August 15:00:32 | RELIANCE_1 | SELL_SHORT | Qty: 45271.25390625 | Capital: Rs100,000 -> Rs93,250 | P&L: Rs-6,750 | WR: 41.7% | Entry: 2728.84 | SL: 2908.375 | Target: 2369.77 | Reward: -0.0919
2025-08-19 02:55:42,475 - DEBUG - STEP   32 | 18 August 15:05:32 | RELIANCE_1 | HOLD | Qty: 48212.7734375 | Capital: Rs100,000 -> Rs93,250 | P&L: Rs-6,750 | WR: 41.7% | Entry: 2728.84 | SL: 2908.375 | Target: 2369.77 | Reward: 1.5316
2025-08-19 02:55:42,719 - DEBUG - STEP   33 | 18 August 15:10:32 | RELIANCE_1 | CLOSE_SHORT | Qty: 51545.44921875 | Capital: Rs100,000 -> Rs96,048 | P&L: Rs-3,952 | WR: 46.2% | Entry: N/A | SL: N/A | Target: N/A | Reward: 2.7726
2025-08-19 02:55:42,935 - DEBUG - STEP   34 | 18 August 15:15:32 | RELIANCE_1 | HOLD | Qty: 68859.21875 | Capital: Rs100,000 -> Rs96,048 | P&L: Rs-3,952 | WR: 46.2% | Entry: N/A | SL: N/A | Target: N/A | Reward: -0.0306
2025-08-19 02:55:43,160 - DEBUG - STEP   35 | 18 August 15:20:32 | RELIANCE_1 | BUY_LONG | Qty: 40542.7421875 | Capital: Rs100,000 -> Rs96,023 | P&L: Rs-3,977 | WR: 46.2% | Entry: 2754.13 | SL: 2582.965 | Target: 3096.46 | Reward: -0.0556
2025-08-19 02:55:43,377 - DEBUG - STEP   36 | 18 August 15:25:32 | RELIANCE_1 | HOLD | Qty: 49928.625 | Capital: Rs100,000 -> Rs96,023 | P&L: Rs-3,977 | WR: 46.2% | Entry: 2754.13 | SL: 2582.965 | Target: 3096.46 | Reward: 0.0974
2025-08-19 02:55:43,607 - DEBUG - STEP   37 | 18 August 15:30:32 | RELIANCE_1 | HOLD | Qty: 42613.96484375 | Capital: Rs100,000 -> Rs96,023 | P&L: Rs-3,977 | WR: 46.2% | Entry: 2754.13 | SL: 2582.965 | Target: 3096.46 | Reward: 0.3350
2025-08-19 02:55:43,918 - DEBUG - STEP   38 | 18 August 15:35:32 | RELIANCE_1 | CLOSE_LONG | Qty: 28828.30078125 | Capital: Rs100,000 -> Rs102,168 | P&L: Rs2,168 | WR: 50.0% | Entry: 2754.13 | SL: 2582.965 | Target: 3096.46 | Reward: 6.5469
2025-08-19 02:55:44,155 - DEBUG - STEP   39 | 18 August 15:40:32 | RELIANCE_1 | CLOSE_LONG | Qty: 50988.12109375 | Capital: Rs100,000 -> Rs102,261 | P&L: Rs2,261 | WR: 53.3% | Entry: N/A | SL: N/A | Target: N/A | Reward: 0.1060
2025-08-19 02:55:44,388 - DEBUG - STEP   40 | 18 August 15:45:32 | RELIANCE_1 | SELL_SHORT | Qty: 45087.4921875 | Capital: Rs100,000 -> Rs102,236 | P&L: Rs2,236 | WR: 53.3% | Entry: 2827.04 | SL: 3004.685 | Target: 2471.75 | Reward: -0.0125
2025-08-19 02:55:44,617 - DEBUG - STEP   41 | 18 August 15:50:32 | RELIANCE_1 | CLOSE_SHORT | Qty: 66291.6015625 | Capital: Rs100,000 -> Rs100,869 | P&L: Rs869 | WR: 50.0% | Entry: 2827.04 | SL: 3004.685 | Target: 2471.75 | Reward: -1.4044
2025-08-19 02:55:44,851 - DEBUG - STEP   42 | 18 August 15:55:32 | RELIANCE_1 | HOLD | Qty: 33847.2890625 | Capital: Rs100,000 -> Rs100,869 | P&L: Rs869 | WR: 50.0% | Entry: 2827.04 | SL: 3004.685 | Target: 2471.75 | Reward: -0.0100
2025-08-19 02:55:45,095 - DEBUG - STEP   43 | 18 August 16:00:32 | RELIANCE_1 | HOLD | Qty: 67150.78125 | Capital: Rs100,000 -> Rs100,869 | P&L: Rs869 | WR: 50.0% | Entry: 2827.04 | SL: 3004.685 | Target: 2471.75 | Reward: 0.0186
2025-08-19 02:55:45,319 - DEBUG - STEP   44 | 18 August 16:05:32 | RELIANCE_1 | HOLD | Qty: 61617.0625 | Capital: Rs100,000 -> Rs100,869 | P&L: Rs869 | WR: 50.0% | Entry: 2827.04 | SL: 3004.685 | Target: 2471.75 | Reward: 0.0975
2025-08-19 02:55:45,670 - DEBUG - STEP   45 | 18 August 16:10:32 | RELIANCE_1 | CLOSE_SHORT | Qty: 78906.15625 | Capital: Rs100,000 -> Rs100,828 | P&L: Rs828 | WR: 47.1% | Entry: N/A | SL: N/A | Target: N/A | Reward: -0.0388
2025-08-19 02:55:45,921 - DEBUG - STEP   46 | 18 August 16:15:32 | RELIANCE_1 | SELL_SHORT | Qty: 25439.49609375 | Capital: Rs100,000 -> Rs100,803 | P&L: Rs803 | WR: 47.1% | Entry: 2932.79 | SL: 3104.6 | Target: 2589.17 | Reward: -0.0229
2025-08-19 02:55:46,163 - DEBUG - STEP   47 | 18 August 16:20:32 | RELIANCE_1 | HOLD | Qty: 61439.125 | Capital: Rs100,000 -> Rs100,803 | P&L: Rs803 | WR: 47.1% | Entry: 2932.79 | SL: 3104.6 | Target: 2589.17 | Reward: -2.7499
2025-08-19 02:55:46,388 - DEBUG - STEP   48 | 18 August 16:25:32 | RELIANCE_1 | HOLD | Qty: 58336.69921875 | Capital: Rs100,000 -> Rs94,927 | P&L: Rs-5,073 | WR: 44.4% | Entry: N/A | SL: N/A | Target: N/A | Reward: -5.9033 | Exit: STOP_LOSS_HIT
2025-08-19 02:55:46,619 - DEBUG - STEP   49 | 18 August 16:30:32 | RELIANCE_1 | SELL_SHORT | Qty: 47447.30859375 | Capital: Rs100,000 -> Rs94,902 | P&L: Rs-5,098 | WR: 44.4% | Entry: 3082.73 | SL: 3251.3450000000003 | Target: 2745.5 | Reward: -0.0518
2025-08-19 02:55:46,858 - DEBUG - STEP   50 | 18 August 16:35:32 | RELIANCE_1 | HOLD | Qty: 56250.1171875 | Capital: Rs100,000 -> Rs94,902 | P&L: Rs-5,098 | WR: 44.4% | Entry: 3082.73 | SL: 3251.3450000000003 | Target: 2745.5 | Reward: -2.4763
2025-08-19 02:55:47,068 - DEBUG - STEP   51 | 18 August 16:40:32 | RELIANCE_1 | CLOSE_SHORT | Qty: 46908.3671875 | Capital: Rs100,000 -> Rs91,237 | P&L: Rs-8,763 | WR: 42.1% | Entry: 3082.73 | SL: 3251.3450000000003 | Target: 2745.5 | Reward: -3.8381
2025-08-19 02:55:47,319 - DEBUG - STEP   52 | 18 August 16:45:32 | RELIANCE_1 | HOLD | Qty: 26352.072265625 | Capital: Rs100,000 -> Rs91,033 | P&L: Rs-8,967 | WR: 40.0% | Entry: N/A | SL: N/A | Target: N/A | Reward: -0.2508 | Exit: STOP_LOSS_HIT
2025-08-19 02:55:47,538 - DEBUG - STEP   53 | 18 August 16:50:32 | RELIANCE_1 | BUY_LONG | Qty: 60349.2578125 | Capital: Rs100,000 -> Rs91,008 | P&L: Rs-8,992 | WR: 40.0% | Entry: 3195.3 | SL: 3019.0350000000003 | Target: 3547.8300000000004 | Reward: -0.0795
2025-08-19 02:55:47,784 - DEBUG - STEP   54 | 18 August 16:55:32 | RELIANCE_1 | HOLD | Qty: 71976.5703125 | Capital: Rs100,000 -> Rs91,008 | P&L: Rs-8,992 | WR: 40.0% | Entry: 3195.3 | SL: 3019.0350000000003 | Target: 3547.8300000000004 | Reward: 0.6388
2025-08-19 02:55:48,012 - DEBUG - STEP   55 | 18 August 17:00:32 | RELIANCE_1 | CLOSE_LONG | Qty: 47514.20703125 | Capital: Rs100,000 -> Rs90,220 | P&L: Rs-9,780 | WR: 38.1% | Entry: N/A | SL: N/A | Target: N/A | Reward: -0.8482
2025-08-19 02:55:48,232 - DEBUG - STEP   56 | 18 August 17:05:32 | RELIANCE_1 | HOLD | Qty: 42676.73046875 | Capital: Rs100,000 -> Rs90,220 | P&L: Rs-9,780 | WR: 38.1% | Entry: N/A | SL: N/A | Target: N/A | Reward: -0.0586
2025-08-19 02:55:48,480 - DEBUG - STEP   57 | 18 August 17:10:32 | RELIANCE_1 | BUY_LONG | Qty: 50980.12890625 | Capital: Rs100,000 -> Rs90,195 | P&L: Rs-9,805 | WR: 38.1% | Entry: 2973.24 | SL: 2771.3999999999996 | Target: 3376.9199999999996 | Reward: -0.0806
2025-08-19 02:55:48,747 - DEBUG - STEP   58 | 18 August 17:15:32 | RELIANCE_1 | CLOSE_LONG | Qty: 55693.37890625 | Capital: Rs100,000 -> Rs87,374 | P&L: Rs-12,626 | WR: 36.4% | Entry: N/A | SL: N/A | Target: N/A | Reward: -2.9025
2025-08-19 02:55:48,988 - DEBUG - STEP   59 | 18 August 17:20:32 | RELIANCE_1 | HOLD | Qty: 39591.25390625 | Capital: Rs100,000 -> Rs87,374 | P&L: Rs-12,626 | WR: 36.4% | Entry: N/A | SL: N/A | Target: N/A | Reward: -0.0789
2025-08-19 02:55:49,204 - DEBUG - STEP   60 | 18 August 17:25:32 | RELIANCE_1 | HOLD | Qty: 36146.953125 | Capital: Rs100,000 -> Rs87,374 | P&L: Rs-12,626 | WR: 36.4% | Entry: N/A | SL: N/A | Target: N/A | Reward: -0.0789
2025-08-19 02:55:49,439 - DEBUG - STEP   61 | 18 August 17:30:32 | RELIANCE_1 | HOLD | Qty: 67624.5859375 | Capital: Rs100,000 -> Rs87,374 | P&L: Rs-12,626 | WR: 36.4% | Entry: N/A | SL: N/A | Target: N/A | Reward: -0.0788
2025-08-19 02:55:49,680 - DEBUG - STEP   62 | 18 August 17:35:32 | RELIANCE_1 | BUY_LONG | Qty: 52581.2421875 | Capital: Rs100,000 -> Rs87,349 | P&L: Rs-12,651 | WR: 36.4% | Entry: 3134.48 | SL: 2947.145 | Target: 3509.15 | Reward: -0.1119
2025-08-19 02:55:49,920 - DEBUG - STEP   63 | 18 August 17:40:32 | RELIANCE_1 | HOLD | Qty: 51941.5 | Capital: Rs100,000 -> Rs87,349 | P&L: Rs-12,651 | WR: 36.4% | Entry: 3134.48 | SL: 2947.145 | Target: 3509.15 | Reward: -0.0658
2025-08-19 02:55:50,145 - DEBUG - STEP   64 | 18 August 17:45:32 | RELIANCE_1 | CLOSE_LONG | Qty: 36612.34375 | Capital: Rs100,000 -> Rs84,407 | P&L: Rs-15,593 | WR: 34.8% | Entry: N/A | SL: N/A | Target: N/A | Reward: -3.0421
2025-08-19 02:55:50,374 - DEBUG - STEP   65 | 18 August 17:50:32 | RELIANCE_1 | SELL_SHORT | Qty: 37551.0859375 | Capital: Rs100,000 -> Rs84,382 | P&L: Rs-15,618 | WR: 34.8% | Entry: 3047.24 | SL: 3230.5849999999996 | Target: 2680.5499999999997 | Reward: -0.1231
2025-08-19 02:55:50,591 - DEBUG - STEP   66 | 18 August 17:55:32 | RELIANCE_1 | HOLD | Qty: 53335.03515625 | Capital: Rs100,000 -> Rs84,382 | P&L: Rs-15,618 | WR: 34.8% | Entry: 3047.24 | SL: 3230.5849999999996 | Target: 2680.5499999999997 | Reward: 1.0978
2025-08-19 02:55:50,824 - DEBUG - STEP   67 | 18 August 18:00:32 | RELIANCE_1 | HOLD | Qty: 60536.40234375 | Capital: Rs100,000 -> Rs84,382 | P&L: Rs-15,618 | WR: 34.8% | Entry: 3047.24 | SL: 3230.5849999999996 | Target: 2680.5499999999997 | Reward: -1.8593
2025-08-19 02:55:51,069 - DEBUG - STEP   68 | 18 August 18:05:32 | RELIANCE_1 | HOLD | Qty: 47144.609375 | Capital: Rs100,000 -> Rs79,396 | P&L: Rs-20,604 | WR: 33.3% | Entry: N/A | SL: N/A | Target: N/A | Reward: -5.1488 | Exit: STOP_LOSS_HIT
